Add Component: Footprint Not Found SOT230P700X180-4N
Add Component: Footprint Not Found SOT230P700X180-4N
Added Component: Designator=Bus Connector(G125-MH11205M4P)
Add component (AddParameter): Name = "Arrow Part Number"; Value = ""; VariantName = "[No Variations]"
Add component (AddParameter): Name = "Arrow Price/Stock"; Value = ""; VariantName = "[No Variations]"
Add component (AddParameter): Name = "Datasheet Link"; Value = "https://cdn.harwin.com/pdfs/G125-MH1XX05M4P.pdf"; VariantName = "[No Variations]"
Add component (AddParameter): Name = "Height"; Value = "5.3mm"; VariantName = "[No Variations]"
Add component (AddParameter): Name = "Manufacturer_Name"; Value = "Harwin"; VariantName = "[No Variations]"
Add component (AddParameter): Name = "Manufacturer_Part_Number"; Value = "G125-MH11205M4P"; VariantName = "[No Variations]"
Add component (AddParameter): Name = "Mouser Part Number"; Value = "855-G125MH1125M4PM4P"; VariantName = "[No Variations]"
Add component (AddParameter): Name = "Mouser Price/Stock"; Value = "https://www.mouser.co.uk/ProductDetail/Harwin/G125-MH11205M4P?qs=vHuUswq2%252BsyeSQnEtg%2Fjbw%3D%3D"; VariantName = "[No Variations]"
Added Component: Designator=C_F1(CAPC1608X95X40ML15T15)
Add component (AddParameter): Name = "Manufacturer"; Value = "Vitramon"; VariantName = "[No Variations]"
Add component (AddParameter): Name = "Part Number"; Value = "VJ0603Y104KXQCW1BC"; VariantName = "[No Variations]"
Added Component: Designator=C_F2(CAPC1608X95X40ML15T15)
Add component (AddParameter): Name = "Manufacturer"; Value = "Vitramon"; VariantName = "[No Variations]"
Add component (AddParameter): Name = "Part Number"; Value = "VJ0603Y104KXQCW1BC"; VariantName = "[No Variations]"
Added Component: Designator=C_F3(CAPC1608X95X40ML15T15)
Add component (AddParameter): Name = "Manufacturer"; Value = "Vitramon"; VariantName = "[No Variations]"
Add component (AddParameter): Name = "Part Number"; Value = "VJ0603Y104KXQCW1BC"; VariantName = "[No Variations]"
Added Component: Designator=C_F4(CAPC1608X95X40ML15T15)
Add component (AddParameter): Name = "Manufacturer"; Value = "Vitramon"; VariantName = "[No Variations]"
Add component (AddParameter): Name = "Part Number"; Value = "VJ0603Y104KXQCW1BC"; VariantName = "[No Variations]"
Added Component: Designator=C_F5(CAPC1608X95X40ML15T15)
Add component (AddParameter): Name = "Manufacturer"; Value = "Vitramon"; VariantName = "[No Variations]"
Add component (AddParameter): Name = "Part Number"; Value = "VJ0603Y104KXQCW1BC"; VariantName = "[No Variations]"
Added Component: Designator=C_F6(CAPC1608X95X40ML15T15)
Add component (AddParameter): Name = "Manufacturer"; Value = "Vitramon"; VariantName = "[No Variations]"
Add component (AddParameter): Name = "Part Number"; Value = "VJ0603Y104KXQCW1BC"; VariantName = "[No Variations]"
Added Component: Designator=High Power Output(G125-MH12005M4P)
Add component (AddParameter): Name = "Arrow Part Number"; Value = ""; VariantName = "[No Variations]"
Add component (AddParameter): Name = "Arrow Price/Stock"; Value = ""; VariantName = "[No Variations]"
Add component (AddParameter): Name = "Datasheet Link"; Value = "https://cdn.harwin.com/pdfs/G125-MH1XX05M4P.pdf"; VariantName = "[No Variations]"
Add component (AddParameter): Name = "Height"; Value = "5.3mm"; VariantName = "[No Variations]"
Add component (AddParameter): Name = "Manufacturer_Name"; Value = "Harwin"; VariantName = "[No Variations]"
Add component (AddParameter): Name = "Manufacturer_Part_Number"; Value = "G125-MH12005M4P"; VariantName = "[No Variations]"
Add component (AddParameter): Name = "Mouser Part Number"; Value = "855-G125MH1205M4PM4P"; VariantName = "[No Variations]"
Add component (AddParameter): Name = "Mouser Price/Stock"; Value = "https://www.mouser.co.uk/ProductDetail/Harwin/G125-MH12005M4P?qs=vHuUswq2%252Bsy%252BkqY0DryK%2FQ%3D%3D"; VariantName = "[No Variations]"
Added Component: Designator=R1_F1(J1-0603)
Add component (AddParameter): Name = "LatestRevisionDate"; Value = "29-May-2009"; VariantName = "[No Variations]"
Add component (AddParameter): Name = "LatestRevisionNote"; Value = "IPC-7351 Footprint Added."; VariantName = "[No Variations]"
Add component (AddParameter): Name = "PackageDescription"; Value = "Chip Resistor"; VariantName = "[No Variations]"
Add component (AddParameter): Name = "PackageReference"; Value = "J1-0603"; VariantName = "[No Variations]"
Add component (AddParameter): Name = "Published"; Value = "8-Jun-2000"; VariantName = "[No Variations]"
Add component (AddParameter): Name = "Publisher"; Value = "Altium Limited"; VariantName = "[No Variations]"
Add component (AddParameter): Name = "Value"; Value = "4.7k"; VariantName = "[No Variations]"
Added Component: Designator=R1_F2(J1-0603)
Add component (AddParameter): Name = "LatestRevisionDate"; Value = "29-May-2009"; VariantName = "[No Variations]"
Add component (AddParameter): Name = "LatestRevisionNote"; Value = "IPC-7351 Footprint Added."; VariantName = "[No Variations]"
Add component (AddParameter): Name = "PackageDescription"; Value = "Chip Resistor"; VariantName = "[No Variations]"
Add component (AddParameter): Name = "PackageReference"; Value = "J1-0603"; VariantName = "[No Variations]"
Add component (AddParameter): Name = "Published"; Value = "8-Jun-2000"; VariantName = "[No Variations]"
Add component (AddParameter): Name = "Publisher"; Value = "Altium Limited"; VariantName = "[No Variations]"
Add component (AddParameter): Name = "Value"; Value = "4.7k"; VariantName = "[No Variations]"
Added Component: Designator=R1_F3(J1-0603)
Add component (AddParameter): Name = "LatestRevisionDate"; Value = "29-May-2009"; VariantName = "[No Variations]"
Add component (AddParameter): Name = "LatestRevisionNote"; Value = "IPC-7351 Footprint Added."; VariantName = "[No Variations]"
Add component (AddParameter): Name = "PackageDescription"; Value = "Chip Resistor"; VariantName = "[No Variations]"
Add component (AddParameter): Name = "PackageReference"; Value = "J1-0603"; VariantName = "[No Variations]"
Add component (AddParameter): Name = "Published"; Value = "8-Jun-2000"; VariantName = "[No Variations]"
Add component (AddParameter): Name = "Publisher"; Value = "Altium Limited"; VariantName = "[No Variations]"
Add component (AddParameter): Name = "Value"; Value = "4.7k"; VariantName = "[No Variations]"
Added Component: Designator=R1_F4(J1-0603)
Add component (AddParameter): Name = "LatestRevisionDate"; Value = "29-May-2009"; VariantName = "[No Variations]"
Add component (AddParameter): Name = "LatestRevisionNote"; Value = "IPC-7351 Footprint Added."; VariantName = "[No Variations]"
Add component (AddParameter): Name = "PackageDescription"; Value = "Chip Resistor"; VariantName = "[No Variations]"
Add component (AddParameter): Name = "PackageReference"; Value = "J1-0603"; VariantName = "[No Variations]"
Add component (AddParameter): Name = "Published"; Value = "8-Jun-2000"; VariantName = "[No Variations]"
Add component (AddParameter): Name = "Publisher"; Value = "Altium Limited"; VariantName = "[No Variations]"
Add component (AddParameter): Name = "Value"; Value = "4.7k"; VariantName = "[No Variations]"
Added Component: Designator=R1_F5(J1-0603)
Add component (AddParameter): Name = "LatestRevisionDate"; Value = "29-May-2009"; VariantName = "[No Variations]"
Add component (AddParameter): Name = "LatestRevisionNote"; Value = "IPC-7351 Footprint Added."; VariantName = "[No Variations]"
Add component (AddParameter): Name = "PackageDescription"; Value = "Chip Resistor"; VariantName = "[No Variations]"
Add component (AddParameter): Name = "PackageReference"; Value = "J1-0603"; VariantName = "[No Variations]"
Add component (AddParameter): Name = "Published"; Value = "8-Jun-2000"; VariantName = "[No Variations]"
Add component (AddParameter): Name = "Publisher"; Value = "Altium Limited"; VariantName = "[No Variations]"
Add component (AddParameter): Name = "Value"; Value = "4.7k"; VariantName = "[No Variations]"
Added Component: Designator=R1_F6(J1-0603)
Add component (AddParameter): Name = "LatestRevisionDate"; Value = "29-May-2009"; VariantName = "[No Variations]"
Add component (AddParameter): Name = "LatestRevisionNote"; Value = "IPC-7351 Footprint Added."; VariantName = "[No Variations]"
Add component (AddParameter): Name = "PackageDescription"; Value = "Chip Resistor"; VariantName = "[No Variations]"
Add component (AddParameter): Name = "PackageReference"; Value = "J1-0603"; VariantName = "[No Variations]"
Add component (AddParameter): Name = "Published"; Value = "8-Jun-2000"; VariantName = "[No Variations]"
Add component (AddParameter): Name = "Publisher"; Value = "Altium Limited"; VariantName = "[No Variations]"
Add component (AddParameter): Name = "Value"; Value = "4.7k"; VariantName = "[No Variations]"
Added Component: Designator=R2_F1(J1-0603)
Add component (AddParameter): Name = "LatestRevisionDate"; Value = "29-May-2009"; VariantName = "[No Variations]"
Add component (AddParameter): Name = "LatestRevisionNote"; Value = "IPC-7351 Footprint Added."; VariantName = "[No Variations]"
Add component (AddParameter): Name = "PackageDescription"; Value = "Chip Resistor"; VariantName = "[No Variations]"
Add component (AddParameter): Name = "PackageReference"; Value = "J1-0603"; VariantName = "[No Variations]"
Add component (AddParameter): Name = "Published"; Value = "8-Jun-2000"; VariantName = "[No Variations]"
Add component (AddParameter): Name = "Publisher"; Value = "Altium Limited"; VariantName = "[No Variations]"
Add component (AddParameter): Name = "Value"; Value = "1.5k"; VariantName = "[No Variations]"
Added Component: Designator=R2_F2(J1-0603)
Add component (AddParameter): Name = "LatestRevisionDate"; Value = "29-May-2009"; VariantName = "[No Variations]"
Add component (AddParameter): Name = "LatestRevisionNote"; Value = "IPC-7351 Footprint Added."; VariantName = "[No Variations]"
Add component (AddParameter): Name = "PackageDescription"; Value = "Chip Resistor"; VariantName = "[No Variations]"
Add component (AddParameter): Name = "PackageReference"; Value = "J1-0603"; VariantName = "[No Variations]"
Add component (AddParameter): Name = "Published"; Value = "8-Jun-2000"; VariantName = "[No Variations]"
Add component (AddParameter): Name = "Publisher"; Value = "Altium Limited"; VariantName = "[No Variations]"
Add component (AddParameter): Name = "Value"; Value = "1.5k"; VariantName = "[No Variations]"
Added Component: Designator=R2_F3(J1-0603)
Add component (AddParameter): Name = "LatestRevisionDate"; Value = "29-May-2009"; VariantName = "[No Variations]"
Add component (AddParameter): Name = "LatestRevisionNote"; Value = "IPC-7351 Footprint Added."; VariantName = "[No Variations]"
Add component (AddParameter): Name = "PackageDescription"; Value = "Chip Resistor"; VariantName = "[No Variations]"
Add component (AddParameter): Name = "PackageReference"; Value = "J1-0603"; VariantName = "[No Variations]"
Add component (AddParameter): Name = "Published"; Value = "8-Jun-2000"; VariantName = "[No Variations]"
Add component (AddParameter): Name = "Publisher"; Value = "Altium Limited"; VariantName = "[No Variations]"
Add component (AddParameter): Name = "Value"; Value = "1.5k"; VariantName = "[No Variations]"
Added Component: Designator=R2_F4(J1-0603)
Add component (AddParameter): Name = "LatestRevisionDate"; Value = "29-May-2009"; VariantName = "[No Variations]"
Add component (AddParameter): Name = "LatestRevisionNote"; Value = "IPC-7351 Footprint Added."; VariantName = "[No Variations]"
Add component (AddParameter): Name = "PackageDescription"; Value = "Chip Resistor"; VariantName = "[No Variations]"
Add component (AddParameter): Name = "PackageReference"; Value = "J1-0603"; VariantName = "[No Variations]"
Add component (AddParameter): Name = "Published"; Value = "8-Jun-2000"; VariantName = "[No Variations]"
Add component (AddParameter): Name = "Publisher"; Value = "Altium Limited"; VariantName = "[No Variations]"
Add component (AddParameter): Name = "Value"; Value = "1.5k"; VariantName = "[No Variations]"
Added Component: Designator=R2_F5(J1-0603)
Add component (AddParameter): Name = "LatestRevisionDate"; Value = "29-May-2009"; VariantName = "[No Variations]"
Add component (AddParameter): Name = "LatestRevisionNote"; Value = "IPC-7351 Footprint Added."; VariantName = "[No Variations]"
Add component (AddParameter): Name = "PackageDescription"; Value = "Chip Resistor"; VariantName = "[No Variations]"
Add component (AddParameter): Name = "PackageReference"; Value = "J1-0603"; VariantName = "[No Variations]"
Add component (AddParameter): Name = "Published"; Value = "8-Jun-2000"; VariantName = "[No Variations]"
Add component (AddParameter): Name = "Publisher"; Value = "Altium Limited"; VariantName = "[No Variations]"
Add component (AddParameter): Name = "Value"; Value = "1.5k"; VariantName = "[No Variations]"
Added Component: Designator=R2_F6(J1-0603)
Add component (AddParameter): Name = "LatestRevisionDate"; Value = "29-May-2009"; VariantName = "[No Variations]"
Add component (AddParameter): Name = "LatestRevisionNote"; Value = "IPC-7351 Footprint Added."; VariantName = "[No Variations]"
Add component (AddParameter): Name = "PackageDescription"; Value = "Chip Resistor"; VariantName = "[No Variations]"
Add component (AddParameter): Name = "PackageReference"; Value = "J1-0603"; VariantName = "[No Variations]"
Add component (AddParameter): Name = "Published"; Value = "8-Jun-2000"; VariantName = "[No Variations]"
Add component (AddParameter): Name = "Publisher"; Value = "Altium Limited"; VariantName = "[No Variations]"
Add component (AddParameter): Name = "Value"; Value = "1.5k"; VariantName = "[No Variations]"
Add Pin To Net: Unknown Pin: Pin 3.3V LVR-1
Add Pin To Net: Unknown Pin: Pin 3.3V LVR-2
Add Pin To Net: Unknown Pin: Pin 3.3V LVR-3
Add Pin To Net: Unknown Pin: Pin 3.3V LVR-4
Add Pin To Net: Unknown Pin: Pin 5V LVR-1
Add Pin To Net: Unknown Pin: Pin 5V LVR-2
Add Pin To Net: Unknown Pin: Pin 5V LVR-3
Add Pin To Net: Unknown Pin: Pin 5V LVR-4
Added Pin To Net: NetName=BAT+ Pin=Bus Connector-1
Added Pin To Net: NetName=GND Pin=Bus Connector-2
Added Pin To Net: NetName=NetLabel122 Pin=Bus Connector-3
Added Pin To Net: NetName=NetLabel121 Pin=Bus Connector-4
Added Pin To Net: NetName=CANH1 Pin=Bus Connector-5
Added Pin To Net: NetName=CANL1 Pin=Bus Connector-6
Added Pin To Net: NetName=BAT+ Pin=Bus Connector-7
Added Pin To Net: NetName=GND Pin=Bus Connector-8
Added Pin To Net: NetName=NetLabel118 Pin=Bus Connector-9
Added Pin To Net: NetName=NetLabel117 Pin=Bus Connector-10
Added Pin To Net: NetName=CANH2 Pin=Bus Connector-11
Added Pin To Net: NetName=CANL2 Pin=Bus Connector-12
Added Pin To Net: NetName=GND Pin=C_F1-1
Added Pin To Net: NetName=GND Pin=C_F2-1
Added Pin To Net: NetName=GND Pin=C_F3-1
Added Pin To Net: NetName=GND Pin=C_F4-1
Added Pin To Net: NetName=GND Pin=C_F5-1
Added Pin To Net: NetName=GND Pin=C_F6-1
Added Pin To Net: NetName=HPO D1 Pin=High Power Output-1
Added Pin To Net: NetName=HPO D2 Pin=High Power Output-2
Added Pin To Net: NetName=HPO D3 Pin=High Power Output-3
Added Pin To Net: NetName=HPO D4 Pin=High Power Output-4
Added Pin To Net: NetName=HPO D5 Pin=High Power Output-5
Added Pin To Net: NetName=HPO D6 Pin=High Power Output-6
Added Pin To Net: NetName=HPO D7 Pin=High Power Output-7
Added Pin To Net: NetName=HPO D8 Pin=High Power Output-8
Added Pin To Net: NetName=HPO D9 Pin=High Power Output-9
Added Pin To Net: NetName=HPO D10 Pin=High Power Output-10
Added Pin To Net: NetName=BAT+ Pin=High Power Output-11
Added Pin To Net: NetName=BAT+ Pin=High Power Output-12
Added Pin To Net: NetName=BAT+ Pin=High Power Output-13
Added Pin To Net: NetName=BAT+ Pin=High Power Output-14
Added Pin To Net: NetName=BAT+ Pin=High Power Output-15
Added Pin To Net: NetName=BAT+ Pin=High Power Output-16
Added Pin To Net: NetName=BAT+ Pin=High Power Output-17
Added Pin To Net: NetName=BAT+ Pin=High Power Output-18
Added Pin To Net: NetName=BAT+ Pin=High Power Output-19
Added Pin To Net: NetName=BAT+ Pin=High Power Output-20
Added Pin To Net: NetName=GND Pin=R2_F1-2
Added Pin To Net: NetName=GND Pin=R2_F2-2
Added Pin To Net: NetName=GND Pin=R2_F3-2
Added Pin To Net: NetName=GND Pin=R2_F4-2
Added Pin To Net: NetName=GND Pin=R2_F5-2
Added Pin To Net: NetName=GND Pin=R2_F6-2
Added Pin To Net: NetName=NetC_F1_2 Pin=C_F1-2
Added Pin To Net: NetName=NetC_F1_2 Pin=R1_F1-2
Added Pin To Net: NetName=NetC_F1_2 Pin=R2_F1-1
Added Net: Name=NetC_F1_2
Added Pin To Net: NetName=NetC_F2_2 Pin=C_F2-2
Added Pin To Net: NetName=NetC_F2_2 Pin=R1_F2-2
Added Pin To Net: NetName=NetC_F2_2 Pin=R2_F2-1
Added Net: Name=NetC_F2_2
Added Pin To Net: NetName=NetC_F3_2 Pin=C_F3-2
Added Pin To Net: NetName=NetC_F3_2 Pin=R1_F3-2
Added Pin To Net: NetName=NetC_F3_2 Pin=R2_F3-1
Added Net: Name=NetC_F3_2
Added Pin To Net: NetName=NetC_F4_2 Pin=C_F4-2
Added Pin To Net: NetName=NetC_F4_2 Pin=R1_F4-2
Added Pin To Net: NetName=NetC_F4_2 Pin=R2_F4-1
Added Net: Name=NetC_F4_2
Added Pin To Net: NetName=NetC_F5_2 Pin=C_F5-2
Added Pin To Net: NetName=NetC_F5_2 Pin=R1_F5-2
Added Pin To Net: NetName=NetC_F5_2 Pin=R2_F5-1
Added Net: Name=NetC_F5_2
Added Pin To Net: NetName=NetC_F6_2 Pin=C_F6-2
Added Pin To Net: NetName=NetC_F6_2 Pin=R1_F6-2
Added Pin To Net: NetName=NetC_F6_2 Pin=R2_F6-1
Added Net: Name=NetC_F6_2
Added Pin To Net: NetName=NetR1_F1_1 Pin=R1_F1-1
Added Net: Name=NetR1_F1_1
Added Pin To Net: NetName=NetR1_F2_1 Pin=R1_F2-1
Added Net: Name=NetR1_F2_1
Added Pin To Net: NetName=NetR1_F3_1 Pin=R1_F3-1
Added Net: Name=NetR1_F3_1
Added Pin To Net: NetName=NetR1_F4_1 Pin=R1_F4-1
Added Net: Name=NetR1_F4_1
Added Pin To Net: NetName=NetR1_F5_1 Pin=R1_F5-1
Added Net: Name=NetR1_F5_1
Added Pin To Net: NetName=NetR1_F6_1 Pin=R1_F6-1
Added Net: Name=NetR1_F6_1
Added Class: Name=F1
Added Class: Name=F2
Added Class: Name=F3
Added Class: Name=F4
Added Class: Name=F5
Added Class: Name=F6
Added Class: Name=Analog Signal Filter
Add Class Member: Failed to add class member : Component 3.3V LVR AZ1117CH2-3.3TRG1
Add Class Member: Failed to add class member : Component 5V LVR AZ1117CH2-5.0TRG1
Added Member To Class: ClassName=Sheet1 Member=Component Bus Connector G125-MH11205M4P
Added Member To Class: ClassName=Sheet1 Member=Component High Power Output G125-MH12005M4P
Added Room: Name=F1
Added Room: Name=F2
Added Room: Name=F3
Added Room: Name=F4
Added Room: Name=F5
Added Room: Name=F6
