Removed Member From Class: ClassName=Sheet1 Member=IC?
Change Component Designator: OldDesignator=C601 NewDesignator=C603
Change Component Designator: OldDesignator=C603 NewDesignator=C604
Added Component: Designator=C301(CAPC1608X95X40ML15T15)
Add component (AddParameter): Name = "Manufacturer"; Value = "Vitramon"; VariantName = "[No Variations]"
Add component (AddParameter): Name = "Part Number"; Value = "VJ0603Y104KXQCW1BC"; VariantName = "[No Variations]"
Added Component: Designator=C601(CAPC1608X95X40ML15T15)
Add component (AddParameter): Name = "Manufacturer"; Value = "Vitramon"; VariantName = "[No Variations]"
Add component (AddParameter): Name = "Part Number"; Value = "VJ0603Y104KXQCW1BC"; VariantName = "[No Variations]"
Added Component: Designator=R305(J1-0603)
Add component (AddParameter): Name = "LatestRevisionDate"; Value = "29-May-2009"; VariantName = "[No Variations]"
Add component (AddParameter): Name = "LatestRevisionNote"; Value = "IPC-7351 Footprint Added."; VariantName = "[No Variations]"
Add component (AddParameter): Name = "PackageDescription"; Value = "Chip Resistor"; VariantName = "[No Variations]"
Add component (AddParameter): Name = "PackageReference"; Value = "J1-0603"; VariantName = "[No Variations]"
Add component (AddParameter): Name = "Published"; Value = "8-Jun-2000"; VariantName = "[No Variations]"
Add component (AddParameter): Name = "Publisher"; Value = "Altium Limited"; VariantName = "[No Variations]"
Add component (AddParameter): Name = "Value"; Value = "120"; VariantName = "[No Variations]"
Added Component: Designator=R306(J1-0603)
Add component (AddParameter): Name = "LatestRevisionDate"; Value = "29-May-2009"; VariantName = "[No Variations]"
Add component (AddParameter): Name = "LatestRevisionNote"; Value = "IPC-7351 Footprint Added."; VariantName = "[No Variations]"
Add component (AddParameter): Name = "PackageDescription"; Value = "Chip Resistor"; VariantName = "[No Variations]"
Add component (AddParameter): Name = "PackageReference"; Value = "J1-0603"; VariantName = "[No Variations]"
Add component (AddParameter): Name = "Published"; Value = "8-Jun-2000"; VariantName = "[No Variations]"
Add component (AddParameter): Name = "Publisher"; Value = "Altium Limited"; VariantName = "[No Variations]"
Add component (AddParameter): Name = "Value"; Value = "120"; VariantName = "[No Variations]"
Added Component: Designator=RS-485(SOIC127P600X175-8N)
Add component (AddParameter): Name = "Datasheet Link"; Value = "http://www.ti.com/lit/gpn/sn65lbc179"; VariantName = "[No Variations]"
Add component (AddParameter): Name = "Height"; Value = "1.75mm"; VariantName = "[No Variations]"
Add component (AddParameter): Name = "Manufacturer_Name"; Value = "Texas Instruments"; VariantName = "[No Variations]"
Add component (AddParameter): Name = "Manufacturer_Part_Number"; Value = "SN65LBC179D"; VariantName = "[No Variations]"
Add component (AddParameter): Name = "Mouser2 Part Number"; Value = ""; VariantName = "[No Variations]"
Add component (AddParameter): Name = "Mouser2 Price/Stock"; Value = ""; VariantName = "[No Variations]"
Added Pin To Net: NetName=GND Pin=C601-1
Added Pin To Net: NetName=3.3V Pin=C601-2
Added Pin To Net: NetName=NetC301_1 Pin=C301-1
Added Pin To Net: NetName=NetC301_1 Pin=RS-485-4
Added Net: Name=NetC301_1
Added Pin To Net: NetName=NetC301_2 Pin=C301-2
Added Pin To Net: NetName=NetC301_2 Pin=RS-485-1
Added Net: Name=NetC301_2
Added Pin To Net: NetName=RS485 A Pin=R305-2
Added Pin To Net: NetName=RS485 A Pin=RS-485-8
Added Net: Name=RS485 A
Added Pin To Net: NetName=RS485 B Pin=R305-1
Added Pin To Net: NetName=RS485 B Pin=RS-485-7
Added Net: Name=RS485 B
Added Pin To Net: NetName=RS485 D Pin=RS-485-3
Added Net: Name=RS485 D
Added Pin To Net: NetName=RS485 R Pin=RS-485-2
Added Net: Name=RS485 R
Added Pin To Net: NetName=RS485 Y Pin=R306-2
Added Pin To Net: NetName=RS485 Y Pin=RS-485-5
Added Net: Name=RS485 Y
Added Pin To Net: NetName=RS485 Z Pin=R306-1
Added Pin To Net: NetName=RS485 Z Pin=RS-485-6
Added Net: Name=RS485 Z
Add Differential Pair: Number of nets in differential pair CANH is 1 instead of 2
Add Differential Pair: Number of nets in differential pair CANL is 1 instead of 2
Add Differential Pair: Number of nets in differential pair RS485 A is 1 instead of 2
Add Differential Pair: Number of nets in differential pair RS485 B is 1 instead of 2
Add Differential Pair: Number of nets in differential pair RS485 Y is 1 instead of 2
Add Differential Pair: Number of nets in differential pair RS485 Z is 1 instead of 2
Added Member To Class: ClassName=Sheet1 Member=Component C301 100nF
Added Member To Class: ClassName=Sheet1 Member=Component C604 10uF
Added Member To Class: ClassName=Sheet1 Member=Component R305 0603
Added Member To Class: ClassName=Sheet1 Member=Component R306 0603
Added Member To Class: ClassName=Sheet1 Member=Component RS-485 SN65LBC179D
