Removed Member From Class: ClassName=NOR Flash Member=CIN1
Removed Member From Class: ClassName=NOR Flash Member=CIN2
Removed Member From Class: ClassName=NOR Flash Member=CIN3
Removed Member From Class: ClassName=NOR Flash Member=CIN4
Removed Member From Class: ClassName=NOR Flash Member=CIN5
Removed Member From Class: ClassName=NOR Flash Member=CIN6
Removed Member From Class: ClassName=NOR Flash Member=CIN7
Removed Member From Class: ClassName=NOR Flash Member=CIN8
Change Component Designator: OldDesignator=C51_CIN1 NewDesignator=C51_1
Change Component Designator: OldDesignator=C51_CIN2 NewDesignator=C51_2
Change Component Designator: OldDesignator=C51_CIN3 NewDesignator=C51_3
Change Component Designator: OldDesignator=C51_CIN4 NewDesignator=C51_4
Change Component Designator: OldDesignator=C51_CIN5 NewDesignator=C51_5
Change Component Designator: OldDesignator=C51_CIN6 NewDesignator=C51_6
Change Component Designator: OldDesignator=C51_CIN7 NewDesignator=C51_7
Change Component Designator: OldDesignator=C51_CIN8 NewDesignator=C51_8
Change Component Designator: OldDesignator=NOR?_CIN1 NewDesignator=NOR?_1
Change Component Designator: OldDesignator=NOR?_CIN2 NewDesignator=NOR?_2
Change Component Designator: OldDesignator=NOR?_CIN3 NewDesignator=NOR?_3
Change Component Designator: OldDesignator=NOR?_CIN4 NewDesignator=NOR?_4
Change Component Designator: OldDesignator=NOR?_CIN5 NewDesignator=NOR?_5
Change Component Designator: OldDesignator=NOR?_CIN6 NewDesignator=NOR?_6
Change Component Designator: OldDesignator=NOR?_CIN7 NewDesignator=NOR?_7
Change Component Designator: OldDesignator=NOR?_CIN8 NewDesignator=NOR?_8
Change Component Designator: OldDesignator=R51_CIN1 NewDesignator=R51_1
Change Component Designator: OldDesignator=R51_CIN2 NewDesignator=R51_2
Change Component Designator: OldDesignator=R51_CIN3 NewDesignator=R51_3
Change Component Designator: OldDesignator=R51_CIN4 NewDesignator=R51_4
Change Component Designator: OldDesignator=R51_CIN5 NewDesignator=R51_5
Change Component Designator: OldDesignator=R51_CIN6 NewDesignator=R51_6
Change Component Designator: OldDesignator=R51_CIN7 NewDesignator=R51_7
Change Component Designator: OldDesignator=R51_CIN8 NewDesignator=R51_8
Change Component Designator: OldDesignator=R52_CIN1 NewDesignator=R52_1
Change Component Designator: OldDesignator=R52_CIN2 NewDesignator=R52_2
Change Component Designator: OldDesignator=R52_CIN3 NewDesignator=R52_3
Change Component Designator: OldDesignator=R52_CIN4 NewDesignator=R52_4
Change Component Designator: OldDesignator=R52_CIN5 NewDesignator=R52_5
Change Component Designator: OldDesignator=R52_CIN6 NewDesignator=R52_6
Change Component Designator: OldDesignator=R52_CIN7 NewDesignator=R52_7
Change Component Designator: OldDesignator=R52_CIN8 NewDesignator=R52_8
Change Component Designator: OldDesignator=R53_CIN1 NewDesignator=R53_1
Change Component Designator: OldDesignator=R53_CIN2 NewDesignator=R53_2
Change Component Designator: OldDesignator=R53_CIN3 NewDesignator=R53_3
Change Component Designator: OldDesignator=R53_CIN4 NewDesignator=R53_4
Change Component Designator: OldDesignator=R53_CIN5 NewDesignator=R53_5
Change Component Designator: OldDesignator=R53_CIN6 NewDesignator=R53_6
Change Component Designator: OldDesignator=R53_CIN7 NewDesignator=R53_7
Change Component Designator: OldDesignator=R53_CIN8 NewDesignator=R53_8
Change Net Name : Old Net Name=3.3V_CIN1 New Net Name=3.3V_1
Change Net Name : Old Net Name=3.3V_CIN2 New Net Name=3.3V_2
Change Net Name : Old Net Name=3.3V_CIN3 New Net Name=3.3V_3
Change Net Name : Old Net Name=3.3V_CIN4 New Net Name=3.3V_4
Change Net Name : Old Net Name=3.3V_CIN5 New Net Name=3.3V_5
Change Net Name : Old Net Name=3.3V_CIN6 New Net Name=3.3V_6
Change Net Name : Old Net Name=3.3V_CIN7 New Net Name=3.3V_7
Change Net Name : Old Net Name=3.3V_CIN8 New Net Name=3.3V_8
Change Net Name : Old Net Name=MISO_CIN1 New Net Name=MISO_1
Change Net Name : Old Net Name=MISO_CIN2 New Net Name=MISO_2
Change Net Name : Old Net Name=MISO_CIN3 New Net Name=MISO_3
Change Net Name : Old Net Name=MISO_CIN4 New Net Name=MISO_4
Change Net Name : Old Net Name=MISO_CIN5 New Net Name=MISO_5
Change Net Name : Old Net Name=MISO_CIN6 New Net Name=MISO_6
Change Net Name : Old Net Name=MISO_CIN7 New Net Name=MISO_7
Change Net Name : Old Net Name=MISO_CIN8 New Net Name=MISO_8
Change Net Name : Old Net Name=MOSI_CIN1 New Net Name=MOSI_1
Change Net Name : Old Net Name=MOSI_CIN2 New Net Name=MOSI_2
Change Net Name : Old Net Name=MOSI_CIN3 New Net Name=MOSI_3
Change Net Name : Old Net Name=MOSI_CIN4 New Net Name=MOSI_4
Change Net Name : Old Net Name=MOSI_CIN5 New Net Name=MOSI_5
Change Net Name : Old Net Name=MOSI_CIN6 New Net Name=MOSI_6
Change Net Name : Old Net Name=MOSI_CIN7 New Net Name=MOSI_7
Change Net Name : Old Net Name=MOSI_CIN8 New Net Name=MOSI_8
Change Net Name : Old Net Name=NetNOR?_CIN1_1 New Net Name=NetNOR?_1_1
Change Net Name : Old Net Name=NetNOR?_CIN1_3 New Net Name=NetNOR?_1_3
Change Net Name : Old Net Name=NetNOR?_CIN1_7 New Net Name=NetNOR?_1_7
Change Net Name : Old Net Name=NetNOR?_CIN2_3 New Net Name=NetNOR?_2_3
Change Net Name : Old Net Name=NetNOR?_CIN2_7 New Net Name=NetNOR?_2_7
Change Net Name : Old Net Name=NetNOR?_CIN3_3 New Net Name=NetNOR?_3_3
Change Net Name : Old Net Name=NetNOR?_CIN3_7 New Net Name=NetNOR?_3_7
Change Net Name : Old Net Name=NetNOR?_CIN4_3 New Net Name=NetNOR?_4_3
Change Net Name : Old Net Name=NetNOR?_CIN4_7 New Net Name=NetNOR?_4_7
Change Net Name : Old Net Name=NetNOR?_CIN5_3 New Net Name=NetNOR?_5_3
Change Net Name : Old Net Name=NetNOR?_CIN5_7 New Net Name=NetNOR?_5_7
Change Net Name : Old Net Name=NetNOR?_CIN6_3 New Net Name=NetNOR?_6_3
Change Net Name : Old Net Name=NetNOR?_CIN6_7 New Net Name=NetNOR?_6_7
Change Net Name : Old Net Name=NetNOR?_CIN7_3 New Net Name=NetNOR?_7_3
Change Net Name : Old Net Name=NetNOR?_CIN7_7 New Net Name=NetNOR?_7_7
Change Net Name : Old Net Name=NetNOR?_CIN8_3 New Net Name=NetNOR?_8_3
Change Net Name : Old Net Name=NetNOR?_CIN8_7 New Net Name=NetNOR?_8_7
Change Net Name : Old Net Name=SCLK_CIN1 New Net Name=SCLK_1
Change Net Name : Old Net Name=SCLK_CIN2 New Net Name=SCLK_2
Change Net Name : Old Net Name=SCLK_CIN3 New Net Name=SCLK_3
Change Net Name : Old Net Name=SCLK_CIN4 New Net Name=SCLK_4
Change Net Name : Old Net Name=SCLK_CIN5 New Net Name=SCLK_5
Change Net Name : Old Net Name=SCLK_CIN6 New Net Name=SCLK_6
Change Net Name : Old Net Name=SCLK_CIN7 New Net Name=SCLK_7
Change Net Name : Old Net Name=SCLK_CIN8 New Net Name=SCLK_8
Change Class Name : Old Net Name=CIN1 New Net Name=1
Change Class Name : Old Net Name=CIN2 New Net Name=2
Change Class Name : Old Net Name=CIN3 New Net Name=3
Change Class Name : Old Net Name=CIN4 New Net Name=4
Change Class Name : Old Net Name=CIN5 New Net Name=5
Change Class Name : Old Net Name=CIN6 New Net Name=6
Change Class Name : Old Net Name=CIN7 New Net Name=7
Change Class Name : Old Net Name=CIN8 New Net Name=8
Added Member To Class: ClassName=Sheet1 Member=Component P? 47589-0001
Added Member To Class: ClassName=Sheet1 Member=Component Y? CX2016DB40000D0FLJCC
Added Member To Class: ClassName=NOR Flash Member=1 (NOR Flash.SchDoc)
Added Member To Class: ClassName=NOR Flash Member=2 (NOR Flash.SchDoc)
Added Member To Class: ClassName=NOR Flash Member=3 (NOR Flash.SchDoc)
Added Member To Class: ClassName=NOR Flash Member=4 (NOR Flash.SchDoc)
Added Member To Class: ClassName=NOR Flash Member=5 (NOR Flash.SchDoc)
Added Member To Class: ClassName=NOR Flash Member=6 (NOR Flash.SchDoc)
Added Member To Class: ClassName=NOR Flash Member=7 (NOR Flash.SchDoc)
Added Member To Class: ClassName=NOR Flash Member=8 (NOR Flash.SchDoc)
