Removed Pin From Net: NetName=BAT+ Pin=Bus Connector-1
Removed Pin From Net: NetName=GND Pin=Bus Connector-2
Removed Pin From Net: NetName=CANH1 Pin=Bus Connector-5
Removed Pin From Net: NetName=CANL1 Pin=Bus Connector-6
Removed Pin From Net: NetName=BAT+ Pin=Bus Connector-7
Removed Pin From Net: NetName=GND Pin=Bus Connector-8
Removed Pin From Net: NetName=CANH2 Pin=Bus Connector-11
Removed Pin From Net: NetName=CANL2 Pin=Bus Connector-12
Removed Pin From Net: NetName=HPO D1 Pin=High Power Output-1
Removed Pin From Net: NetName=HPO D2 Pin=High Power Output-2
Removed Pin From Net: NetName=HPO D3 Pin=High Power Output-3
Removed Pin From Net: NetName=HPO D4 Pin=High Power Output-4
Removed Pin From Net: NetName=HPO D5 Pin=High Power Output-5
Removed Pin From Net: NetName=HPO D6 Pin=High Power Output-6
Removed Pin From Net: NetName=HPO D7 Pin=High Power Output-7
Removed Pin From Net: NetName=HPO D8 Pin=High Power Output-8
Removed Pin From Net: NetName=HPO D9 Pin=High Power Output-9
Removed Pin From Net: NetName=HPO D10 Pin=High Power Output-10
Removed Pin From Net: NetName=BAT+ Pin=High Power Output-11
Removed Pin From Net: NetName=BAT+ Pin=High Power Output-12
Removed Pin From Net: NetName=BAT+ Pin=High Power Output-13
Removed Pin From Net: NetName=BAT+ Pin=High Power Output-14
Removed Pin From Net: NetName=BAT+ Pin=High Power Output-15
Removed Pin From Net: NetName=BAT+ Pin=High Power Output-16
Removed Pin From Net: NetName=BAT+ Pin=High Power Output-17
Removed Pin From Net: NetName=BAT+ Pin=High Power Output-18
Removed Pin From Net: NetName=BAT+ Pin=High Power Output-19
Removed Pin From Net: NetName=BAT+ Pin=High Power Output-20
Removed Member From Class: ClassName=Sheet1 Member=Bus Connector
Removed Member From Class: ClassName=Sheet1 Member=High Power Output
Added Component: Designator=High Power Output and Bus Connector(G125-MH15005M4P)
Add component (AddParameter): Name = "Arrow Part Number"; Value = ""; VariantName = "[No Variations]"
Add component (AddParameter): Name = "Arrow Price/Stock"; Value = ""; VariantName = "[No Variations]"
Add component (AddParameter): Name = "Datasheet Link"; Value = "https://cdn.harwin.com/pdfs/G125-MH1XX05M4P.pdf"; VariantName = "[No Variations]"
Add component (AddParameter): Name = "Height"; Value = "5.3mm"; VariantName = "[No Variations]"
Add component (AddParameter): Name = "Manufacturer_Name"; Value = "Harwin"; VariantName = "[No Variations]"
Add component (AddParameter): Name = "Manufacturer_Part_Number"; Value = "G125-MH15005M4P"; VariantName = "[No Variations]"
Add component (AddParameter): Name = "Mouser Part Number"; Value = "855-G125MH1505M4PM4P"; VariantName = "[No Variations]"
Add component (AddParameter): Name = "Mouser Price/Stock"; Value = "https://www.mouser.co.uk/ProductDetail/Harwin/G125-MH15005M4P?qs=vHuUswq2%252Bsyt0BUylu0n%252Bg%3D%3D"; VariantName = "[No Variations]"
Add Component: Footprint Not Found QFN50P700X700X100-49N-D
Added Pin To Net: NetName=HPO D1 Pin=High Power Output and Bus Connector-1
Added Pin To Net: NetName=BAT+ Pin=High Power Output and Bus Connector-2
Added Pin To Net: NetName=HPO D2 Pin=High Power Output and Bus Connector-3
Added Pin To Net: NetName=BAT+ Pin=High Power Output and Bus Connector-4
Added Pin To Net: NetName=HPO D3 Pin=High Power Output and Bus Connector-5
Added Pin To Net: NetName=BAT+ Pin=High Power Output and Bus Connector-6
Added Pin To Net: NetName=HPO D4 Pin=High Power Output and Bus Connector-7
Added Pin To Net: NetName=BAT+ Pin=High Power Output and Bus Connector-8
Added Pin To Net: NetName=HPO D5 Pin=High Power Output and Bus Connector-9
Added Pin To Net: NetName=BAT+ Pin=High Power Output and Bus Connector-10
Added Pin To Net: NetName=HPO D6 Pin=High Power Output and Bus Connector-11
Added Pin To Net: NetName=BAT+ Pin=High Power Output and Bus Connector-12
Added Pin To Net: NetName=HPO D7 Pin=High Power Output and Bus Connector-13
Added Pin To Net: NetName=BAT+ Pin=High Power Output and Bus Connector-14
Added Pin To Net: NetName=HPO D8 Pin=High Power Output and Bus Connector-15
Added Pin To Net: NetName=BAT+ Pin=High Power Output and Bus Connector-16
Added Pin To Net: NetName=HPO D9 Pin=High Power Output and Bus Connector-17
Added Pin To Net: NetName=BAT+ Pin=High Power Output and Bus Connector-18
Added Pin To Net: NetName=HPO D10 Pin=High Power Output and Bus Connector-19
Added Pin To Net: NetName=BAT+ Pin=High Power Output and Bus Connector-20
Added Pin To Net: NetName=CANL2 Pin=High Power Output and Bus Connector-21
Added Pin To Net: NetName=CANH2 Pin=High Power Output and Bus Connector-22
Added Pin To Net: NetName=GND Pin=High Power Output and Bus Connector-25
Added Pin To Net: NetName=HPO D1 Pin=High Power Output and Bus Connector-26
Added Pin To Net: NetName=BAT+ Pin=High Power Output and Bus Connector-27
Added Pin To Net: NetName=HPO D2 Pin=High Power Output and Bus Connector-28
Added Pin To Net: NetName=BAT+ Pin=High Power Output and Bus Connector-29
Added Pin To Net: NetName=HPO D3 Pin=High Power Output and Bus Connector-30
Added Pin To Net: NetName=BAT+ Pin=High Power Output and Bus Connector-31
Added Pin To Net: NetName=HPO D4 Pin=High Power Output and Bus Connector-32
Added Pin To Net: NetName=BAT+ Pin=High Power Output and Bus Connector-33
Added Pin To Net: NetName=HPO D5 Pin=High Power Output and Bus Connector-34
Added Pin To Net: NetName=BAT+ Pin=High Power Output and Bus Connector-35
Added Pin To Net: NetName=HPO D6 Pin=High Power Output and Bus Connector-36
Added Pin To Net: NetName=BAT+ Pin=High Power Output and Bus Connector-37
Added Pin To Net: NetName=HPO D7 Pin=High Power Output and Bus Connector-38
Added Pin To Net: NetName=BAT+ Pin=High Power Output and Bus Connector-39
Added Pin To Net: NetName=HPO D8 Pin=High Power Output and Bus Connector-40
Added Pin To Net: NetName=BAT+ Pin=High Power Output and Bus Connector-41
Added Pin To Net: NetName=HPO D9 Pin=High Power Output and Bus Connector-42
Added Pin To Net: NetName=BAT+ Pin=High Power Output and Bus Connector-43
Added Pin To Net: NetName=HPO D10 Pin=High Power Output and Bus Connector-44
Added Pin To Net: NetName=BAT+ Pin=High Power Output and Bus Connector-45
Added Pin To Net: NetName=CANL1 Pin=High Power Output and Bus Connector-46
Added Pin To Net: NetName=CANH1 Pin=High Power Output and Bus Connector-47
Added Pin To Net: NetName=GND Pin=High Power Output and Bus Connector-50
Added Pin To Net: NetName=NetLabel158 Pin=High Power Output and Bus Connector-23
Added Pin To Net: NetName=NetLabel158 Pin=High Power Output and Bus Connector-24
Added Net: Name=NetLabel158
Added Pin To Net: NetName=NetLabel159 Pin=High Power Output and Bus Connector-48
Added Pin To Net: NetName=NetLabel159 Pin=High Power Output and Bus Connector-49
Added Net: Name=NetLabel159
Added Member To Class: ClassName=Sheet1 Member=Component C101 TR3D226M035C0400
Added Member To Class: ClassName=Sheet1 Member=Component DS3 150060VS75000
Added Member To Class: ClassName=Sheet1 Member=Component High Power Output and Bus Connector G125-MH15005M4P
Added Member To Class: ClassName=Sheet1 Member=Component IC? MKL26Z64VFT4
Added Member To Class: ClassName=Sheet1 Member=Component IC? AZ1117CH2-3.3TRG1
