Removed Pin From Net: NetName=GND Pin=C1_B1-1
Removed Pin From Net: NetName=GND Pin=C1_B2-1
Removed Pin From Net: NetName=GND Pin=C2_B1-1
Removed Pin From Net: NetName=GND Pin=C2_B2-1
Removed Pin From Net: NetName=GND Pin=C3_B1-1
Removed Pin From Net: NetName=3.3V Pin=C3_B1-2
Removed Pin From Net: NetName=GND Pin=C3_B2-1
Removed Pin From Net: NetName=3.3V Pin=C3_B2-2
Removed Pin From Net: NetName=GND Pin=C4_B1-1
Removed Pin From Net: NetName=3.3V Pin=C4_B1-2
Removed Pin From Net: NetName=GND Pin=C4_B2-1
Removed Pin From Net: NetName=3.3V Pin=C4_B2-2
Removed Pin From Net: NetName=GND Pin=C5_B1-1
Removed Pin From Net: NetName=5V Pin=C5_B1-2
Removed Pin From Net: NetName=GND Pin=C5_B2-1
Removed Pin From Net: NetName=5V Pin=C5_B2-2
Removed Pin From Net: NetName=GND Pin=CAN C_B1-7
Removed Pin From Net: NetName=SCLK Pin=CAN C_B1-10
Removed Pin From Net: NetName=MOSI Pin=CAN C_B1-11
Removed Pin From Net: NetName=MISO Pin=CAN C_B1-12
Removed Pin From Net: NetName=3.3V Pin=CAN C_B1-14
Removed Pin From Net: NetName=GND Pin=CAN C_B1-15
Removed Pin From Net: NetName=GND Pin=CAN C_B2-7
Removed Pin From Net: NetName=SCLK Pin=CAN C_B2-10
Removed Pin From Net: NetName=MOSI Pin=CAN C_B2-11
Removed Pin From Net: NetName=MISO Pin=CAN C_B2-12
Removed Pin From Net: NetName=3.3V Pin=CAN C_B2-14
Removed Pin From Net: NetName=GND Pin=CAN C_B2-15
Removed Pin From Net: NetName=GND Pin=CAN T_B1-2
Removed Pin From Net: NetName=5V Pin=CAN T_B1-3
Removed Pin From Net: NetName=3.3V Pin=CAN T_B1-5
Removed Pin From Net: NetName=GND Pin=CAN T_B1-8
Removed Pin From Net: NetName=GND Pin=CAN T_B1-9
Removed Pin From Net: NetName=GND Pin=CAN T_B2-2
Removed Pin From Net: NetName=5V Pin=CAN T_B2-3
Removed Pin From Net: NetName=3.3V Pin=CAN T_B2-5
Removed Pin From Net: NetName=GND Pin=CAN T_B2-8
Removed Pin From Net: NetName=GND Pin=CAN T_B2-9
Removed Pin From Net: NetName=GND Pin=Y_B1-2
Removed Pin From Net: NetName=GND Pin=Y_B1-4
Removed Pin From Net: NetName=GND Pin=Y_B2-2
Removed Pin From Net: NetName=GND Pin=Y_B2-4
Change Component Designator: OldDesignator=C1_B NewDesignator=C1
Change Component Designator: OldDesignator=C2_B NewDesignator=C2
Change Component Designator: OldDesignator=C3_B NewDesignator=C3
Change Component Designator: OldDesignator=C4_B NewDesignator=C4
Change Component Designator: OldDesignator=C5_B NewDesignator=C5
Change Component Designator: OldDesignator=CAN C_B NewDesignator=CAN C
Change Component Designator: OldDesignator=CAN T_B NewDesignator=CAN T
Change Component Designator: OldDesignator=R_B NewDesignator=R
Change Component Designator: OldDesignator=Y_B NewDesignator=Y
Change Net Name : Old Net Name=NetC1_B_2 New Net Name=NetC1_2
Change Net Name : Old Net Name=NetC2_B_2 New Net Name=NetC2_2
Change Net Name : Old Net Name=RXCAN_B New Net Name=RXCAN
Change Net Name : Old Net Name=TXCAN_B New Net Name=TXCAN
Added Member To Class: ClassName=Sheet1 Member=Component 3.3V Reg AZ1117CH2-3.3TRG1
Added Member To Class: ClassName=Sheet1 Member=Component IC? MKL26Z64VFT4
