Removed Pin From Net: NetName=CANL1 Pin=High Power Output and Bus Connector-21
Removed Pin From Net: NetName=CANH1 Pin=High Power Output and Bus Connector-22
Removed Pin From Net: NetName=GND Pin=High Power Output and Bus Connector-25
Removed Pin From Net: NetName=CANL2 Pin=High Power Output and Bus Connector-46
Removed Pin From Net: NetName=CANH2 Pin=High Power Output and Bus Connector-47
Removed Pin From Net: NetName=GND Pin=High Power Output and Bus Connector-50
Change Component Designator: OldDesignator=IC? NewDesignator=3.3V Reg
Change Component Designator: OldDesignator=IC? NewDesignator=3.3V Reg
Added Component: Designator=C1_B(CAPC1608X95X40ML15T15)
Add component (AddParameter): Name = "Manufacturer"; Value = "Vitramon"; VariantName = "[No Variations]"
Add component (AddParameter): Name = "Part Number"; Value = "VJ0603Y104KXQCW1BC"; VariantName = "[No Variations]"
Added Component: Designator=C2_B(CAPC1608X95X40ML15T15)
Add component (AddParameter): Name = "Manufacturer"; Value = "Vitramon"; VariantName = "[No Variations]"
Add component (AddParameter): Name = "Part Number"; Value = "VJ0603Y104KXQCW1BC"; VariantName = "[No Variations]"
Added Component: Designator=C3_B(CAPC1608X95X40ML15T15)
Add component (AddParameter): Name = "Manufacturer"; Value = "Vitramon"; VariantName = "[No Variations]"
Add component (AddParameter): Name = "Part Number"; Value = "VJ0603Y104KXQCW1BC"; VariantName = "[No Variations]"
Added Component: Designator=C4_B(CAPC1608X95X40ML15T15)
Add component (AddParameter): Name = "Manufacturer"; Value = "Vitramon"; VariantName = "[No Variations]"
Add component (AddParameter): Name = "Part Number"; Value = "VJ0603Y104KXQCW1BC"; VariantName = "[No Variations]"
Added Component: Designator=C5_B(CAPC1608X95X40ML15T15)
Add component (AddParameter): Name = "Manufacturer"; Value = "Vitramon"; VariantName = "[No Variations]"
Add component (AddParameter): Name = "Part Number"; Value = "VJ0603Y104KXQCW1BC"; VariantName = "[No Variations]"
Added Component: Designator=CAN C_B(SON65P300X450X90-15N-D)
Add component (AddParameter): Name = "Arrow Part Number"; Value = "MCP2517FD-H/JHA"; VariantName = "[No Variations]"
Add component (AddParameter): Name = "Arrow Price/Stock"; Value = "https://www.arrow.com/en/products/mcp2517fd-hjha/microchip-technology?region=nac"; VariantName = "[No Variations]"
Add component (AddParameter): Name = "Datasheet Link"; Value = "http://ww1.microchip.com/downloads/en/DeviceDoc/MCP2517FD-External-CAN-FD-Controller-with-SPI-Interface-20005688B.pdf"; VariantName = "[No Variations]"
Add component (AddParameter): Name = "Height"; Value = "0.9mm"; VariantName = "[No Variations]"
Add component (AddParameter): Name = "Manufacturer_Name"; Value = "Microchip"; VariantName = "[No Variations]"
Add component (AddParameter): Name = "Manufacturer_Part_Number"; Value = "MCP2517FD-H/JHA"; VariantName = "[No Variations]"
Add component (AddParameter): Name = "Mouser Part Number"; Value = "579-MCP2517FD-H/JHA"; VariantName = "[No Variations]"
Add component (AddParameter): Name = "Mouser Price/Stock"; Value = "https://www.mouser.co.uk/ProductDetail/Microchip-Technology/MCP2517FD-H-JHA?qs=HXFqYaX1Q2zUpFu1TRdQJQ%3D%3D"; VariantName = "[No Variations]"
Added Component: Designator=CAN T_B(FP-C04-129-MNY-MFG)
Add component (AddParameter): Name = "Data Rate"; Value = "8Mbps"; VariantName = "[No Variations]"
Add component (AddParameter): Name = "Max Operating Temperature"; Value = "125°C"; VariantName = "[No Variations]"
Add component (AddParameter): Name = "Min Operating Temperature"; Value = "-40°C"; VariantName = "[No Variations]"
Add component (AddParameter): Name = "Mount"; Value = "Surface Mount"; VariantName = "[No Variations]"
Add component (AddParameter): Name = "Packaging"; Value = "Tape and Reel"; VariantName = "[No Variations]"
Add component (AddParameter): Name = "Receiver Hysteresis"; Value = "200mV"; VariantName = "[No Variations]"
Add component (AddParameter): Name = "RoHS Compliant"; Value = "Yes"; VariantName = "[No Variations]"
Added Component: Designator=IC?(QFN50P700X700X100-49N-D)
Add component (AddParameter): Name = "Datasheet Link"; Value = "http://www.nxp.com/docs/en/data-sheet/KL26P64M48SF5.pdf"; VariantName = "[No Variations]"
Add component (AddParameter): Name = "Height"; Value = "1mm"; VariantName = "[No Variations]"
Add component (AddParameter): Name = "Manufacturer_Name"; Value = "NXP"; VariantName = "[No Variations]"
Add component (AddParameter): Name = "Manufacturer_Part_Number"; Value = "MKL26Z64VFT4"; VariantName = "[No Variations]"
Add component (AddParameter): Name = "Mouser2 Part Number"; Value = ""; VariantName = "[No Variations]"
Add component (AddParameter): Name = "Mouser2 Price/Stock"; Value = ""; VariantName = "[No Variations]"
Added Component: Designator=R20(J1-0603)
Add component (AddParameter): Name = "LatestRevisionDate"; Value = "29-May-2009"; VariantName = "[No Variations]"
Add component (AddParameter): Name = "LatestRevisionNote"; Value = "IPC-7351 Footprint Added."; VariantName = "[No Variations]"
Add component (AddParameter): Name = "PackageDescription"; Value = "Chip Resistor"; VariantName = "[No Variations]"
Add component (AddParameter): Name = "PackageReference"; Value = "J1-0603"; VariantName = "[No Variations]"
Add component (AddParameter): Name = "Published"; Value = "8-Jun-2000"; VariantName = "[No Variations]"
Add component (AddParameter): Name = "Publisher"; Value = "Altium Limited"; VariantName = "[No Variations]"
Add component (AddParameter): Name = "Value"; Value = "1k"; VariantName = "[No Variations]"
Added Component: Designator=R21(J1-0603)
Add component (AddParameter): Name = "LatestRevisionDate"; Value = "29-May-2009"; VariantName = "[No Variations]"
Add component (AddParameter): Name = "LatestRevisionNote"; Value = "IPC-7351 Footprint Added."; VariantName = "[No Variations]"
Add component (AddParameter): Name = "PackageDescription"; Value = "Chip Resistor"; VariantName = "[No Variations]"
Add component (AddParameter): Name = "PackageReference"; Value = "J1-0603"; VariantName = "[No Variations]"
Add component (AddParameter): Name = "Published"; Value = "8-Jun-2000"; VariantName = "[No Variations]"
Add component (AddParameter): Name = "Publisher"; Value = "Altium Limited"; VariantName = "[No Variations]"
Add component (AddParameter): Name = "Value"; Value = "10k"; VariantName = "[No Variations]"
Added Component: Designator=R22(J1-0603)
Add component (AddParameter): Name = "LatestRevisionDate"; Value = "29-May-2009"; VariantName = "[No Variations]"
Add component (AddParameter): Name = "LatestRevisionNote"; Value = "IPC-7351 Footprint Added."; VariantName = "[No Variations]"
Add component (AddParameter): Name = "PackageDescription"; Value = "Chip Resistor"; VariantName = "[No Variations]"
Add component (AddParameter): Name = "PackageReference"; Value = "J1-0603"; VariantName = "[No Variations]"
Add component (AddParameter): Name = "Published"; Value = "8-Jun-2000"; VariantName = "[No Variations]"
Add component (AddParameter): Name = "Publisher"; Value = "Altium Limited"; VariantName = "[No Variations]"
Add component (AddParameter): Name = "Value"; Value = "10k"; VariantName = "[No Variations]"
Added Component: Designator=R23(J1-0603)
Add component (AddParameter): Name = "LatestRevisionDate"; Value = "29-May-2009"; VariantName = "[No Variations]"
Add component (AddParameter): Name = "LatestRevisionNote"; Value = "IPC-7351 Footprint Added."; VariantName = "[No Variations]"
Add component (AddParameter): Name = "PackageDescription"; Value = "Chip Resistor"; VariantName = "[No Variations]"
Add component (AddParameter): Name = "PackageReference"; Value = "J1-0603"; VariantName = "[No Variations]"
Add component (AddParameter): Name = "Published"; Value = "8-Jun-2000"; VariantName = "[No Variations]"
Add component (AddParameter): Name = "Publisher"; Value = "Altium Limited"; VariantName = "[No Variations]"
Add component (AddParameter): Name = "Value"; Value = "10k"; VariantName = "[No Variations]"
Added Component: Designator=R_B(J1-0603)
Add component (AddParameter): Name = "LatestRevisionDate"; Value = "29-May-2009"; VariantName = "[No Variations]"
Add component (AddParameter): Name = "LatestRevisionNote"; Value = "IPC-7351 Footprint Added."; VariantName = "[No Variations]"
Add component (AddParameter): Name = "PackageDescription"; Value = "Chip Resistor"; VariantName = "[No Variations]"
Add component (AddParameter): Name = "PackageReference"; Value = "J1-0603"; VariantName = "[No Variations]"
Add component (AddParameter): Name = "Published"; Value = "8-Jun-2000"; VariantName = "[No Variations]"
Add component (AddParameter): Name = "Publisher"; Value = "Altium Limited"; VariantName = "[No Variations]"
Add component (AddParameter): Name = "Value"; Value = "120"; VariantName = "[No Variations]"
Added Component: Designator=Y_B(FP-CX2016DB-MFG)
Add component (AddParameter): Name = "Automotive"; Value = "No"; VariantName = "[No Variations]"
Add component (AddParameter): Name = "Category"; Value = "Crys"; VariantName = "[No Variations]"
Add component (AddParameter): Name = "ComponentLink2Description"; Value = "Datasheet"; VariantName = "[No Variations]"
Add component (AddParameter): Name = "ComponentLink2URL"; Value = "https://global.kyocera.com/prdct/electro/product/pdf/cx2016db_e.pdf"; VariantName = "[No Variations]"
Add component (AddParameter): Name = "Device Class L1"; Value = "Passive Components"; VariantName = "[No Variations]"
Add component (AddParameter): Name = "Device Class L2"; Value = "Crystals / Oscillators"; VariantName = "[No Variations]"
Add component (AddParameter): Name = "Device Class L3"; Value = "Crystals"; VariantName = "[No Variations]"
Add component (AddParameter): Name = "Digikey Description"; Value = "CRYSTAL 40.0000MHZ 8PF SMD"; VariantName = "[No Variations]"
Add component (AddParameter): Name = "Esr"; Value = "50O"; VariantName = "[No Variations]"
Add component (AddParameter): Name = "Frequency"; Value = "40MHz"; VariantName = "[No Variations]"
Add component (AddParameter): Name = "Height"; Value = "0.45mm"; VariantName = "[No Variations]"
Add component (AddParameter): Name = "Lead Free"; Value = "Yes"; VariantName = "[No Variations]"
Add component (AddParameter): Name = "Load Capacitance"; Value = "8pF"; VariantName = "[No Variations]"
Add component (AddParameter): Name = "Manufacturer"; Value = "Kyocera International Inc. Electronic Components"; VariantName = "[No Variations]"
Add component (AddParameter): Name = "Manufacturer Part Number"; Value = "CX2016DB40000D0FLJCC"; VariantName = "[No Variations]"
Add component (AddParameter): Name = "Mouser Description"; Value = "Crystal 40MHz 8pF 4-Pin SMD T/R"; VariantName = "[No Variations]"
Add component (AddParameter): Name = "Octopart"; Value = "https://octopart.com/cx2016db40000d0fljcc-avx+%2F+kyocera-71139660"; VariantName = "[No Variations]"
Add component (AddParameter): Name = "Package"; Value = "CX2016DB"; VariantName = "[No Variations]"
Add component (AddParameter): Name = "RoHS"; Value = "TRUE"; VariantName = "[No Variations]"
Add component (AddParameter): Name = "Series"; Value = "CX2016DB"; VariantName = "[No Variations]"
Add component (AddParameter): Name = "Stability"; Value = "15ppm"; VariantName = "[No Variations]"
Add component (AddParameter): Name = "Temperature"; Value = "-30°C to +85°C"; VariantName = "[No Variations]"
Add component (AddParameter): Name = "Temperature Range High"; Value = "+85°C"; VariantName = "[No Variations]"
Add component (AddParameter): Name = "Temperature Range Low"; Value = "-30°C"; VariantName = "[No Variations]"
Add component (AddParameter): Name = "Tolerance"; Value = "15ppm"; VariantName = "[No Variations]"
Added Pin To Net: NetName=GND Pin=C1_B-1
Added Pin To Net: NetName=GND Pin=C2_B-1
Added Pin To Net: NetName=GND Pin=C3_B-1
Added Pin To Net: NetName=3.3V Pin=C3_B-2
Added Pin To Net: NetName=GND Pin=C4_B-1
Added Pin To Net: NetName=3.3V Pin=C4_B-2
Added Pin To Net: NetName=GND Pin=C5_B-1
Added Pin To Net: NetName=5V Pin=C5_B-2
Added Pin To Net: NetName=GND Pin=CAN C_B-7
Added Pin To Net: NetName=SCLK Pin=CAN C_B-10
Added Pin To Net: NetName=MOSI Pin=CAN C_B-11
Added Pin To Net: NetName=MISO Pin=CAN C_B-12
Added Pin To Net: NetName=3.3V Pin=CAN C_B-14
Added Pin To Net: NetName=GND Pin=CAN C_B-15
Added Pin To Net: NetName=GND Pin=CAN T_B-2
Added Pin To Net: NetName=5V Pin=CAN T_B-3
Added Pin To Net: NetName=3.3V Pin=CAN T_B-5
Added Pin To Net: NetName=GND Pin=CAN T_B-8
Added Pin To Net: NetName=GND Pin=CAN T_B-9
Added Pin To Net: NetName=GND Pin=High Power Output and Bus Connector-23
Added Pin To Net: NetName=GND Pin=High Power Output and Bus Connector-48
Added Pin To Net: NetName=3.3V Pin=R20-1
Added Pin To Net: NetName=GND Pin=R21-2
Added Pin To Net: NetName=5V Pin=R22-1
Added Pin To Net: NetName=GND Pin=R23-2
Added Pin To Net: NetName=GND Pin=Y_B-2
Added Pin To Net: NetName=GND Pin=Y_B-4
Change Net Name : Old Net Name=NetC103_2 New Net Name=Net3.3V Reg_1
Change Net Name : Old Net Name=RS-485B New Net Name=RS-485A
Change Net Name : Old Net Name=RS-485D New Net Name=RS-485C
Added Pin To Net: NetName=CAN CLKO Pin=CAN C_B-3
Added Net: Name=CAN CLKO
Added Pin To Net: NetName=CAN CS Pin=CAN C_B-13
Added Net: Name=CAN CS
Added Pin To Net: NetName=CANH Pin=CAN T_B-7
Added Pin To Net: NetName=CANH Pin=High Power Output and Bus Connector-22
Added Pin To Net: NetName=CANH Pin=R_B-1
Added Net: Name=CANH
Added Pin To Net: NetName=CAN INT0N Pin=CAN C_B-9
Added Net: Name=CAN INT0N
Added Pin To Net: NetName=CAN INT1N Pin=CAN C_B-8
Added Net: Name=CAN INT1N
Added Pin To Net: NetName=CAN INTN Pin=CAN C_B-4
Added Net: Name=CAN INTN
Added Pin To Net: NetName=CANL Pin=CAN T_B-6
Added Pin To Net: NetName=CANL Pin=High Power Output and Bus Connector-47
Added Pin To Net: NetName=CANL Pin=R_B-2
Added Net: Name=CANL
Added Pin To Net: NetName=NetC1_B_2 Pin=C1_B-2
Added Pin To Net: NetName=NetC1_B_2 Pin=CAN C_B-5
Added Pin To Net: NetName=NetC1_B_2 Pin=Y_B-1
Added Net: Name=NetC1_B_2
Added Pin To Net: NetName=NetC2_B_2 Pin=C2_B-2
Added Pin To Net: NetName=NetC2_B_2 Pin=CAN C_B-6
Added Pin To Net: NetName=NetC2_B_2 Pin=Y_B-3
Added Net: Name=NetC2_B_2
Added Pin To Net: NetName=RS-485B Pin=High Power Output and Bus Connector-25
Added Net: Name=RS-485B
Added Pin To Net: NetName=RS-485D Pin=High Power Output and Bus Connector-50
Added Net: Name=RS-485D
Added Pin To Net: NetName=RXCAN_B Pin=CAN C_B-2
Added Pin To Net: NetName=RXCAN_B Pin=CAN T_B-4
Added Net: Name=RXCAN_B
Added Pin To Net: NetName=TXCAN_B Pin=CAN C_B-1
Added Pin To Net: NetName=TXCAN_B Pin=CAN T_B-1
Added Net: Name=TXCAN_B
Added Pin To Net: NetName=VD 3.3V Pin=R20-2
Added Pin To Net: NetName=VD 3.3V Pin=R21-1
Added Net: Name=VD 3.3V
Added Pin To Net: NetName=VD 5V Pin=R22-2
Added Pin To Net: NetName=VD 5V Pin=R23-1
Added Net: Name=VD 5V
Added Class: Name=B1
Added Class: Name=B2
Added Class: Name=B
Added Class: Name=CAN Bus
Added Member To Class: ClassName=Sheet1 Member=Component 3.3V Reg AZ1117CH2-5.0TRG1
Added Member To Class: ClassName=Sheet1 Member=Component 3.3V Reg AZ1117CH2-3.3TRG1
Added Member To Class: ClassName=Sheet1 Member=Component C1 22nF
Added Member To Class: ClassName=Sheet1 Member=Component IC? MKL26Z64VFT4
Added Member To Class: ClassName=Sheet1 Member=Component R20 0603
Added Member To Class: ClassName=Sheet1 Member=Component R21 0603
Added Member To Class: ClassName=Sheet1 Member=Component R22 0603
Added Member To Class: ClassName=Sheet1 Member=Component R23 0603
Added Room: Name=B
