Added Pin To Net: NetName=3.3V Pin=C51_1-1
Added Pin To Net: NetName=3.3V Pin=C51_2-1
Added Pin To Net: NetName=3.3V Pin=C51_3-1
Added Pin To Net: NetName=3.3V Pin=C51_4-1
Added Pin To Net: NetName=3.3V Pin=C51_5-1
Added Pin To Net: NetName=3.3V Pin=C51_6-1
Added Pin To Net: NetName=3.3V Pin=C51_7-1
Added Pin To Net: NetName=3.3V Pin=C51_8-1
Added Pin To Net: NetName=MISO Pin=NOR?_1-2
Added Pin To Net: NetName=MOSI Pin=NOR?_1-5
Added Pin To Net: NetName=SCLK Pin=NOR?_1-6
Added Pin To Net: NetName=3.3V Pin=NOR?_1-8
Added Pin To Net: NetName=MISO Pin=NOR?_2-2
Added Pin To Net: NetName=MOSI Pin=NOR?_2-5
Added Pin To Net: NetName=SCLK Pin=NOR?_2-6
Added Pin To Net: NetName=3.3V Pin=NOR?_2-8
Added Pin To Net: NetName=MISO Pin=NOR?_3-2
Added Pin To Net: NetName=MOSI Pin=NOR?_3-5
Added Pin To Net: NetName=SCLK Pin=NOR?_3-6
Added Pin To Net: NetName=3.3V Pin=NOR?_3-8
Added Pin To Net: NetName=MISO Pin=NOR?_4-2
Added Pin To Net: NetName=MOSI Pin=NOR?_4-5
Added Pin To Net: NetName=SCLK Pin=NOR?_4-6
Added Pin To Net: NetName=3.3V Pin=NOR?_4-8
Added Pin To Net: NetName=MISO Pin=NOR?_5-2
Added Pin To Net: NetName=MOSI Pin=NOR?_5-5
Added Pin To Net: NetName=SCLK Pin=NOR?_5-6
Added Pin To Net: NetName=3.3V Pin=NOR?_5-8
Added Pin To Net: NetName=MISO Pin=NOR?_6-2
Added Pin To Net: NetName=MOSI Pin=NOR?_6-5
Added Pin To Net: NetName=SCLK Pin=NOR?_6-6
Added Pin To Net: NetName=3.3V Pin=NOR?_6-8
Added Pin To Net: NetName=MISO Pin=NOR?_7-2
Added Pin To Net: NetName=MOSI Pin=NOR?_7-5
Added Pin To Net: NetName=SCLK Pin=NOR?_7-6
Added Pin To Net: NetName=3.3V Pin=NOR?_7-8
Added Pin To Net: NetName=MISO Pin=NOR?_8-2
Added Pin To Net: NetName=MOSI Pin=NOR?_8-5
Added Pin To Net: NetName=SCLK Pin=NOR?_8-6
Added Pin To Net: NetName=3.3V Pin=NOR?_8-8
Added Pin To Net: NetName=3.3V Pin=R51_1-1
Added Pin To Net: NetName=3.3V Pin=R51_2-1
Added Pin To Net: NetName=3.3V Pin=R51_3-1
Added Pin To Net: NetName=3.3V Pin=R51_4-1
Added Pin To Net: NetName=3.3V Pin=R51_5-1
Added Pin To Net: NetName=3.3V Pin=R51_6-1
Added Pin To Net: NetName=3.3V Pin=R51_7-1
Added Pin To Net: NetName=3.3V Pin=R51_8-1
Added Pin To Net: NetName=3.3V Pin=R52_1-1
Added Pin To Net: NetName=3.3V Pin=R52_2-1
Added Pin To Net: NetName=3.3V Pin=R52_3-1
Added Pin To Net: NetName=3.3V Pin=R52_4-1
Added Pin To Net: NetName=3.3V Pin=R52_5-1
Added Pin To Net: NetName=3.3V Pin=R52_6-1
Added Pin To Net: NetName=3.3V Pin=R52_7-1
Added Pin To Net: NetName=3.3V Pin=R52_8-1
Added Pin To Net: NetName=3.3V Pin=R53_1-1
Added Pin To Net: NetName=3.3V Pin=R53_2-1
Added Pin To Net: NetName=3.3V Pin=R53_3-1
Added Pin To Net: NetName=3.3V Pin=R53_4-1
Added Pin To Net: NetName=3.3V Pin=R53_5-1
Added Pin To Net: NetName=3.3V Pin=R53_6-1
Added Pin To Net: NetName=3.3V Pin=R53_7-1
Added Pin To Net: NetName=3.3V Pin=R53_8-1
Added Member To Class: ClassName=Sheet1 Member=Component P? 47589-0001
Added Member To Class: ClassName=Sheet1 Member=Component Y? CX2016DB40000D0FLJCC
