Added Component: Designator=DS21(WE-150060VS75000_V)
Add component (AddParameter): Name = "ComponentLink1Description"; Value = "Manufacturer URL"; VariantName = "[No Variations]"
Add component (AddParameter): Name = "ComponentLink1URL"; Value = "https://www.we-online.com/"; VariantName = "[No Variations]"
Add component (AddParameter): Name = "ComponentLink2Description"; Value = "Datasheet"; VariantName = "[No Variations]"
Add component (AddParameter): Name = "ComponentLink2URL"; Value = "http://katalog.we-online.de/led/datasheet/150060VS75000.pdf"; VariantName = "[No Variations]"
Add component (AddParameter): Name = "DatasheetVersion"; Value = "Rev. 2.7"; VariantName = "[No Variations]"
Add component (AddParameter): Name = "Mounting Technology"; Value = "Surface Mount"; VariantName = "[No Variations]"
Add component (AddParameter): Name = "PackageDescription"; Value = "2-Pin Surface Mount Device, Body 1.6 x 0.8 mm"; VariantName = "[No Variations]"
Add component (AddParameter): Name = "PartNumber"; Value = "150060VS75000"; VariantName = "[No Variations]"
Add component (AddParameter): Name = "RoHSCompliant"; Value = "True"; VariantName = "[No Variations]"
Added Component: Designator=DS22(WE-150060VS75000_V)
Add component (AddParameter): Name = "ComponentLink1Description"; Value = "Manufacturer URL"; VariantName = "[No Variations]"
Add component (AddParameter): Name = "ComponentLink1URL"; Value = "https://www.we-online.com/"; VariantName = "[No Variations]"
Add component (AddParameter): Name = "ComponentLink2Description"; Value = "Datasheet"; VariantName = "[No Variations]"
Add component (AddParameter): Name = "ComponentLink2URL"; Value = "http://katalog.we-online.de/led/datasheet/150060VS75000.pdf"; VariantName = "[No Variations]"
Add component (AddParameter): Name = "DatasheetVersion"; Value = "Rev. 2.7"; VariantName = "[No Variations]"
Add component (AddParameter): Name = "Mounting Technology"; Value = "Surface Mount"; VariantName = "[No Variations]"
Add component (AddParameter): Name = "PackageDescription"; Value = "2-Pin Surface Mount Device, Body 1.6 x 0.8 mm"; VariantName = "[No Variations]"
Add component (AddParameter): Name = "PartNumber"; Value = "150060VS75000"; VariantName = "[No Variations]"
Add component (AddParameter): Name = "RoHSCompliant"; Value = "True"; VariantName = "[No Variations]"
Added Component: Designator=DS23(WE-150060VS75000_V)
Add component (AddParameter): Name = "ComponentLink1Description"; Value = "Manufacturer URL"; VariantName = "[No Variations]"
Add component (AddParameter): Name = "ComponentLink1URL"; Value = "https://www.we-online.com/"; VariantName = "[No Variations]"
Add component (AddParameter): Name = "ComponentLink2Description"; Value = "Datasheet"; VariantName = "[No Variations]"
Add component (AddParameter): Name = "ComponentLink2URL"; Value = "http://katalog.we-online.de/led/datasheet/150060VS75000.pdf"; VariantName = "[No Variations]"
Add component (AddParameter): Name = "DatasheetVersion"; Value = "Rev. 2.7"; VariantName = "[No Variations]"
Add component (AddParameter): Name = "Mounting Technology"; Value = "Surface Mount"; VariantName = "[No Variations]"
Add component (AddParameter): Name = "PackageDescription"; Value = "2-Pin Surface Mount Device, Body 1.6 x 0.8 mm"; VariantName = "[No Variations]"
Add component (AddParameter): Name = "PartNumber"; Value = "150060VS75000"; VariantName = "[No Variations]"
Add component (AddParameter): Name = "RoHSCompliant"; Value = "True"; VariantName = "[No Variations]"
Added Component: Designator=DS24(WE-150060VS75000_V)
Add component (AddParameter): Name = "ComponentLink1Description"; Value = "Manufacturer URL"; VariantName = "[No Variations]"
Add component (AddParameter): Name = "ComponentLink1URL"; Value = "https://www.we-online.com/"; VariantName = "[No Variations]"
Add component (AddParameter): Name = "ComponentLink2Description"; Value = "Datasheet"; VariantName = "[No Variations]"
Add component (AddParameter): Name = "ComponentLink2URL"; Value = "http://katalog.we-online.de/led/datasheet/150060VS75000.pdf"; VariantName = "[No Variations]"
Add component (AddParameter): Name = "DatasheetVersion"; Value = "Rev. 2.7"; VariantName = "[No Variations]"
Add component (AddParameter): Name = "Mounting Technology"; Value = "Surface Mount"; VariantName = "[No Variations]"
Add component (AddParameter): Name = "PackageDescription"; Value = "2-Pin Surface Mount Device, Body 1.6 x 0.8 mm"; VariantName = "[No Variations]"
Add component (AddParameter): Name = "PartNumber"; Value = "150060VS75000"; VariantName = "[No Variations]"
Add component (AddParameter): Name = "RoHSCompliant"; Value = "True"; VariantName = "[No Variations]"
Added Component: Designator=DS25(WE-150060VS75000_V)
Add component (AddParameter): Name = "ComponentLink1Description"; Value = "Manufacturer URL"; VariantName = "[No Variations]"
Add component (AddParameter): Name = "ComponentLink1URL"; Value = "https://www.we-online.com/"; VariantName = "[No Variations]"
Add component (AddParameter): Name = "ComponentLink2Description"; Value = "Datasheet"; VariantName = "[No Variations]"
Add component (AddParameter): Name = "ComponentLink2URL"; Value = "http://katalog.we-online.de/led/datasheet/150060VS75000.pdf"; VariantName = "[No Variations]"
Add component (AddParameter): Name = "DatasheetVersion"; Value = "Rev. 2.7"; VariantName = "[No Variations]"
Add component (AddParameter): Name = "Mounting Technology"; Value = "Surface Mount"; VariantName = "[No Variations]"
Add component (AddParameter): Name = "PackageDescription"; Value = "2-Pin Surface Mount Device, Body 1.6 x 0.8 mm"; VariantName = "[No Variations]"
Add component (AddParameter): Name = "PartNumber"; Value = "150060VS75000"; VariantName = "[No Variations]"
Add component (AddParameter): Name = "RoHSCompliant"; Value = "True"; VariantName = "[No Variations]"
Added Component: Designator=DS26(WE-150060VS75000_V)
Add component (AddParameter): Name = "ComponentLink1Description"; Value = "Manufacturer URL"; VariantName = "[No Variations]"
Add component (AddParameter): Name = "ComponentLink1URL"; Value = "https://www.we-online.com/"; VariantName = "[No Variations]"
Add component (AddParameter): Name = "ComponentLink2Description"; Value = "Datasheet"; VariantName = "[No Variations]"
Add component (AddParameter): Name = "ComponentLink2URL"; Value = "http://katalog.we-online.de/led/datasheet/150060VS75000.pdf"; VariantName = "[No Variations]"
Add component (AddParameter): Name = "DatasheetVersion"; Value = "Rev. 2.7"; VariantName = "[No Variations]"
Add component (AddParameter): Name = "Mounting Technology"; Value = "Surface Mount"; VariantName = "[No Variations]"
Add component (AddParameter): Name = "PackageDescription"; Value = "2-Pin Surface Mount Device, Body 1.6 x 0.8 mm"; VariantName = "[No Variations]"
Add component (AddParameter): Name = "PartNumber"; Value = "150060VS75000"; VariantName = "[No Variations]"
Add component (AddParameter): Name = "RoHSCompliant"; Value = "True"; VariantName = "[No Variations]"
Added Component: Designator=DS27(WE-150060VS75000_V)
Add component (AddParameter): Name = "ComponentLink1Description"; Value = "Manufacturer URL"; VariantName = "[No Variations]"
Add component (AddParameter): Name = "ComponentLink1URL"; Value = "https://www.we-online.com/"; VariantName = "[No Variations]"
Add component (AddParameter): Name = "ComponentLink2Description"; Value = "Datasheet"; VariantName = "[No Variations]"
Add component (AddParameter): Name = "ComponentLink2URL"; Value = "http://katalog.we-online.de/led/datasheet/150060VS75000.pdf"; VariantName = "[No Variations]"
Add component (AddParameter): Name = "DatasheetVersion"; Value = "Rev. 2.7"; VariantName = "[No Variations]"
Add component (AddParameter): Name = "Mounting Technology"; Value = "Surface Mount"; VariantName = "[No Variations]"
Add component (AddParameter): Name = "PackageDescription"; Value = "2-Pin Surface Mount Device, Body 1.6 x 0.8 mm"; VariantName = "[No Variations]"
Add component (AddParameter): Name = "PartNumber"; Value = "150060VS75000"; VariantName = "[No Variations]"
Add component (AddParameter): Name = "RoHSCompliant"; Value = "True"; VariantName = "[No Variations]"
Added Component: Designator=DS28(WE-150060VS75000_V)
Add component (AddParameter): Name = "ComponentLink1Description"; Value = "Manufacturer URL"; VariantName = "[No Variations]"
Add component (AddParameter): Name = "ComponentLink1URL"; Value = "https://www.we-online.com/"; VariantName = "[No Variations]"
Add component (AddParameter): Name = "ComponentLink2Description"; Value = "Datasheet"; VariantName = "[No Variations]"
Add component (AddParameter): Name = "ComponentLink2URL"; Value = "http://katalog.we-online.de/led/datasheet/150060VS75000.pdf"; VariantName = "[No Variations]"
Add component (AddParameter): Name = "DatasheetVersion"; Value = "Rev. 2.7"; VariantName = "[No Variations]"
Add component (AddParameter): Name = "Mounting Technology"; Value = "Surface Mount"; VariantName = "[No Variations]"
Add component (AddParameter): Name = "PackageDescription"; Value = "2-Pin Surface Mount Device, Body 1.6 x 0.8 mm"; VariantName = "[No Variations]"
Add component (AddParameter): Name = "PartNumber"; Value = "150060VS75000"; VariantName = "[No Variations]"
Add component (AddParameter): Name = "RoHSCompliant"; Value = "True"; VariantName = "[No Variations]"
Added Component: Designator=R19(J1-0603)
Add component (AddParameter): Name = "LatestRevisionDate"; Value = "29-May-2009"; VariantName = "[No Variations]"
Add component (AddParameter): Name = "LatestRevisionNote"; Value = "IPC-7351 Footprint Added."; VariantName = "[No Variations]"
Add component (AddParameter): Name = "PackageDescription"; Value = "Chip Resistor"; VariantName = "[No Variations]"
Add component (AddParameter): Name = "PackageReference"; Value = "J1-0603"; VariantName = "[No Variations]"
Add component (AddParameter): Name = "Published"; Value = "8-Jun-2000"; VariantName = "[No Variations]"
Add component (AddParameter): Name = "Publisher"; Value = "Altium Limited"; VariantName = "[No Variations]"
Add component (AddParameter): Name = "Value"; Value = "1k"; VariantName = "[No Variations]"
Added Component: Designator=R29(J1-0603)
Add component (AddParameter): Name = "LatestRevisionDate"; Value = "29-May-2009"; VariantName = "[No Variations]"
Add component (AddParameter): Name = "LatestRevisionNote"; Value = "IPC-7351 Footprint Added."; VariantName = "[No Variations]"
Add component (AddParameter): Name = "PackageDescription"; Value = "Chip Resistor"; VariantName = "[No Variations]"
Add component (AddParameter): Name = "PackageReference"; Value = "J1-0603"; VariantName = "[No Variations]"
Add component (AddParameter): Name = "Published"; Value = "8-Jun-2000"; VariantName = "[No Variations]"
Add component (AddParameter): Name = "Publisher"; Value = "Altium Limited"; VariantName = "[No Variations]"
Add component (AddParameter): Name = "Value"; Value = "1k"; VariantName = "[No Variations]"
Added Component: Designator=R39(J1-0603)
Add component (AddParameter): Name = "LatestRevisionDate"; Value = "29-May-2009"; VariantName = "[No Variations]"
Add component (AddParameter): Name = "LatestRevisionNote"; Value = "IPC-7351 Footprint Added."; VariantName = "[No Variations]"
Add component (AddParameter): Name = "PackageDescription"; Value = "Chip Resistor"; VariantName = "[No Variations]"
Add component (AddParameter): Name = "PackageReference"; Value = "J1-0603"; VariantName = "[No Variations]"
Add component (AddParameter): Name = "Published"; Value = "8-Jun-2000"; VariantName = "[No Variations]"
Add component (AddParameter): Name = "Publisher"; Value = "Altium Limited"; VariantName = "[No Variations]"
Add component (AddParameter): Name = "Value"; Value = "1k"; VariantName = "[No Variations]"
Added Component: Designator=R49(J1-0603)
Add component (AddParameter): Name = "LatestRevisionDate"; Value = "29-May-2009"; VariantName = "[No Variations]"
Add component (AddParameter): Name = "LatestRevisionNote"; Value = "IPC-7351 Footprint Added."; VariantName = "[No Variations]"
Add component (AddParameter): Name = "PackageDescription"; Value = "Chip Resistor"; VariantName = "[No Variations]"
Add component (AddParameter): Name = "PackageReference"; Value = "J1-0603"; VariantName = "[No Variations]"
Add component (AddParameter): Name = "Published"; Value = "8-Jun-2000"; VariantName = "[No Variations]"
Add component (AddParameter): Name = "Publisher"; Value = "Altium Limited"; VariantName = "[No Variations]"
Add component (AddParameter): Name = "Value"; Value = "1k"; VariantName = "[No Variations]"
Added Component: Designator=R59(J1-0603)
Add component (AddParameter): Name = "LatestRevisionDate"; Value = "29-May-2009"; VariantName = "[No Variations]"
Add component (AddParameter): Name = "LatestRevisionNote"; Value = "IPC-7351 Footprint Added."; VariantName = "[No Variations]"
Add component (AddParameter): Name = "PackageDescription"; Value = "Chip Resistor"; VariantName = "[No Variations]"
Add component (AddParameter): Name = "PackageReference"; Value = "J1-0603"; VariantName = "[No Variations]"
Add component (AddParameter): Name = "Published"; Value = "8-Jun-2000"; VariantName = "[No Variations]"
Add component (AddParameter): Name = "Publisher"; Value = "Altium Limited"; VariantName = "[No Variations]"
Add component (AddParameter): Name = "Value"; Value = "1k"; VariantName = "[No Variations]"
Added Component: Designator=R69(J1-0603)
Add component (AddParameter): Name = "LatestRevisionDate"; Value = "29-May-2009"; VariantName = "[No Variations]"
Add component (AddParameter): Name = "LatestRevisionNote"; Value = "IPC-7351 Footprint Added."; VariantName = "[No Variations]"
Add component (AddParameter): Name = "PackageDescription"; Value = "Chip Resistor"; VariantName = "[No Variations]"
Add component (AddParameter): Name = "PackageReference"; Value = "J1-0603"; VariantName = "[No Variations]"
Add component (AddParameter): Name = "Published"; Value = "8-Jun-2000"; VariantName = "[No Variations]"
Add component (AddParameter): Name = "Publisher"; Value = "Altium Limited"; VariantName = "[No Variations]"
Add component (AddParameter): Name = "Value"; Value = "1k"; VariantName = "[No Variations]"
Added Component: Designator=R79(J1-0603)
Add component (AddParameter): Name = "LatestRevisionDate"; Value = "29-May-2009"; VariantName = "[No Variations]"
Add component (AddParameter): Name = "LatestRevisionNote"; Value = "IPC-7351 Footprint Added."; VariantName = "[No Variations]"
Add component (AddParameter): Name = "PackageDescription"; Value = "Chip Resistor"; VariantName = "[No Variations]"
Add component (AddParameter): Name = "PackageReference"; Value = "J1-0603"; VariantName = "[No Variations]"
Add component (AddParameter): Name = "Published"; Value = "8-Jun-2000"; VariantName = "[No Variations]"
Add component (AddParameter): Name = "Publisher"; Value = "Altium Limited"; VariantName = "[No Variations]"
Add component (AddParameter): Name = "Value"; Value = "1k"; VariantName = "[No Variations]"
Added Component: Designator=R89(J1-0603)
Add component (AddParameter): Name = "LatestRevisionDate"; Value = "29-May-2009"; VariantName = "[No Variations]"
Add component (AddParameter): Name = "LatestRevisionNote"; Value = "IPC-7351 Footprint Added."; VariantName = "[No Variations]"
Add component (AddParameter): Name = "PackageDescription"; Value = "Chip Resistor"; VariantName = "[No Variations]"
Add component (AddParameter): Name = "PackageReference"; Value = "J1-0603"; VariantName = "[No Variations]"
Add component (AddParameter): Name = "Published"; Value = "8-Jun-2000"; VariantName = "[No Variations]"
Add component (AddParameter): Name = "Publisher"; Value = "Altium Limited"; VariantName = "[No Variations]"
Add component (AddParameter): Name = "Value"; Value = "1k"; VariantName = "[No Variations]"
Added Pin To Net: NetName=HPO1 D Pin=DS21-1
Added Pin To Net: NetName=HPO2 D Pin=DS22-1
Added Pin To Net: NetName=HPO3 D Pin=DS23-1
Added Pin To Net: NetName=HPO4 D Pin=DS24-1
Added Pin To Net: NetName=HPO5 D Pin=DS25-1
Added Pin To Net: NetName=HPO6 D Pin=DS26-1
Added Pin To Net: NetName=HPO7 D Pin=DS27-1
Added Pin To Net: NetName=HPO8 D Pin=DS28-1
Added Pin To Net: NetName=BAT+ Pin=R19-2
Added Pin To Net: NetName=BAT+ Pin=R29-2
Added Pin To Net: NetName=BAT+ Pin=R39-2
Added Pin To Net: NetName=BAT+ Pin=R49-2
Added Pin To Net: NetName=BAT+ Pin=R59-2
Added Pin To Net: NetName=BAT+ Pin=R69-2
Added Pin To Net: NetName=BAT+ Pin=R79-2
Added Pin To Net: NetName=BAT+ Pin=R89-2
Added Pin To Net: NetName=NetDS21_2 Pin=DS21-2
Added Pin To Net: NetName=NetDS21_2 Pin=R19-1
Added Net: Name=NetDS21_2
Added Pin To Net: NetName=NetDS22_2 Pin=DS22-2
Added Pin To Net: NetName=NetDS22_2 Pin=R29-1
Added Net: Name=NetDS22_2
Added Pin To Net: NetName=NetDS23_2 Pin=DS23-2
Added Pin To Net: NetName=NetDS23_2 Pin=R39-1
Added Net: Name=NetDS23_2
Added Pin To Net: NetName=NetDS24_2 Pin=DS24-2
Added Pin To Net: NetName=NetDS24_2 Pin=R49-1
Added Net: Name=NetDS24_2
Added Pin To Net: NetName=NetDS25_2 Pin=DS25-2
Added Pin To Net: NetName=NetDS25_2 Pin=R59-1
Added Net: Name=NetDS25_2
Added Pin To Net: NetName=NetDS26_2 Pin=DS26-2
Added Pin To Net: NetName=NetDS26_2 Pin=R69-1
Added Net: Name=NetDS26_2
Added Pin To Net: NetName=NetDS27_2 Pin=DS27-2
Added Pin To Net: NetName=NetDS27_2 Pin=R79-1
Added Net: Name=NetDS27_2
Added Pin To Net: NetName=NetDS28_2 Pin=DS28-2
Added Pin To Net: NetName=NetDS28_2 Pin=R89-1
Added Net: Name=NetDS28_2
Added Member To Class: ClassName=Sheet1 Member=Component DS21 150060VS75000
Added Member To Class: ClassName=Sheet1 Member=Component DS22 150060VS75000
Added Member To Class: ClassName=Sheet1 Member=Component DS23 150060VS75000
Added Member To Class: ClassName=Sheet1 Member=Component DS24 150060VS75000
Added Member To Class: ClassName=Sheet1 Member=Component DS25 150060VS75000
Added Member To Class: ClassName=Sheet1 Member=Component DS26 150060VS75000
Added Member To Class: ClassName=Sheet1 Member=Component DS27 150060VS75000
Added Member To Class: ClassName=Sheet1 Member=Component DS28 150060VS75000
Added Member To Class: ClassName=Sheet1 Member=Component P? 47589-0001
Added Member To Class: ClassName=Sheet1 Member=Component R19 0603
Added Member To Class: ClassName=Sheet1 Member=Component R29 0603
Added Member To Class: ClassName=Sheet1 Member=Component R39 0603
Added Member To Class: ClassName=Sheet1 Member=Component R49 0603
Added Member To Class: ClassName=Sheet1 Member=Component R59 0603
Added Member To Class: ClassName=Sheet1 Member=Component R69 0603
Added Member To Class: ClassName=Sheet1 Member=Component R79 0603
Added Member To Class: ClassName=Sheet1 Member=Component R89 0603
Added Member To Class: ClassName=Sheet1 Member=Component Y? CX2016DB40000D0FLJCC
