Added Pin To Net: NetName=HPO D1 Pin=High Power Output-11
Added Pin To Net: NetName=HPO D2 Pin=High Power Output-12
Added Pin To Net: NetName=HPO D3 Pin=High Power Output-13
Added Pin To Net: NetName=HPO D4 Pin=High Power Output-14
Added Pin To Net: NetName=HPO D5 Pin=High Power Output-15
Added Pin To Net: NetName=HPO D6 Pin=High Power Output-16
Added Pin To Net: NetName=HPO D7 Pin=High Power Output-17
Added Pin To Net: NetName=HPO D8 Pin=High Power Output-18
Added Pin To Net: NetName=HPO D9 Pin=High Power Output-19
Added Pin To Net: NetName=HPO D10 Pin=High Power Output-20
Added Member To Class: ClassName=H1 Member=Component OP_H1 (OP) ILD207T
Added Member To Class: ClassName=H2 Member=Component OP_H2 (OP) ILD207T
Added Member To Class: ClassName=H3 Member=Component OP_H3 (OP) ILD207T
Added Member To Class: ClassName=H4 Member=Component OP_H4 (OP) ILD207T
Added Member To Class: ClassName=H5 Member=Component OP_H5 (OP) ILD207T
Added Member To Class: ClassName=H6 Member=Component OP_H6 (OP) ILD207T
Added Member To Class: ClassName=H7 Member=Component OP_H7 (OP) ILD207T
Added Member To Class: ClassName=H8 Member=Component OP_H8 (OP) ILD207T
Added Member To Class: ClassName=H9 Member=Component OP_H9 (OP) ILD207T
Added Member To Class: ClassName=H10 Member=Component OP_H10 (OP) ILD207T
Added Member To Class: ClassName=Sheet1 Member=Component P? 47589-0001
Added Member To Class: ClassName=H1 Member=Component R1_H1 (R1) 0603
Added Member To Class: ClassName=H2 Member=Component R1_H2 (R1) 0603
Added Member To Class: ClassName=H3 Member=Component R1_H3 (R1) 0603
Added Member To Class: ClassName=H4 Member=Component R1_H4 (R1) 0603
Added Member To Class: ClassName=H5 Member=Component R1_H5 (R1) 0603
Added Member To Class: ClassName=H6 Member=Component R1_H6 (R1) 0603
Added Member To Class: ClassName=H7 Member=Component R1_H7 (R1) 0603
Added Member To Class: ClassName=H8 Member=Component R1_H8 (R1) 0603
Added Member To Class: ClassName=H9 Member=Component R1_H9 (R1) 0603
Added Member To Class: ClassName=H10 Member=Component R1_H10 (R1) 0603
Added Member To Class: ClassName=H1 Member=Component R2_H1 (R2) 0603
Added Member To Class: ClassName=H2 Member=Component R2_H2 (R2) 0603
Added Member To Class: ClassName=H3 Member=Component R2_H3 (R2) 0603
Added Member To Class: ClassName=H4 Member=Component R2_H4 (R2) 0603
Added Member To Class: ClassName=H5 Member=Component R2_H5 (R2) 0603
Added Member To Class: ClassName=H6 Member=Component R2_H6 (R2) 0603
Added Member To Class: ClassName=H7 Member=Component R2_H7 (R2) 0603
Added Member To Class: ClassName=H8 Member=Component R2_H8 (R2) 0603
Added Member To Class: ClassName=H9 Member=Component R2_H9 (R2) 0603
Added Member To Class: ClassName=H10 Member=Component R2_H10 (R2) 0603
Added Member To Class: ClassName=Sheet1 Member=Component Y? CX2016DB40000D0FLJCC
