Removed Member From Class: ClassName=Analog Signal Filter Member=F1
Removed Member From Class: ClassName=Analog Signal Filter Member=F2
Removed Member From Class: ClassName=Analog Signal Filter Member=F3
Removed Member From Class: ClassName=Analog Signal Filter Member=F4
Removed Member From Class: ClassName=Analog Signal Filter Member=F5
Removed Member From Class: ClassName=Analog Signal Filter Member=F6
Removed Member From Class: ClassName=Analog Signal Filter Member=F7
Removed Member From Class: ClassName=Analog Signal Filter Member=F8
Change Component Designator: OldDesignator=C_F1 NewDesignator=C_FL1
Change Component Designator: OldDesignator=C_F2 NewDesignator=C_FL2
Change Component Designator: OldDesignator=C_F3 NewDesignator=C_FL3
Change Component Designator: OldDesignator=C_F4 NewDesignator=C_FL4
Change Component Designator: OldDesignator=C_F5 NewDesignator=C_FL5
Change Component Designator: OldDesignator=C_F6 NewDesignator=C_FL6
Change Component Designator: OldDesignator=C_F7 NewDesignator=C_FL7
Change Component Designator: OldDesignator=C_F8 NewDesignator=C_FL8
Change Component Designator: OldDesignator=R1_F1 NewDesignator=R1_FL1
Change Component Designator: OldDesignator=R1_F2 NewDesignator=R1_FL2
Change Component Designator: OldDesignator=R1_F3 NewDesignator=R1_FL3
Change Component Designator: OldDesignator=R1_F4 NewDesignator=R1_FL4
Change Component Designator: OldDesignator=R1_F5 NewDesignator=R1_FL5
Change Component Designator: OldDesignator=R1_F6 NewDesignator=R1_FL6
Change Component Designator: OldDesignator=R1_F7 NewDesignator=R1_FL7
Change Component Designator: OldDesignator=R1_F8 NewDesignator=R1_FL8
Change Component Designator: OldDesignator=R2_F1 NewDesignator=R2_FL1
Change Component Designator: OldDesignator=R2_F2 NewDesignator=R2_FL2
Change Component Designator: OldDesignator=R2_F3 NewDesignator=R2_FL3
Change Component Designator: OldDesignator=R2_F4 NewDesignator=R2_FL4
Change Component Designator: OldDesignator=R2_F5 NewDesignator=R2_FL5
Change Component Designator: OldDesignator=R2_F6 NewDesignator=R2_FL6
Change Component Designator: OldDesignator=R2_F7 NewDesignator=R2_FL7
Change Component Designator: OldDesignator=R2_F8 NewDesignator=R2_FL8
Change Class Name : Old Net Name=F1 New Net Name=FL1
Change Class Name : Old Net Name=F2 New Net Name=FL2
Change Class Name : Old Net Name=F3 New Net Name=FL3
Change Class Name : Old Net Name=F4 New Net Name=FL4
Change Class Name : Old Net Name=F5 New Net Name=FL5
Change Class Name : Old Net Name=F6 New Net Name=FL6
Change Class Name : Old Net Name=F7 New Net Name=FL7
Change Class Name : Old Net Name=F8 New Net Name=FL8
Added Member To Class: ClassName=Analog Signal Filter Member=FL1 (Analog Signal Filter.SchDoc)
Added Member To Class: ClassName=Analog Signal Filter Member=FL2 (Analog Signal Filter.SchDoc)
Added Member To Class: ClassName=Analog Signal Filter Member=FL3 (Analog Signal Filter.SchDoc)
Added Member To Class: ClassName=Analog Signal Filter Member=FL4 (Analog Signal Filter.SchDoc)
Added Member To Class: ClassName=Analog Signal Filter Member=FL5 (Analog Signal Filter.SchDoc)
Added Member To Class: ClassName=Analog Signal Filter Member=FL6 (Analog Signal Filter.SchDoc)
Added Member To Class: ClassName=Analog Signal Filter Member=FL7 (Analog Signal Filter.SchDoc)
Added Member To Class: ClassName=Analog Signal Filter Member=FL8 (Analog Signal Filter.SchDoc)
Added Room: Name=FL1
Added Room: Name=FL2
Added Room: Name=FL3
Added Room: Name=FL4
Added Room: Name=FL5
Added Room: Name=FL6
Added Room: Name=FL7
Added Room: Name=FL8
