Added Member To Class: ClassName=Sheet1 Member=Component Boot J Header 3X2
Added Member To Class: ClassName=Sheet1 Member=Component C11 100nF
Added Member To Class: ClassName=Sheet1 Member=Component C12 100nF
Added Member To Class: ClassName=Sheet1 Member=Component C13 100nF
Added Member To Class: ClassName=Sheet1 Member=Component C14 100nF
Added Member To Class: ClassName=Sheet1 Member=Component C15 100nF
Added Member To Class: ClassName=Sheet1 Member=Component C16 100nF
Added Member To Class: ClassName=Sheet1 Member=Component C17 100nF
Added Member To Class: ClassName=Sheet1 Member=Component C18 100nF
Added Member To Class: ClassName=Sheet1 Member=Component C102 10uF
Added Member To Class: ClassName=Sheet1 Member=Component C103 10uF
Added Member To Class: ClassName=Sheet1 Member=Component C104 10uF
Added Member To Class: ClassName=Sheet1 Member=Component C105 10uF
Added Member To Class: ClassName=Sheet1 Member=Component C106 10uF
Added Member To Class: ClassName=Sheet1 Member=Component C201 10uF
Added Member To Class: ClassName=Sheet1 Member=Component C202 100nF
Added Member To Class: ClassName=Sheet1 Member=Component C203 100nF
Added Member To Class: ClassName=Sheet1 Member=Component C204 100nF
Added Member To Class: ClassName=Sheet1 Member=Component C205 100nF
Added Member To Class: ClassName=Sheet1 Member=Component C206 100nF
Added Member To Class: ClassName=Sheet1 Member=Component C207 2.2uF
Added Member To Class: ClassName=Sheet1 Member=Component C208 100nF
Added Member To Class: ClassName=Sheet1 Member=Component C209 100nF
Added Member To Class: ClassName=Sheet1 Member=Component C210 100nF
Added Member To Class: ClassName=Sheet1 Member=Component C301 100nF
Added Member To Class: ClassName=Sheet1 Member=Component C302 100nF
Added Member To Class: ClassName=Sheet1 Member=Component C303 100nF
Added Member To Class: ClassName=Sheet1 Member=Component C304 8pF
Added Member To Class: ClassName=Sheet1 Member=Component C305 8pF
Added Member To Class: ClassName=Sheet1 Member=Component C306 100nF
Added Member To Class: ClassName=Sheet1 Member=Component C307 100nF
Added Member To Class: ClassName=Sheet1 Member=Component C308 100nF
Added Member To Class: ClassName=Sheet1 Member=Component C309 8pF
Added Member To Class: ClassName=Sheet1 Member=Component C310 8pF
Added Member To Class: ClassName=Sheet1 Member=Component C401 100nF
Added Member To Class: ClassName=Sheet1 Member=Component C402 100nF
Added Member To Class: ClassName=Sheet1 Member=Component C403 100nF
Added Member To Class: ClassName=Sheet1 Member=Component C404 120nF
Added Member To Class: ClassName=Sheet1 Member=Component C405 1uF
Added Member To Class: ClassName=Sheet1 Member=Component C406 100nF
Added Member To Class: ClassName=Sheet1 Member=Component C407 100nF
Added Member To Class: ClassName=Sheet1 Member=Component C408 1uF
Added Member To Class: ClassName=Sheet1 Member=Component C409 100nF
Added Member To Class: ClassName=Sheet1 Member=Component C501 100nF
Added Member To Class: ClassName=Sheet1 Member=Component C502 100nF
Added Member To Class: ClassName=Sheet1 Member=Component C503 100nF
Added Member To Class: ClassName=Sheet1 Member=Component C504 100nF
Added Member To Class: ClassName=Sheet1 Member=Component C505 100nF
Added Member To Class: ClassName=Sheet1 Member=Component C506 100nF
Added Member To Class: ClassName=Sheet1 Member=Component C507 100nF
Added Member To Class: ClassName=Sheet1 Member=Component C508 100nF
Added Member To Class: ClassName=Sheet1 Member=Component C509 100nF
Added Member To Class: ClassName=Sheet1 Member=Component C601 10uF
Added Member To Class: ClassName=Sheet1 Member=Component C602 10uF
Added Member To Class: ClassName=Sheet1 Member=Component DS1 150060VS75000
Added Member To Class: ClassName=Sheet1 Member=Component DS2 150060VS75000
Added Member To Class: ClassName=Sheet1 Member=Component DS3 150060VS75000
Added Member To Class: ClassName=Sheet1 Member=Component DS4 150060VS75000
Added Member To Class: ClassName=Sheet1 Member=Component FB1 742792023
Added Member To Class: ClassName=Sheet1 Member=Component FB2 742792651
Added Member To Class: ClassName=Sheet1 Member=Component FB3 742792651
Added Member To Class: ClassName=Sheet1 Member=Component FB5 BLM15HD102SN1D
Added Member To Class: ClassName=Sheet1 Member=Component FB6 BLM15HD102SN1D
Added Member To Class: ClassName=Sheet1 Member=Component FB7 BLM15HD102SN1D
Added Member To Class: ClassName=Sheet1 Member=Component FB8 BLM15HD102SN1D
Added Member To Class: ClassName=Sheet1 Member=Component FB9 BLM15HD102SN1D
Added Member To Class: ClassName=Sheet1 Member=Component High Power Output Connector G125-MH11605M4P
Added Member To Class: ClassName=Sheet1 Member=Component P? 47589-0001
Added Member To Class: ClassName=Sheet1 Member=Component R11 0603
Added Member To Class: ClassName=Sheet1 Member=Component R12 0603
Added Member To Class: ClassName=Sheet1 Member=Component R13 0603
Added Member To Class: ClassName=Sheet1 Member=Component R14 0603
Added Member To Class: ClassName=Sheet1 Member=Component R15 0603
Added Member To Class: ClassName=Sheet1 Member=Component R16 0603
Added Member To Class: ClassName=Sheet1 Member=Component R17 0603
Added Member To Class: ClassName=Sheet1 Member=Component R18 0603
Added Member To Class: ClassName=Sheet1 Member=Component R21 0603
Added Member To Class: ClassName=Sheet1 Member=Component R22 0603
Added Member To Class: ClassName=Sheet1 Member=Component R23 0603
Added Member To Class: ClassName=Sheet1 Member=Component R24 0603
Added Member To Class: ClassName=Sheet1 Member=Component R25 0603
Added Member To Class: ClassName=Sheet1 Member=Component R26 0603
Added Member To Class: ClassName=Sheet1 Member=Component R27 0603
Added Member To Class: ClassName=Sheet1 Member=Component R28 0603
Added Member To Class: ClassName=Sheet1 Member=Component R31 0603
Added Member To Class: ClassName=Sheet1 Member=Component R32 0603
Added Member To Class: ClassName=Sheet1 Member=Component R33 0603
Added Member To Class: ClassName=Sheet1 Member=Component R34 0603
Added Member To Class: ClassName=Sheet1 Member=Component R35 0603
Added Member To Class: ClassName=Sheet1 Member=Component R36 0603
Added Member To Class: ClassName=Sheet1 Member=Component R37 0603
Added Member To Class: ClassName=Sheet1 Member=Component R38 0603
Added Member To Class: ClassName=Sheet1 Member=Component R41 0603
Added Member To Class: ClassName=Sheet1 Member=Component R42 0603
Added Member To Class: ClassName=Sheet1 Member=Component R43 0603
Added Member To Class: ClassName=Sheet1 Member=Component R44 0603
Added Member To Class: ClassName=Sheet1 Member=Component R45 0603
Added Member To Class: ClassName=Sheet1 Member=Component R46 0603
Added Member To Class: ClassName=Sheet1 Member=Component R47 0603
Added Member To Class: ClassName=Sheet1 Member=Component R48 0603
Added Member To Class: ClassName=Sheet1 Member=Component R51 0603
Added Member To Class: ClassName=Sheet1 Member=Component R52 0603
Added Member To Class: ClassName=Sheet1 Member=Component R53 0603
Added Member To Class: ClassName=Sheet1 Member=Component R54 0603
Added Member To Class: ClassName=Sheet1 Member=Component R55 0603
Added Member To Class: ClassName=Sheet1 Member=Component R56 0603
Added Member To Class: ClassName=Sheet1 Member=Component R57 0603
Added Member To Class: ClassName=Sheet1 Member=Component R58 0603
Added Member To Class: ClassName=Sheet1 Member=Component R61 0603
Added Member To Class: ClassName=Sheet1 Member=Component R62 0603
Added Member To Class: ClassName=Sheet1 Member=Component R63 0603
Added Member To Class: ClassName=Sheet1 Member=Component R64 0603
Added Member To Class: ClassName=Sheet1 Member=Component R65 0603
Added Member To Class: ClassName=Sheet1 Member=Component R66 0603
Added Member To Class: ClassName=Sheet1 Member=Component R67 0603
Added Member To Class: ClassName=Sheet1 Member=Component R68 0603
Added Member To Class: ClassName=Sheet1 Member=Component R71 0603
Added Member To Class: ClassName=Sheet1 Member=Component R72 0603
Added Member To Class: ClassName=Sheet1 Member=Component R73 0603
Added Member To Class: ClassName=Sheet1 Member=Component R74 0603
Added Member To Class: ClassName=Sheet1 Member=Component R75 0603
Added Member To Class: ClassName=Sheet1 Member=Component R76 0603
Added Member To Class: ClassName=Sheet1 Member=Component R77 0603
Added Member To Class: ClassName=Sheet1 Member=Component R78 0603
Added Member To Class: ClassName=Sheet1 Member=Component R81 0603
Added Member To Class: ClassName=Sheet1 Member=Component R82 0603
Added Member To Class: ClassName=Sheet1 Member=Component R83 0603
Added Member To Class: ClassName=Sheet1 Member=Component R84 0603
Added Member To Class: ClassName=Sheet1 Member=Component R85 0603
Added Member To Class: ClassName=Sheet1 Member=Component R86 0603
Added Member To Class: ClassName=Sheet1 Member=Component R87 0603
Added Member To Class: ClassName=Sheet1 Member=Component R88 0603
Added Member To Class: ClassName=Sheet1 Member=Component R101 0603
Added Member To Class: ClassName=Sheet1 Member=Component R102 0603
Added Member To Class: ClassName=Sheet1 Member=Component R103 0603
Added Member To Class: ClassName=Sheet1 Member=Component R201 0603
Added Member To Class: ClassName=Sheet1 Member=Component R303 0603
Added Member To Class: ClassName=Sheet1 Member=Component R304 0603
Added Member To Class: ClassName=Sheet1 Member=Component R305 0603
Added Member To Class: ClassName=Sheet1 Member=Component R306 0603
Added Member To Class: ClassName=Sheet1 Member=Component R401 0603
Added Member To Class: ClassName=Sheet1 Member=Component R402 0603
Added Member To Class: ClassName=Sheet1 Member=Component R403 0603
Added Member To Class: ClassName=Sheet1 Member=Component R511 0603
Added Member To Class: ClassName=Sheet1 Member=Component R512 0603
Added Member To Class: ClassName=Sheet1 Member=Component R513 0603
Added Member To Class: ClassName=Sheet1 Member=Component R521 0603
Added Member To Class: ClassName=Sheet1 Member=Component R522 0603
Added Member To Class: ClassName=Sheet1 Member=Component R523 0603
Added Member To Class: ClassName=Sheet1 Member=Component R531 0603
Added Member To Class: ClassName=Sheet1 Member=Component R532 0603
Added Member To Class: ClassName=Sheet1 Member=Component R533 0603
Added Member To Class: ClassName=Sheet1 Member=Component R541 0603
Added Member To Class: ClassName=Sheet1 Member=Component R542 0603
Added Member To Class: ClassName=Sheet1 Member=Component R543 0603
Added Member To Class: ClassName=Sheet1 Member=Component R551 0603
Added Member To Class: ClassName=Sheet1 Member=Component R552 0603
Added Member To Class: ClassName=Sheet1 Member=Component R553 0603
Added Member To Class: ClassName=Sheet1 Member=Component R561 0603
Added Member To Class: ClassName=Sheet1 Member=Component R562 0603
Added Member To Class: ClassName=Sheet1 Member=Component R563 0603
Added Member To Class: ClassName=Sheet1 Member=Component R571 0603
Added Member To Class: ClassName=Sheet1 Member=Component R572 0603
Added Member To Class: ClassName=Sheet1 Member=Component R573 0603
Added Member To Class: ClassName=Sheet1 Member=Component R581 0603
Added Member To Class: ClassName=Sheet1 Member=Component R582 0603
Added Member To Class: ClassName=Sheet1 Member=Component R583 0603
Added Member To Class: ClassName=Sheet1 Member=Component R601 0603
Added Member To Class: ClassName=Sheet1 Member=Component Y? CX2016DB40000D0FLJCC
