Added Component: Designator=C201(CAPC1608X95X40ML15T15)
Add component (AddParameter): Name = "Manufacturer"; Value = "Vitramon"; VariantName = "[No Variations]"
Add component (AddParameter): Name = "Part Number"; Value = "VJ0603Y104KXQCW1BC"; VariantName = "[No Variations]"
Added Component: Designator=C202(CAPC1608X95X40ML15T15)
Add component (AddParameter): Name = "Manufacturer"; Value = "Vitramon"; VariantName = "[No Variations]"
Add component (AddParameter): Name = "Part Number"; Value = "VJ0603Y104KXQCW1BC"; VariantName = "[No Variations]"
Added Component: Designator=C203(CAPC1608X95X40ML15T15)
Add component (AddParameter): Name = "Manufacturer"; Value = "Vitramon"; VariantName = "[No Variations]"
Add component (AddParameter): Name = "Part Number"; Value = "VJ0603Y104KXQCW1BC"; VariantName = "[No Variations]"
Added Component: Designator=C204(CAPC1608X95X40ML15T15)
Add component (AddParameter): Name = "Manufacturer"; Value = "Vitramon"; VariantName = "[No Variations]"
Add component (AddParameter): Name = "Part Number"; Value = "VJ0603Y104KXQCW1BC"; VariantName = "[No Variations]"
Added Component: Designator=C205(CAPC1608X95X40ML15T15)
Add component (AddParameter): Name = "Manufacturer"; Value = "Vitramon"; VariantName = "[No Variations]"
Add component (AddParameter): Name = "Part Number"; Value = "VJ0603Y104KXQCW1BC"; VariantName = "[No Variations]"
Added Component: Designator=C206(CAPC1608X95X40ML15T15)
Add component (AddParameter): Name = "Manufacturer"; Value = "Vitramon"; VariantName = "[No Variations]"
Add component (AddParameter): Name = "Part Number"; Value = "VJ0603Y104KXQCW1BC"; VariantName = "[No Variations]"
Added Component: Designator=C207(CAPC1608X95X40ML15T15)
Add component (AddParameter): Name = "Manufacturer"; Value = "Vitramon"; VariantName = "[No Variations]"
Add component (AddParameter): Name = "Part Number"; Value = "VJ0603Y104KXQCW1BC"; VariantName = "[No Variations]"
Added Component: Designator=C208(CAPC1608X95X40ML15T15)
Add component (AddParameter): Name = "Manufacturer"; Value = "Vitramon"; VariantName = "[No Variations]"
Add component (AddParameter): Name = "Part Number"; Value = "VJ0603Y104KXQCW1BC"; VariantName = "[No Variations]"
Added Component: Designator=C209(CAPC1608X95X40ML15T15)
Add component (AddParameter): Name = "Manufacturer"; Value = "Vitramon"; VariantName = "[No Variations]"
Add component (AddParameter): Name = "Part Number"; Value = "VJ0603Y104KXQCW1BC"; VariantName = "[No Variations]"
Added Component: Designator=C210(CAPC1608X95X40ML15T15)
Add component (AddParameter): Name = "Manufacturer"; Value = "Vitramon"; VariantName = "[No Variations]"
Add component (AddParameter): Name = "Part Number"; Value = "VJ0603Y104KXQCW1BC"; VariantName = "[No Variations]"
Added Component: Designator=C401(CAPC1608X95X40ML15T15)
Add component (AddParameter): Name = "Manufacturer"; Value = "Vitramon"; VariantName = "[No Variations]"
Add component (AddParameter): Name = "Part Number"; Value = "VJ0603Y104KXQCW1BC"; VariantName = "[No Variations]"
Added Component: Designator=C402(CAPC1608X95X40ML15T15)
Add component (AddParameter): Name = "Manufacturer"; Value = "Vitramon"; VariantName = "[No Variations]"
Add component (AddParameter): Name = "Part Number"; Value = "VJ0603Y104KXQCW1BC"; VariantName = "[No Variations]"
Added Component: Designator=C403(CAPC1608X95X40ML15T15)
Add component (AddParameter): Name = "Manufacturer"; Value = "Vitramon"; VariantName = "[No Variations]"
Add component (AddParameter): Name = "Part Number"; Value = "VJ0603Y104KXQCW1BC"; VariantName = "[No Variations]"
Added Component: Designator=C404(CAPC1608X95X40ML15T15)
Add component (AddParameter): Name = "Manufacturer"; Value = "Vitramon"; VariantName = "[No Variations]"
Add component (AddParameter): Name = "Part Number"; Value = "VJ0603Y104KXQCW1BC"; VariantName = "[No Variations]"
Added Component: Designator=C405(CAPC1608X95X40ML15T15)
Add component (AddParameter): Name = "Manufacturer"; Value = "Vitramon"; VariantName = "[No Variations]"
Add component (AddParameter): Name = "Part Number"; Value = "VJ0603Y104KXQCW1BC"; VariantName = "[No Variations]"
Added Component: Designator=C406(CAPC1608X95X40ML15T15)
Add component (AddParameter): Name = "Manufacturer"; Value = "Vitramon"; VariantName = "[No Variations]"
Add component (AddParameter): Name = "Part Number"; Value = "VJ0603Y104KXQCW1BC"; VariantName = "[No Variations]"
Added Component: Designator=C407(CAPC1608X95X40ML15T15)
Add component (AddParameter): Name = "Manufacturer"; Value = "Vitramon"; VariantName = "[No Variations]"
Add component (AddParameter): Name = "Part Number"; Value = "VJ0603Y104KXQCW1BC"; VariantName = "[No Variations]"
Added Component: Designator=C408(CAPC1608X95X40ML15T15)
Add component (AddParameter): Name = "Manufacturer"; Value = "Vitramon"; VariantName = "[No Variations]"
Add component (AddParameter): Name = "Part Number"; Value = "VJ0603Y104KXQCW1BC"; VariantName = "[No Variations]"
Added Component: Designator=C409(CAPC1608X95X40ML15T15)
Add component (AddParameter): Name = "Manufacturer"; Value = "Vitramon"; VariantName = "[No Variations]"
Add component (AddParameter): Name = "Part Number"; Value = "VJ0603Y104KXQCW1BC"; VariantName = "[No Variations]"
Added Component: Designator=C509(CAPC1608X95X40ML15T15)
Add component (AddParameter): Name = "Manufacturer"; Value = "Vitramon"; VariantName = "[No Variations]"
Add component (AddParameter): Name = "Part Number"; Value = "VJ0603Y104KXQCW1BC"; VariantName = "[No Variations]"
Added Component: Designator=C601(CAPC1608X95X40ML15T15)
Add component (AddParameter): Name = "Manufacturer"; Value = "Vitramon"; VariantName = "[No Variations]"
Add component (AddParameter): Name = "Part Number"; Value = "VJ0603Y104KXQCW1BC"; VariantName = "[No Variations]"
Added Component: Designator=C602(CAPC1608X95X40ML15T15)
Add component (AddParameter): Name = "Manufacturer"; Value = "Vitramon"; VariantName = "[No Variations]"
Add component (AddParameter): Name = "Part Number"; Value = "VJ0603Y104KXQCW1BC"; VariantName = "[No Variations]"
Added Component: Designator=C603(CAPC1608X95X40ML15T15)
Add component (AddParameter): Name = "Manufacturer"; Value = "Vitramon"; VariantName = "[No Variations]"
Add component (AddParameter): Name = "Part Number"; Value = "VJ0603Y104KXQCW1BC"; VariantName = "[No Variations]"
Added Component: Designator=D?_L1(FP-CLY6D-FKC-MFG)
Add component (AddParameter): Name = "Case/Package"; Value = "SMD/SMT"; VariantName = "[No Variations]"
Add component (AddParameter): Name = "Color"; Value = "Blue"; VariantName = "[No Variations]"
Add component (AddParameter): Name = "Dominant Wavelength"; Value = "470nm"; VariantName = "[No Variations]"
Add component (AddParameter): Name = "Forward Voltage"; Value = "3V"; VariantName = "[No Variations]"
Add component (AddParameter): Name = "Height"; Value = "2.6mm"; VariantName = "[No Variations]"
Add component (AddParameter): Name = "Length"; Value = "2.8mm"; VariantName = "[No Variations]"
Add component (AddParameter): Name = "Lens Color"; Value = "White"; VariantName = "[No Variations]"
Add component (AddParameter): Name = "Lens Transparency"; Value = "Diffused"; VariantName = "[No Variations]"
Add component (AddParameter): Name = "Luminous Intensity"; Value = "240mcd"; VariantName = "[No Variations]"
Add component (AddParameter): Name = "Mount"; Value = "Surface Mount"; VariantName = "[No Variations]"
Add component (AddParameter): Name = "Packaging"; Value = "Tape and Reel"; VariantName = "[No Variations]"
Add component (AddParameter): Name = "Test Current"; Value = "10mA"; VariantName = "[No Variations]"
Add component (AddParameter): Name = "Width"; Value = "2.8mm"; VariantName = "[No Variations]"
Added Component: Designator=D?_L1(FP-CLY6D-FKC-MFG)
Add component (AddParameter): Name = "Case/Package"; Value = "SMD/SMT"; VariantName = "[No Variations]"
Add component (AddParameter): Name = "Color"; Value = "Blue"; VariantName = "[No Variations]"
Add component (AddParameter): Name = "Dominant Wavelength"; Value = "470nm"; VariantName = "[No Variations]"
Add component (AddParameter): Name = "Forward Voltage"; Value = "3V"; VariantName = "[No Variations]"
Add component (AddParameter): Name = "Height"; Value = "2.6mm"; VariantName = "[No Variations]"
Add component (AddParameter): Name = "Length"; Value = "2.8mm"; VariantName = "[No Variations]"
Add component (AddParameter): Name = "Lens Color"; Value = "White"; VariantName = "[No Variations]"
Add component (AddParameter): Name = "Lens Transparency"; Value = "Diffused"; VariantName = "[No Variations]"
Add component (AddParameter): Name = "Luminous Intensity"; Value = "240mcd"; VariantName = "[No Variations]"
Add component (AddParameter): Name = "Mount"; Value = "Surface Mount"; VariantName = "[No Variations]"
Add component (AddParameter): Name = "Packaging"; Value = "Tape and Reel"; VariantName = "[No Variations]"
Add component (AddParameter): Name = "Test Current"; Value = "10mA"; VariantName = "[No Variations]"
Add component (AddParameter): Name = "Width"; Value = "2.8mm"; VariantName = "[No Variations]"
Added Component: Designator=D?_L1(FP-CLY6D-FKC-MFG)
Add component (AddParameter): Name = "Case/Package"; Value = "SMD/SMT"; VariantName = "[No Variations]"
Add component (AddParameter): Name = "Color"; Value = "Blue"; VariantName = "[No Variations]"
Add component (AddParameter): Name = "Dominant Wavelength"; Value = "470nm"; VariantName = "[No Variations]"
Add component (AddParameter): Name = "Forward Voltage"; Value = "3V"; VariantName = "[No Variations]"
Add component (AddParameter): Name = "Height"; Value = "2.6mm"; VariantName = "[No Variations]"
Add component (AddParameter): Name = "Length"; Value = "2.8mm"; VariantName = "[No Variations]"
Add component (AddParameter): Name = "Lens Color"; Value = "White"; VariantName = "[No Variations]"
Add component (AddParameter): Name = "Lens Transparency"; Value = "Diffused"; VariantName = "[No Variations]"
Add component (AddParameter): Name = "Luminous Intensity"; Value = "240mcd"; VariantName = "[No Variations]"
Add component (AddParameter): Name = "Mount"; Value = "Surface Mount"; VariantName = "[No Variations]"
Add component (AddParameter): Name = "Packaging"; Value = "Tape and Reel"; VariantName = "[No Variations]"
Add component (AddParameter): Name = "Test Current"; Value = "10mA"; VariantName = "[No Variations]"
Add component (AddParameter): Name = "Width"; Value = "2.8mm"; VariantName = "[No Variations]"
Added Component: Designator=D?_L2(FP-CLY6D-FKC-MFG)
Add component (AddParameter): Name = "Case/Package"; Value = "SMD/SMT"; VariantName = "[No Variations]"
Add component (AddParameter): Name = "Color"; Value = "Blue"; VariantName = "[No Variations]"
Add component (AddParameter): Name = "Dominant Wavelength"; Value = "470nm"; VariantName = "[No Variations]"
Add component (AddParameter): Name = "Forward Voltage"; Value = "3V"; VariantName = "[No Variations]"
Add component (AddParameter): Name = "Height"; Value = "2.6mm"; VariantName = "[No Variations]"
Add component (AddParameter): Name = "Length"; Value = "2.8mm"; VariantName = "[No Variations]"
Add component (AddParameter): Name = "Lens Color"; Value = "White"; VariantName = "[No Variations]"
Add component (AddParameter): Name = "Lens Transparency"; Value = "Diffused"; VariantName = "[No Variations]"
Add component (AddParameter): Name = "Luminous Intensity"; Value = "240mcd"; VariantName = "[No Variations]"
Add component (AddParameter): Name = "Mount"; Value = "Surface Mount"; VariantName = "[No Variations]"
Add component (AddParameter): Name = "Packaging"; Value = "Tape and Reel"; VariantName = "[No Variations]"
Add component (AddParameter): Name = "Test Current"; Value = "10mA"; VariantName = "[No Variations]"
Add component (AddParameter): Name = "Width"; Value = "2.8mm"; VariantName = "[No Variations]"
Added Component: Designator=D?_L2(FP-CLY6D-FKC-MFG)
Add component (AddParameter): Name = "Case/Package"; Value = "SMD/SMT"; VariantName = "[No Variations]"
Add component (AddParameter): Name = "Color"; Value = "Blue"; VariantName = "[No Variations]"
Add component (AddParameter): Name = "Dominant Wavelength"; Value = "470nm"; VariantName = "[No Variations]"
Add component (AddParameter): Name = "Forward Voltage"; Value = "3V"; VariantName = "[No Variations]"
Add component (AddParameter): Name = "Height"; Value = "2.6mm"; VariantName = "[No Variations]"
Add component (AddParameter): Name = "Length"; Value = "2.8mm"; VariantName = "[No Variations]"
Add component (AddParameter): Name = "Lens Color"; Value = "White"; VariantName = "[No Variations]"
Add component (AddParameter): Name = "Lens Transparency"; Value = "Diffused"; VariantName = "[No Variations]"
Add component (AddParameter): Name = "Luminous Intensity"; Value = "240mcd"; VariantName = "[No Variations]"
Add component (AddParameter): Name = "Mount"; Value = "Surface Mount"; VariantName = "[No Variations]"
Add component (AddParameter): Name = "Packaging"; Value = "Tape and Reel"; VariantName = "[No Variations]"
Add component (AddParameter): Name = "Test Current"; Value = "10mA"; VariantName = "[No Variations]"
Add component (AddParameter): Name = "Width"; Value = "2.8mm"; VariantName = "[No Variations]"
Added Component: Designator=D?_L2(FP-CLY6D-FKC-MFG)
Add component (AddParameter): Name = "Case/Package"; Value = "SMD/SMT"; VariantName = "[No Variations]"
Add component (AddParameter): Name = "Color"; Value = "Blue"; VariantName = "[No Variations]"
Add component (AddParameter): Name = "Dominant Wavelength"; Value = "470nm"; VariantName = "[No Variations]"
Add component (AddParameter): Name = "Forward Voltage"; Value = "3V"; VariantName = "[No Variations]"
Add component (AddParameter): Name = "Height"; Value = "2.6mm"; VariantName = "[No Variations]"
Add component (AddParameter): Name = "Length"; Value = "2.8mm"; VariantName = "[No Variations]"
Add component (AddParameter): Name = "Lens Color"; Value = "White"; VariantName = "[No Variations]"
Add component (AddParameter): Name = "Lens Transparency"; Value = "Diffused"; VariantName = "[No Variations]"
Add component (AddParameter): Name = "Luminous Intensity"; Value = "240mcd"; VariantName = "[No Variations]"
Add component (AddParameter): Name = "Mount"; Value = "Surface Mount"; VariantName = "[No Variations]"
Add component (AddParameter): Name = "Packaging"; Value = "Tape and Reel"; VariantName = "[No Variations]"
Add component (AddParameter): Name = "Test Current"; Value = "10mA"; VariantName = "[No Variations]"
Add component (AddParameter): Name = "Width"; Value = "2.8mm"; VariantName = "[No Variations]"
Added Component: Designator=DS4(WE-150060VS75000_V)
Add component (AddParameter): Name = "ComponentLink1Description"; Value = "Manufacturer URL"; VariantName = "[No Variations]"
Add component (AddParameter): Name = "ComponentLink1URL"; Value = "https://www.we-online.com/"; VariantName = "[No Variations]"
Add component (AddParameter): Name = "ComponentLink2Description"; Value = "Datasheet"; VariantName = "[No Variations]"
Add component (AddParameter): Name = "ComponentLink2URL"; Value = "http://katalog.we-online.de/led/datasheet/150060VS75000.pdf"; VariantName = "[No Variations]"
Add component (AddParameter): Name = "DatasheetVersion"; Value = "Rev. 2.7"; VariantName = "[No Variations]"
Add component (AddParameter): Name = "Mounting Technology"; Value = "Surface Mount"; VariantName = "[No Variations]"
Add component (AddParameter): Name = "PackageDescription"; Value = "2-Pin Surface Mount Device, Body 1.6 x 0.8 mm"; VariantName = "[No Variations]"
Add component (AddParameter): Name = "PartNumber"; Value = "150060VS75000"; VariantName = "[No Variations]"
Add component (AddParameter): Name = "RoHSCompliant"; Value = "True"; VariantName = "[No Variations]"
Added Component: Designator=FB2(SMD-0603)
Add component (AddParameter): Name = "ComponentLink1Description"; Value = "Manufacturer Link"; VariantName = "[No Variations]"
Add component (AddParameter): Name = "ComponentLink1URL"; Value = "http://www.we-online.com"; VariantName = "[No Variations]"
Add component (AddParameter): Name = "ComponentLink2Description"; Value = "Datasheet"; VariantName = "[No Variations]"
Add component (AddParameter): Name = "ComponentLink2URL"; Value = "http://www.we-online.de/katalog/media/pdf/742792651.pdf"; VariantName = "[No Variations]"
Add component (AddParameter): Name = "DatasheetVersion"; Value = "Dec-2005"; VariantName = "[No Variations]"
Add component (AddParameter): Name = "Impedance"; Value = "600 Ohm"; VariantName = "[No Variations]"
Add component (AddParameter): Name = "PackageDescription"; Value = "Chip Inductor, 2-Leads, Body 1.6 x 0.8 mm"; VariantName = "[No Variations]"
Add component (AddParameter): Name = "PackageReference"; Value = "SMD-0603"; VariantName = "[No Variations]"
Add component (AddParameter): Name = "PackageVersion"; Value = "2009"; VariantName = "[No Variations]"
Added Component: Designator=FB3(SMD-0603)
Add component (AddParameter): Name = "ComponentLink1Description"; Value = "Manufacturer Link"; VariantName = "[No Variations]"
Add component (AddParameter): Name = "ComponentLink1URL"; Value = "http://www.we-online.com"; VariantName = "[No Variations]"
Add component (AddParameter): Name = "ComponentLink2Description"; Value = "Datasheet"; VariantName = "[No Variations]"
Add component (AddParameter): Name = "ComponentLink2URL"; Value = "http://www.we-online.de/katalog/media/pdf/742792651.pdf"; VariantName = "[No Variations]"
Add component (AddParameter): Name = "DatasheetVersion"; Value = "Dec-2005"; VariantName = "[No Variations]"
Add component (AddParameter): Name = "Impedance"; Value = "600 Ohm"; VariantName = "[No Variations]"
Add component (AddParameter): Name = "PackageDescription"; Value = "Chip Inductor, 2-Leads, Body 1.6 x 0.8 mm"; VariantName = "[No Variations]"
Add component (AddParameter): Name = "PackageReference"; Value = "SMD-0603"; VariantName = "[No Variations]"
Add component (AddParameter): Name = "PackageVersion"; Value = "2009"; VariantName = "[No Variations]"
Added Component: Designator=FB5(FP-BLM15-0_05-IPC_C)
Add component (AddParameter): Name = "Case Code (Imperial)"; Value = "0402"; VariantName = "[No Variations]"
Add component (AddParameter): Name = "Case Code (Metric)"; Value = "1005"; VariantName = "[No Variations]"
Add component (AddParameter): Name = "Case/Package"; Value = "0402"; VariantName = "[No Variations]"
Add component (AddParameter): Name = "Contact Plating"; Value = "Tin"; VariantName = "[No Variations]"
Add component (AddParameter): Name = "Core Material"; Value = "Ferrite"; VariantName = "[No Variations]"
Add component (AddParameter): Name = "Current Rating"; Value = "250mA"; VariantName = "[No Variations]"
Add component (AddParameter): Name = "DC Current"; Value = "250mA"; VariantName = "[No Variations]"
Add component (AddParameter): Name = "DC Resistance (DCR)"; Value = "1.25R"; VariantName = "[No Variations]"
Add component (AddParameter): Name = "DC Resistance-Max"; Value = "1.25R"; VariantName = "[No Variations]"
Add component (AddParameter): Name = "Depth"; Value = "0.5mm"; VariantName = "[No Variations]"
Add component (AddParameter): Name = "Frequency"; Value = "100MHz"; VariantName = "[No Variations]"
Add component (AddParameter): Name = "Height"; Value = "0.5mm"; VariantName = "[No Variations]"
Add component (AddParameter): Name = "Impedance"; Value = "1kR"; VariantName = "[No Variations]"
Add component (AddParameter): Name = "Lead Free"; Value = "Lead Free"; VariantName = "[No Variations]"
Add component (AddParameter): Name = "Length"; Value = "1mm"; VariantName = "[No Variations]"
Add component (AddParameter): Name = "Manufacturer Series"; Value = "BLM15H"; VariantName = "[No Variations]"
Add component (AddParameter): Name = "Material"; Value = "Steel"; VariantName = "[No Variations]"
Add component (AddParameter): Name = "Max Current Rating"; Value = "250mA"; VariantName = "[No Variations]"
Add component (AddParameter): Name = "Max DC Current"; Value = "250mA"; VariantName = "[No Variations]"
Add component (AddParameter): Name = "Max Operating Temperature"; Value = "125°C"; VariantName = "[No Variations]"
Add component (AddParameter): Name = "Military Standard"; Value = "Not"; VariantName = "[No Variations]"
Add component (AddParameter): Name = "Min Operating Temperature"; Value = "-55°C"; VariantName = "[No Variations]"
Add component (AddParameter): Name = "Number of Circuits"; Value = "1"; VariantName = "[No Variations]"
Add component (AddParameter): Name = "Number of Functions"; Value = "1"; VariantName = "[No Variations]"
Add component (AddParameter): Name = "Number of Lines"; Value = "1"; VariantName = "[No Variations]"
Add component (AddParameter): Name = "Number of Pins"; Value = "2"; VariantName = "[No Variations]"
Add component (AddParameter): Name = "Package Quantity"; Value = "1"; VariantName = "[No Variations]"
Add component (AddParameter): Name = "Packaging"; Value = "Tape and Reel"; VariantName = "[No Variations]"
Add component (AddParameter): Name = "Radiation Hardening"; Value = "No"; VariantName = "[No Variations]"
Add component (AddParameter): Name = "REACH SVHC"; Value = "No SVHC"; VariantName = "[No Variations]"
Add component (AddParameter): Name = "Resistance"; Value = "1.25R"; VariantName = "[No Variations]"
Add component (AddParameter): Name = "RoHS Compliant"; Value = "Yes"; VariantName = "[No Variations]"
Add component (AddParameter): Name = "Series"; Value = "BLM15H"; VariantName = "[No Variations]"
Add component (AddParameter): Name = "Shielding"; Value = "Unshielded"; VariantName = "[No Variations]"
Add component (AddParameter): Name = "Termination"; Value = "SMD/SMT"; VariantName = "[No Variations]"
Add component (AddParameter): Name = "Test Frequency"; Value = "100MHz"; VariantName = "[No Variations]"
Add component (AddParameter): Name = "Tolerance"; Value = "25%"; VariantName = "[No Variations]"
Add component (AddParameter): Name = "Width"; Value = "0.5mm"; VariantName = "[No Variations]"
Added Component: Designator=FB6(FP-BLM15-0_05-IPC_C)
Add component (AddParameter): Name = "Case Code (Imperial)"; Value = "0402"; VariantName = "[No Variations]"
Add component (AddParameter): Name = "Case Code (Metric)"; Value = "1005"; VariantName = "[No Variations]"
Add component (AddParameter): Name = "Case/Package"; Value = "0402"; VariantName = "[No Variations]"
Add component (AddParameter): Name = "Contact Plating"; Value = "Tin"; VariantName = "[No Variations]"
Add component (AddParameter): Name = "Core Material"; Value = "Ferrite"; VariantName = "[No Variations]"
Add component (AddParameter): Name = "Current Rating"; Value = "250mA"; VariantName = "[No Variations]"
Add component (AddParameter): Name = "DC Current"; Value = "250mA"; VariantName = "[No Variations]"
Add component (AddParameter): Name = "DC Resistance (DCR)"; Value = "1.25R"; VariantName = "[No Variations]"
Add component (AddParameter): Name = "DC Resistance-Max"; Value = "1.25R"; VariantName = "[No Variations]"
Add component (AddParameter): Name = "Depth"; Value = "0.5mm"; VariantName = "[No Variations]"
Add component (AddParameter): Name = "Frequency"; Value = "100MHz"; VariantName = "[No Variations]"
Add component (AddParameter): Name = "Height"; Value = "0.5mm"; VariantName = "[No Variations]"
Add component (AddParameter): Name = "Impedance"; Value = "1kR"; VariantName = "[No Variations]"
Add component (AddParameter): Name = "Lead Free"; Value = "Lead Free"; VariantName = "[No Variations]"
Add component (AddParameter): Name = "Length"; Value = "1mm"; VariantName = "[No Variations]"
Add component (AddParameter): Name = "Manufacturer Series"; Value = "BLM15H"; VariantName = "[No Variations]"
Add component (AddParameter): Name = "Material"; Value = "Steel"; VariantName = "[No Variations]"
Add component (AddParameter): Name = "Max Current Rating"; Value = "250mA"; VariantName = "[No Variations]"
Add component (AddParameter): Name = "Max DC Current"; Value = "250mA"; VariantName = "[No Variations]"
Add component (AddParameter): Name = "Max Operating Temperature"; Value = "125°C"; VariantName = "[No Variations]"
Add component (AddParameter): Name = "Military Standard"; Value = "Not"; VariantName = "[No Variations]"
Add component (AddParameter): Name = "Min Operating Temperature"; Value = "-55°C"; VariantName = "[No Variations]"
Add component (AddParameter): Name = "Number of Circuits"; Value = "1"; VariantName = "[No Variations]"
Add component (AddParameter): Name = "Number of Functions"; Value = "1"; VariantName = "[No Variations]"
Add component (AddParameter): Name = "Number of Lines"; Value = "1"; VariantName = "[No Variations]"
Add component (AddParameter): Name = "Number of Pins"; Value = "2"; VariantName = "[No Variations]"
Add component (AddParameter): Name = "Package Quantity"; Value = "1"; VariantName = "[No Variations]"
Add component (AddParameter): Name = "Packaging"; Value = "Tape and Reel"; VariantName = "[No Variations]"
Add component (AddParameter): Name = "Radiation Hardening"; Value = "No"; VariantName = "[No Variations]"
Add component (AddParameter): Name = "REACH SVHC"; Value = "No SVHC"; VariantName = "[No Variations]"
Add component (AddParameter): Name = "Resistance"; Value = "1.25R"; VariantName = "[No Variations]"
Add component (AddParameter): Name = "RoHS Compliant"; Value = "Yes"; VariantName = "[No Variations]"
Add component (AddParameter): Name = "Series"; Value = "BLM15H"; VariantName = "[No Variations]"
Add component (AddParameter): Name = "Shielding"; Value = "Unshielded"; VariantName = "[No Variations]"
Add component (AddParameter): Name = "Termination"; Value = "SMD/SMT"; VariantName = "[No Variations]"
Add component (AddParameter): Name = "Test Frequency"; Value = "100MHz"; VariantName = "[No Variations]"
Add component (AddParameter): Name = "Tolerance"; Value = "25%"; VariantName = "[No Variations]"
Add component (AddParameter): Name = "Width"; Value = "0.5mm"; VariantName = "[No Variations]"
Added Component: Designator=FB7(FP-BLM15-0_05-IPC_C)
Add component (AddParameter): Name = "Case Code (Imperial)"; Value = "0402"; VariantName = "[No Variations]"
Add component (AddParameter): Name = "Case Code (Metric)"; Value = "1005"; VariantName = "[No Variations]"
Add component (AddParameter): Name = "Case/Package"; Value = "0402"; VariantName = "[No Variations]"
Add component (AddParameter): Name = "Contact Plating"; Value = "Tin"; VariantName = "[No Variations]"
Add component (AddParameter): Name = "Core Material"; Value = "Ferrite"; VariantName = "[No Variations]"
Add component (AddParameter): Name = "Current Rating"; Value = "250mA"; VariantName = "[No Variations]"
Add component (AddParameter): Name = "DC Current"; Value = "250mA"; VariantName = "[No Variations]"
Add component (AddParameter): Name = "DC Resistance (DCR)"; Value = "1.25R"; VariantName = "[No Variations]"
Add component (AddParameter): Name = "DC Resistance-Max"; Value = "1.25R"; VariantName = "[No Variations]"
Add component (AddParameter): Name = "Depth"; Value = "0.5mm"; VariantName = "[No Variations]"
Add component (AddParameter): Name = "Frequency"; Value = "100MHz"; VariantName = "[No Variations]"
Add component (AddParameter): Name = "Height"; Value = "0.5mm"; VariantName = "[No Variations]"
Add component (AddParameter): Name = "Impedance"; Value = "1kR"; VariantName = "[No Variations]"
Add component (AddParameter): Name = "Lead Free"; Value = "Lead Free"; VariantName = "[No Variations]"
Add component (AddParameter): Name = "Length"; Value = "1mm"; VariantName = "[No Variations]"
Add component (AddParameter): Name = "Manufacturer Series"; Value = "BLM15H"; VariantName = "[No Variations]"
Add component (AddParameter): Name = "Material"; Value = "Steel"; VariantName = "[No Variations]"
Add component (AddParameter): Name = "Max Current Rating"; Value = "250mA"; VariantName = "[No Variations]"
Add component (AddParameter): Name = "Max DC Current"; Value = "250mA"; VariantName = "[No Variations]"
Add component (AddParameter): Name = "Max Operating Temperature"; Value = "125°C"; VariantName = "[No Variations]"
Add component (AddParameter): Name = "Military Standard"; Value = "Not"; VariantName = "[No Variations]"
Add component (AddParameter): Name = "Min Operating Temperature"; Value = "-55°C"; VariantName = "[No Variations]"
Add component (AddParameter): Name = "Number of Circuits"; Value = "1"; VariantName = "[No Variations]"
Add component (AddParameter): Name = "Number of Functions"; Value = "1"; VariantName = "[No Variations]"
Add component (AddParameter): Name = "Number of Lines"; Value = "1"; VariantName = "[No Variations]"
Add component (AddParameter): Name = "Number of Pins"; Value = "2"; VariantName = "[No Variations]"
Add component (AddParameter): Name = "Package Quantity"; Value = "1"; VariantName = "[No Variations]"
Add component (AddParameter): Name = "Packaging"; Value = "Tape and Reel"; VariantName = "[No Variations]"
Add component (AddParameter): Name = "Radiation Hardening"; Value = "No"; VariantName = "[No Variations]"
Add component (AddParameter): Name = "REACH SVHC"; Value = "No SVHC"; VariantName = "[No Variations]"
Add component (AddParameter): Name = "Resistance"; Value = "1.25R"; VariantName = "[No Variations]"
Add component (AddParameter): Name = "RoHS Compliant"; Value = "Yes"; VariantName = "[No Variations]"
Add component (AddParameter): Name = "Series"; Value = "BLM15H"; VariantName = "[No Variations]"
Add component (AddParameter): Name = "Shielding"; Value = "Unshielded"; VariantName = "[No Variations]"
Add component (AddParameter): Name = "Termination"; Value = "SMD/SMT"; VariantName = "[No Variations]"
Add component (AddParameter): Name = "Test Frequency"; Value = "100MHz"; VariantName = "[No Variations]"
Add component (AddParameter): Name = "Tolerance"; Value = "25%"; VariantName = "[No Variations]"
Add component (AddParameter): Name = "Width"; Value = "0.5mm"; VariantName = "[No Variations]"
Added Component: Designator=FB8(FP-BLM15-0_05-IPC_C)
Add component (AddParameter): Name = "Case Code (Imperial)"; Value = "0402"; VariantName = "[No Variations]"
Add component (AddParameter): Name = "Case Code (Metric)"; Value = "1005"; VariantName = "[No Variations]"
Add component (AddParameter): Name = "Case/Package"; Value = "0402"; VariantName = "[No Variations]"
Add component (AddParameter): Name = "Contact Plating"; Value = "Tin"; VariantName = "[No Variations]"
Add component (AddParameter): Name = "Core Material"; Value = "Ferrite"; VariantName = "[No Variations]"
Add component (AddParameter): Name = "Current Rating"; Value = "250mA"; VariantName = "[No Variations]"
Add component (AddParameter): Name = "DC Current"; Value = "250mA"; VariantName = "[No Variations]"
Add component (AddParameter): Name = "DC Resistance (DCR)"; Value = "1.25R"; VariantName = "[No Variations]"
Add component (AddParameter): Name = "DC Resistance-Max"; Value = "1.25R"; VariantName = "[No Variations]"
Add component (AddParameter): Name = "Depth"; Value = "0.5mm"; VariantName = "[No Variations]"
Add component (AddParameter): Name = "Frequency"; Value = "100MHz"; VariantName = "[No Variations]"
Add component (AddParameter): Name = "Height"; Value = "0.5mm"; VariantName = "[No Variations]"
Add component (AddParameter): Name = "Impedance"; Value = "1kR"; VariantName = "[No Variations]"
Add component (AddParameter): Name = "Lead Free"; Value = "Lead Free"; VariantName = "[No Variations]"
Add component (AddParameter): Name = "Length"; Value = "1mm"; VariantName = "[No Variations]"
Add component (AddParameter): Name = "Manufacturer Series"; Value = "BLM15H"; VariantName = "[No Variations]"
Add component (AddParameter): Name = "Material"; Value = "Steel"; VariantName = "[No Variations]"
Add component (AddParameter): Name = "Max Current Rating"; Value = "250mA"; VariantName = "[No Variations]"
Add component (AddParameter): Name = "Max DC Current"; Value = "250mA"; VariantName = "[No Variations]"
Add component (AddParameter): Name = "Max Operating Temperature"; Value = "125°C"; VariantName = "[No Variations]"
Add component (AddParameter): Name = "Military Standard"; Value = "Not"; VariantName = "[No Variations]"
Add component (AddParameter): Name = "Min Operating Temperature"; Value = "-55°C"; VariantName = "[No Variations]"
Add component (AddParameter): Name = "Number of Circuits"; Value = "1"; VariantName = "[No Variations]"
Add component (AddParameter): Name = "Number of Functions"; Value = "1"; VariantName = "[No Variations]"
Add component (AddParameter): Name = "Number of Lines"; Value = "1"; VariantName = "[No Variations]"
Add component (AddParameter): Name = "Number of Pins"; Value = "2"; VariantName = "[No Variations]"
Add component (AddParameter): Name = "Package Quantity"; Value = "1"; VariantName = "[No Variations]"
Add component (AddParameter): Name = "Packaging"; Value = "Tape and Reel"; VariantName = "[No Variations]"
Add component (AddParameter): Name = "Radiation Hardening"; Value = "No"; VariantName = "[No Variations]"
Add component (AddParameter): Name = "REACH SVHC"; Value = "No SVHC"; VariantName = "[No Variations]"
Add component (AddParameter): Name = "Resistance"; Value = "1.25R"; VariantName = "[No Variations]"
Add component (AddParameter): Name = "RoHS Compliant"; Value = "Yes"; VariantName = "[No Variations]"
Add component (AddParameter): Name = "Series"; Value = "BLM15H"; VariantName = "[No Variations]"
Add component (AddParameter): Name = "Shielding"; Value = "Unshielded"; VariantName = "[No Variations]"
Add component (AddParameter): Name = "Termination"; Value = "SMD/SMT"; VariantName = "[No Variations]"
Add component (AddParameter): Name = "Test Frequency"; Value = "100MHz"; VariantName = "[No Variations]"
Add component (AddParameter): Name = "Tolerance"; Value = "25%"; VariantName = "[No Variations]"
Add component (AddParameter): Name = "Width"; Value = "0.5mm"; VariantName = "[No Variations]"
Added Component: Designator=FB9(FP-BLM15-0_05-IPC_C)
Add component (AddParameter): Name = "Case Code (Imperial)"; Value = "0402"; VariantName = "[No Variations]"
Add component (AddParameter): Name = "Case Code (Metric)"; Value = "1005"; VariantName = "[No Variations]"
Add component (AddParameter): Name = "Case/Package"; Value = "0402"; VariantName = "[No Variations]"
Add component (AddParameter): Name = "Contact Plating"; Value = "Tin"; VariantName = "[No Variations]"
Add component (AddParameter): Name = "Core Material"; Value = "Ferrite"; VariantName = "[No Variations]"
Add component (AddParameter): Name = "Current Rating"; Value = "250mA"; VariantName = "[No Variations]"
Add component (AddParameter): Name = "DC Current"; Value = "250mA"; VariantName = "[No Variations]"
Add component (AddParameter): Name = "DC Resistance (DCR)"; Value = "1.25R"; VariantName = "[No Variations]"
Add component (AddParameter): Name = "DC Resistance-Max"; Value = "1.25R"; VariantName = "[No Variations]"
Add component (AddParameter): Name = "Depth"; Value = "0.5mm"; VariantName = "[No Variations]"
Add component (AddParameter): Name = "Frequency"; Value = "100MHz"; VariantName = "[No Variations]"
Add component (AddParameter): Name = "Height"; Value = "0.5mm"; VariantName = "[No Variations]"
Add component (AddParameter): Name = "Impedance"; Value = "1kR"; VariantName = "[No Variations]"
Add component (AddParameter): Name = "Lead Free"; Value = "Lead Free"; VariantName = "[No Variations]"
Add component (AddParameter): Name = "Length"; Value = "1mm"; VariantName = "[No Variations]"
Add component (AddParameter): Name = "Manufacturer Series"; Value = "BLM15H"; VariantName = "[No Variations]"
Add component (AddParameter): Name = "Material"; Value = "Steel"; VariantName = "[No Variations]"
Add component (AddParameter): Name = "Max Current Rating"; Value = "250mA"; VariantName = "[No Variations]"
Add component (AddParameter): Name = "Max DC Current"; Value = "250mA"; VariantName = "[No Variations]"
Add component (AddParameter): Name = "Max Operating Temperature"; Value = "125°C"; VariantName = "[No Variations]"
Add component (AddParameter): Name = "Military Standard"; Value = "Not"; VariantName = "[No Variations]"
Add component (AddParameter): Name = "Min Operating Temperature"; Value = "-55°C"; VariantName = "[No Variations]"
Add component (AddParameter): Name = "Number of Circuits"; Value = "1"; VariantName = "[No Variations]"
Add component (AddParameter): Name = "Number of Functions"; Value = "1"; VariantName = "[No Variations]"
Add component (AddParameter): Name = "Number of Lines"; Value = "1"; VariantName = "[No Variations]"
Add component (AddParameter): Name = "Number of Pins"; Value = "2"; VariantName = "[No Variations]"
Add component (AddParameter): Name = "Package Quantity"; Value = "1"; VariantName = "[No Variations]"
Add component (AddParameter): Name = "Packaging"; Value = "Tape and Reel"; VariantName = "[No Variations]"
Add component (AddParameter): Name = "Radiation Hardening"; Value = "No"; VariantName = "[No Variations]"
Add component (AddParameter): Name = "REACH SVHC"; Value = "No SVHC"; VariantName = "[No Variations]"
Add component (AddParameter): Name = "Resistance"; Value = "1.25R"; VariantName = "[No Variations]"
Add component (AddParameter): Name = "RoHS Compliant"; Value = "Yes"; VariantName = "[No Variations]"
Add component (AddParameter): Name = "Series"; Value = "BLM15H"; VariantName = "[No Variations]"
Add component (AddParameter): Name = "Shielding"; Value = "Unshielded"; VariantName = "[No Variations]"
Add component (AddParameter): Name = "Termination"; Value = "SMD/SMT"; VariantName = "[No Variations]"
Add component (AddParameter): Name = "Test Frequency"; Value = "100MHz"; VariantName = "[No Variations]"
Add component (AddParameter): Name = "Tolerance"; Value = "25%"; VariantName = "[No Variations]"
Add component (AddParameter): Name = "Width"; Value = "0.5mm"; VariantName = "[No Variations]"
Added Component: Designator=R1_L1(J1-0603)
Add component (AddParameter): Name = "LatestRevisionDate"; Value = "29-May-2009"; VariantName = "[No Variations]"
Add component (AddParameter): Name = "LatestRevisionNote"; Value = "IPC-7351 Footprint Added."; VariantName = "[No Variations]"
Add component (AddParameter): Name = "PackageDescription"; Value = "Chip Resistor"; VariantName = "[No Variations]"
Add component (AddParameter): Name = "PackageReference"; Value = "J1-0603"; VariantName = "[No Variations]"
Add component (AddParameter): Name = "Published"; Value = "8-Jun-2000"; VariantName = "[No Variations]"
Add component (AddParameter): Name = "Publisher"; Value = "Altium Limited"; VariantName = "[No Variations]"
Add component (AddParameter): Name = "Value"; Value = "120"; VariantName = "[No Variations]"
Added Component: Designator=R1_L2(J1-0603)
Add component (AddParameter): Name = "LatestRevisionDate"; Value = "29-May-2009"; VariantName = "[No Variations]"
Add component (AddParameter): Name = "LatestRevisionNote"; Value = "IPC-7351 Footprint Added."; VariantName = "[No Variations]"
Add component (AddParameter): Name = "PackageDescription"; Value = "Chip Resistor"; VariantName = "[No Variations]"
Add component (AddParameter): Name = "PackageReference"; Value = "J1-0603"; VariantName = "[No Variations]"
Add component (AddParameter): Name = "Published"; Value = "8-Jun-2000"; VariantName = "[No Variations]"
Add component (AddParameter): Name = "Publisher"; Value = "Altium Limited"; VariantName = "[No Variations]"
Add component (AddParameter): Name = "Value"; Value = "120"; VariantName = "[No Variations]"
Added Component: Designator=R2_L1(J1-0603)
Add component (AddParameter): Name = "LatestRevisionDate"; Value = "29-May-2009"; VariantName = "[No Variations]"
Add component (AddParameter): Name = "LatestRevisionNote"; Value = "IPC-7351 Footprint Added."; VariantName = "[No Variations]"
Add component (AddParameter): Name = "PackageDescription"; Value = "Chip Resistor"; VariantName = "[No Variations]"
Add component (AddParameter): Name = "PackageReference"; Value = "J1-0603"; VariantName = "[No Variations]"
Add component (AddParameter): Name = "Published"; Value = "8-Jun-2000"; VariantName = "[No Variations]"
Add component (AddParameter): Name = "Publisher"; Value = "Altium Limited"; VariantName = "[No Variations]"
Add component (AddParameter): Name = "Value"; Value = "33"; VariantName = "[No Variations]"
Added Component: Designator=R2_L2(J1-0603)
Add component (AddParameter): Name = "LatestRevisionDate"; Value = "29-May-2009"; VariantName = "[No Variations]"
Add component (AddParameter): Name = "LatestRevisionNote"; Value = "IPC-7351 Footprint Added."; VariantName = "[No Variations]"
Add component (AddParameter): Name = "PackageDescription"; Value = "Chip Resistor"; VariantName = "[No Variations]"
Add component (AddParameter): Name = "PackageReference"; Value = "J1-0603"; VariantName = "[No Variations]"
Add component (AddParameter): Name = "Published"; Value = "8-Jun-2000"; VariantName = "[No Variations]"
Add component (AddParameter): Name = "Publisher"; Value = "Altium Limited"; VariantName = "[No Variations]"
Add component (AddParameter): Name = "Value"; Value = "33"; VariantName = "[No Variations]"
Added Component: Designator=R3_L1(J1-0603)
Add component (AddParameter): Name = "LatestRevisionDate"; Value = "29-May-2009"; VariantName = "[No Variations]"
Add component (AddParameter): Name = "LatestRevisionNote"; Value = "IPC-7351 Footprint Added."; VariantName = "[No Variations]"
Add component (AddParameter): Name = "PackageDescription"; Value = "Chip Resistor"; VariantName = "[No Variations]"
Add component (AddParameter): Name = "PackageReference"; Value = "J1-0603"; VariantName = "[No Variations]"
Add component (AddParameter): Name = "Published"; Value = "8-Jun-2000"; VariantName = "[No Variations]"
Add component (AddParameter): Name = "Publisher"; Value = "Altium Limited"; VariantName = "[No Variations]"
Add component (AddParameter): Name = "Value"; Value = "33"; VariantName = "[No Variations]"
Added Component: Designator=R3_L2(J1-0603)
Add component (AddParameter): Name = "LatestRevisionDate"; Value = "29-May-2009"; VariantName = "[No Variations]"
Add component (AddParameter): Name = "LatestRevisionNote"; Value = "IPC-7351 Footprint Added."; VariantName = "[No Variations]"
Add component (AddParameter): Name = "PackageDescription"; Value = "Chip Resistor"; VariantName = "[No Variations]"
Add component (AddParameter): Name = "PackageReference"; Value = "J1-0603"; VariantName = "[No Variations]"
Add component (AddParameter): Name = "Published"; Value = "8-Jun-2000"; VariantName = "[No Variations]"
Add component (AddParameter): Name = "Publisher"; Value = "Altium Limited"; VariantName = "[No Variations]"
Add component (AddParameter): Name = "Value"; Value = "33"; VariantName = "[No Variations]"
Added Component: Designator=R20(J1-0603)
Add component (AddParameter): Name = "LatestRevisionDate"; Value = "29-May-2009"; VariantName = "[No Variations]"
Add component (AddParameter): Name = "LatestRevisionNote"; Value = "IPC-7351 Footprint Added."; VariantName = "[No Variations]"
Add component (AddParameter): Name = "PackageDescription"; Value = "Chip Resistor"; VariantName = "[No Variations]"
Add component (AddParameter): Name = "PackageReference"; Value = "J1-0603"; VariantName = "[No Variations]"
Add component (AddParameter): Name = "Published"; Value = "8-Jun-2000"; VariantName = "[No Variations]"
Add component (AddParameter): Name = "Publisher"; Value = "Altium Limited"; VariantName = "[No Variations]"
Add component (AddParameter): Name = "Value"; Value = "1k"; VariantName = "[No Variations]"
Added Component: Designator=R21(J1-0603)
Add component (AddParameter): Name = "LatestRevisionDate"; Value = "29-May-2009"; VariantName = "[No Variations]"
Add component (AddParameter): Name = "LatestRevisionNote"; Value = "IPC-7351 Footprint Added."; VariantName = "[No Variations]"
Add component (AddParameter): Name = "PackageDescription"; Value = "Chip Resistor"; VariantName = "[No Variations]"
Add component (AddParameter): Name = "PackageReference"; Value = "J1-0603"; VariantName = "[No Variations]"
Add component (AddParameter): Name = "Published"; Value = "8-Jun-2000"; VariantName = "[No Variations]"
Add component (AddParameter): Name = "Publisher"; Value = "Altium Limited"; VariantName = "[No Variations]"
Add component (AddParameter): Name = "Value"; Value = "10k"; VariantName = "[No Variations]"
Added Component: Designator=R22(J1-0603)
Add component (AddParameter): Name = "LatestRevisionDate"; Value = "29-May-2009"; VariantName = "[No Variations]"
Add component (AddParameter): Name = "LatestRevisionNote"; Value = "IPC-7351 Footprint Added."; VariantName = "[No Variations]"
Add component (AddParameter): Name = "PackageDescription"; Value = "Chip Resistor"; VariantName = "[No Variations]"
Add component (AddParameter): Name = "PackageReference"; Value = "J1-0603"; VariantName = "[No Variations]"
Add component (AddParameter): Name = "Published"; Value = "8-Jun-2000"; VariantName = "[No Variations]"
Add component (AddParameter): Name = "Publisher"; Value = "Altium Limited"; VariantName = "[No Variations]"
Add component (AddParameter): Name = "Value"; Value = "10k"; VariantName = "[No Variations]"
Added Component: Designator=R23(J1-0603)
Add component (AddParameter): Name = "LatestRevisionDate"; Value = "29-May-2009"; VariantName = "[No Variations]"
Add component (AddParameter): Name = "LatestRevisionNote"; Value = "IPC-7351 Footprint Added."; VariantName = "[No Variations]"
Add component (AddParameter): Name = "PackageDescription"; Value = "Chip Resistor"; VariantName = "[No Variations]"
Add component (AddParameter): Name = "PackageReference"; Value = "J1-0603"; VariantName = "[No Variations]"
Add component (AddParameter): Name = "Published"; Value = "8-Jun-2000"; VariantName = "[No Variations]"
Add component (AddParameter): Name = "Publisher"; Value = "Altium Limited"; VariantName = "[No Variations]"
Add component (AddParameter): Name = "Value"; Value = "10k"; VariantName = "[No Variations]"
Added Component: Designator=R201(J1-0603)
Add component (AddParameter): Name = "LatestRevisionDate"; Value = "29-May-2009"; VariantName = "[No Variations]"
Add component (AddParameter): Name = "LatestRevisionNote"; Value = "IPC-7351 Footprint Added."; VariantName = "[No Variations]"
Add component (AddParameter): Name = "PackageDescription"; Value = "Chip Resistor"; VariantName = "[No Variations]"
Add component (AddParameter): Name = "PackageReference"; Value = "J1-0603"; VariantName = "[No Variations]"
Add component (AddParameter): Name = "Published"; Value = "8-Jun-2000"; VariantName = "[No Variations]"
Add component (AddParameter): Name = "Publisher"; Value = "Altium Limited"; VariantName = "[No Variations]"
Add component (AddParameter): Name = "Value"; Value = "470"; VariantName = "[No Variations]"
Added Component: Designator=R301(J1-0603)
Add component (AddParameter): Name = "LatestRevisionDate"; Value = "29-May-2009"; VariantName = "[No Variations]"
Add component (AddParameter): Name = "LatestRevisionNote"; Value = "IPC-7351 Footprint Added."; VariantName = "[No Variations]"
Add component (AddParameter): Name = "PackageDescription"; Value = "Chip Resistor"; VariantName = "[No Variations]"
Add component (AddParameter): Name = "PackageReference"; Value = "J1-0603"; VariantName = "[No Variations]"
Add component (AddParameter): Name = "Published"; Value = "8-Jun-2000"; VariantName = "[No Variations]"
Add component (AddParameter): Name = "Publisher"; Value = "Altium Limited"; VariantName = "[No Variations]"
Add component (AddParameter): Name = "Value"; Value = "33"; VariantName = "[No Variations]"
Added Component: Designator=R302(J1-0603)
Add component (AddParameter): Name = "LatestRevisionDate"; Value = "29-May-2009"; VariantName = "[No Variations]"
Add component (AddParameter): Name = "LatestRevisionNote"; Value = "IPC-7351 Footprint Added."; VariantName = "[No Variations]"
Add component (AddParameter): Name = "PackageDescription"; Value = "Chip Resistor"; VariantName = "[No Variations]"
Add component (AddParameter): Name = "PackageReference"; Value = "J1-0603"; VariantName = "[No Variations]"
Add component (AddParameter): Name = "Published"; Value = "8-Jun-2000"; VariantName = "[No Variations]"
Add component (AddParameter): Name = "Publisher"; Value = "Altium Limited"; VariantName = "[No Variations]"
Add component (AddParameter): Name = "Value"; Value = "33"; VariantName = "[No Variations]"
Added Component: Designator=R303(J1-0603)
Add component (AddParameter): Name = "LatestRevisionDate"; Value = "29-May-2009"; VariantName = "[No Variations]"
Add component (AddParameter): Name = "LatestRevisionNote"; Value = "IPC-7351 Footprint Added."; VariantName = "[No Variations]"
Add component (AddParameter): Name = "PackageDescription"; Value = "Chip Resistor"; VariantName = "[No Variations]"
Add component (AddParameter): Name = "PackageReference"; Value = "J1-0603"; VariantName = "[No Variations]"
Add component (AddParameter): Name = "Published"; Value = "8-Jun-2000"; VariantName = "[No Variations]"
Add component (AddParameter): Name = "Publisher"; Value = "Altium Limited"; VariantName = "[No Variations]"
Add component (AddParameter): Name = "Value"; Value = "4.7k"; VariantName = "[No Variations]"
Added Component: Designator=R304(J1-0603)
Add component (AddParameter): Name = "LatestRevisionDate"; Value = "29-May-2009"; VariantName = "[No Variations]"
Add component (AddParameter): Name = "LatestRevisionNote"; Value = "IPC-7351 Footprint Added."; VariantName = "[No Variations]"
Add component (AddParameter): Name = "PackageDescription"; Value = "Chip Resistor"; VariantName = "[No Variations]"
Add component (AddParameter): Name = "PackageReference"; Value = "J1-0603"; VariantName = "[No Variations]"
Add component (AddParameter): Name = "Published"; Value = "8-Jun-2000"; VariantName = "[No Variations]"
Add component (AddParameter): Name = "Publisher"; Value = "Altium Limited"; VariantName = "[No Variations]"
Add component (AddParameter): Name = "Value"; Value = "4.7k"; VariantName = "[No Variations]"
Added Component: Designator=R401(J1-0603)
Add component (AddParameter): Name = "LatestRevisionDate"; Value = "29-May-2009"; VariantName = "[No Variations]"
Add component (AddParameter): Name = "LatestRevisionNote"; Value = "IPC-7351 Footprint Added."; VariantName = "[No Variations]"
Add component (AddParameter): Name = "PackageDescription"; Value = "Chip Resistor"; VariantName = "[No Variations]"
Add component (AddParameter): Name = "PackageReference"; Value = "J1-0603"; VariantName = "[No Variations]"
Add component (AddParameter): Name = "Published"; Value = "8-Jun-2000"; VariantName = "[No Variations]"
Add component (AddParameter): Name = "Publisher"; Value = "Altium Limited"; VariantName = "[No Variations]"
Add component (AddParameter): Name = "Value"; Value = "10k"; VariantName = "[No Variations]"
Added Component: Designator=R402(J1-0603)
Add component (AddParameter): Name = "LatestRevisionDate"; Value = "29-May-2009"; VariantName = "[No Variations]"
Add component (AddParameter): Name = "LatestRevisionNote"; Value = "IPC-7351 Footprint Added."; VariantName = "[No Variations]"
Add component (AddParameter): Name = "PackageDescription"; Value = "Chip Resistor"; VariantName = "[No Variations]"
Add component (AddParameter): Name = "PackageReference"; Value = "J1-0603"; VariantName = "[No Variations]"
Add component (AddParameter): Name = "Published"; Value = "8-Jun-2000"; VariantName = "[No Variations]"
Add component (AddParameter): Name = "Publisher"; Value = "Altium Limited"; VariantName = "[No Variations]"
Add component (AddParameter): Name = "Value"; Value = "10k"; VariantName = "[No Variations]"
Added Component: Designator=R403(J1-0603)
Add component (AddParameter): Name = "LatestRevisionDate"; Value = "29-May-2009"; VariantName = "[No Variations]"
Add component (AddParameter): Name = "LatestRevisionNote"; Value = "IPC-7351 Footprint Added."; VariantName = "[No Variations]"
Add component (AddParameter): Name = "PackageDescription"; Value = "Chip Resistor"; VariantName = "[No Variations]"
Add component (AddParameter): Name = "PackageReference"; Value = "J1-0603"; VariantName = "[No Variations]"
Add component (AddParameter): Name = "Published"; Value = "8-Jun-2000"; VariantName = "[No Variations]"
Add component (AddParameter): Name = "Publisher"; Value = "Altium Limited"; VariantName = "[No Variations]"
Add component (AddParameter): Name = "Value"; Value = "470"; VariantName = "[No Variations]"
Added Component: Designator=R601(J1-0603)
Add component (AddParameter): Name = "LatestRevisionDate"; Value = "29-May-2009"; VariantName = "[No Variations]"
Add component (AddParameter): Name = "LatestRevisionNote"; Value = "IPC-7351 Footprint Added."; VariantName = "[No Variations]"
Add component (AddParameter): Name = "PackageDescription"; Value = "Chip Resistor"; VariantName = "[No Variations]"
Add component (AddParameter): Name = "PackageReference"; Value = "J1-0603"; VariantName = "[No Variations]"
Add component (AddParameter): Name = "Published"; Value = "8-Jun-2000"; VariantName = "[No Variations]"
Add component (AddParameter): Name = "Publisher"; Value = "Altium Limited"; VariantName = "[No Variations]"
Add component (AddParameter): Name = "Value"; Value = "33"; VariantName = "[No Variations]"
Added Pin To Net: NetName=NetC201_1 Pin=C201-1
Added Pin To Net: NetName=NetC201_2 Pin=C201-2
Added Pin To Net: NetName=NetC201_1 Pin=C202-1
Added Pin To Net: NetName=NetC201_2 Pin=C202-2
Added Pin To Net: NetName=GND Pin=C203-1
Added Pin To Net: NetName=3.3V Pin=C203-2
Added Pin To Net: NetName=NetC201_1 Pin=C204-1
Added Pin To Net: NetName=NetC201_2 Pin=C204-2
Added Pin To Net: NetName=NetC201_1 Pin=C205-1
Added Pin To Net: NetName=NetC201_2 Pin=C205-2
Added Pin To Net: NetName=VREFL Pin=C206-1
Added Pin To Net: NetName=VREFH Pin=C206-2
Added Pin To Net: NetName=VREFL Pin=C207-1
Added Pin To Net: NetName=VDDA Pin=C207-2
Added Pin To Net: NetName=VREFL Pin=C208-1
Added Pin To Net: NetName=VREF OUT Pin=C208-2
Added Pin To Net: NetName=GND Pin=C209-1
Added Pin To Net: NetName=3.3V Pin=C209-2
Added Pin To Net: NetName=GND Pin=C210-1
Added Pin To Net: NetName=3.3V Pin=C210-2
Added Pin To Net: NetName=GND Pin=C401-1
Added Pin To Net: NetName=3.3V Pin=C401-2
Added Pin To Net: NetName=GND Pin=C402-1
Added Pin To Net: NetName=3.3V Pin=C402-2
Added Pin To Net: NetName=GND Pin=C403-1
Added Pin To Net: NetName=3.3V Pin=C403-2
Added Pin To Net: NetName=GND Pin=C404-1
Added Pin To Net: NetName=3.3V Pin=C404-2
Added Pin To Net: NetName=GND Pin=C405-1
Added Pin To Net: NetName=NetC405_2 Pin=C405-2
Added Pin To Net: NetName=GND Pin=C406-1
Added Pin To Net: NetName=3.3V Pin=C406-2
Added Pin To Net: NetName=GND Pin=C407-1
Added Pin To Net: NetName=3.3V Pin=C407-2
Added Pin To Net: NetName=GND Pin=C408-1
Added Pin To Net: NetName=NetC408_2 Pin=C408-2
Added Pin To Net: NetName=GND Pin=C409-1
Added Pin To Net: NetName=NetC408_2 Pin=C409-2
Added Pin To Net: NetName=NetC509_1 Pin=C509-1
Added Pin To Net: NetName=GND Pin=C509-2
Added Pin To Net: NetName=GND Pin=C601-1
Added Pin To Net: NetName=3.3V Pin=C601-2
Added Pin To Net: NetName=GND Pin=C602-1
Added Pin To Net: NetName=3.3V Pin=C602-2
Added Pin To Net: NetName=GND Pin=C603-1
Added Pin To Net: NetName=3.3V Pin=C603-2
Added Pin To Net: NetName=NetD?_L1_1 Pin=D?_L1-1
Added Pin To Net: NetName=NetD?_L1_2 Pin=D?_L1-2
Added Pin To Net: NetName=NetD?_L1_3 Pin=D?_L1-3
Added Pin To Net: NetName=A BLU1 Pin=D?_L1-4
Added Pin To Net: NetName=A GRN1 Pin=D?_L1-5
Added Pin To Net: NetName=A RED1 Pin=D?_L1-6
Added Pin To Net: NetName=NetD?_L2_1 Pin=D?_L2-1
Added Pin To Net: NetName=NetD?_L2_2 Pin=D?_L2-2
Added Pin To Net: NetName=NetD?_L2_3 Pin=D?_L2-3
Added Pin To Net: NetName=A BLU2 Pin=D?_L2-4
Added Pin To Net: NetName=A GRN2 Pin=D?_L2-5
Added Pin To Net: NetName=A RED2 Pin=D?_L2-6
Added Pin To Net: NetName=GND Pin=DS4-1
Added Pin To Net: NetName=NetDS4_2 Pin=DS4-2
Added Pin To Net: NetName=VDDA Pin=FB2-1
Added Pin To Net: NetName=3.3V Pin=FB2-2
Added Pin To Net: NetName=GND Pin=FB3-1
Added Pin To Net: NetName=VREFL Pin=FB3-2
Added Pin To Net: NetName=GPS RST Pin=FB5-1
Added Pin To Net: NetName=NetFB5_2 Pin=FB5-2
Added Pin To Net: NetName=SCL Pin=FB6-1
Added Pin To Net: NetName=NetFB6_2 Pin=FB6-2
Added Pin To Net: NetName=SDA Pin=FB7-1
Added Pin To Net: NetName=NetFB7_2 Pin=FB7-2
Added Pin To Net: NetName=NetFB8_1 Pin=FB8-1
Added Pin To Net: NetName=GPS INT Pin=FB8-2
Added Pin To Net: NetName=NetFB9_1 Pin=FB9-1
Added Pin To Net: NetName=GPS TP Pin=FB9-2
Added Pin To Net: NetName=GND Pin=R1_L1-1
Added Pin To Net: NetName=NetD?_L1_3 Pin=R1_L1-2
Added Pin To Net: NetName=GND Pin=R1_L2-1
Added Pin To Net: NetName=NetD?_L2_3 Pin=R1_L2-2
Added Pin To Net: NetName=NetD?_L1_2 Pin=R2_L1-1
Added Pin To Net: NetName=GND Pin=R2_L1-2
Added Pin To Net: NetName=NetD?_L2_2 Pin=R2_L2-1
Added Pin To Net: NetName=GND Pin=R2_L2-2
Added Pin To Net: NetName=NetD?_L1_1 Pin=R3_L1-1
Added Pin To Net: NetName=GND Pin=R3_L1-2
Added Pin To Net: NetName=NetD?_L2_1 Pin=R3_L2-1
Added Pin To Net: NetName=GND Pin=R3_L2-2
Added Pin To Net: NetName=3.3V Pin=R20-1
Added Pin To Net: NetName=VD 3.3V Pin=R20-2
Added Pin To Net: NetName=VD 3.3V Pin=R21-1
Added Pin To Net: NetName=GND Pin=R21-2
Added Pin To Net: NetName=5V Pin=R22-1
Added Pin To Net: NetName=VD 5V Pin=R22-2
Added Pin To Net: NetName=VD 5V Pin=R23-1
Added Pin To Net: NetName=GND Pin=R23-2
Added Pin To Net: NetName=VREFH Pin=R201-1
Added Pin To Net: NetName=VDDA Pin=R201-2
Added Pin To Net: NetName=USB0 DM Pin=R301-1
Added Pin To Net: NetName=USB D- Pin=R301-2
Added Pin To Net: NetName=USB0 DP Pin=R302-1
Added Pin To Net: NetName=USB D+ Pin=R302-2
Added Pin To Net: NetName=3.3V Pin=R303-1
Added Pin To Net: NetName=SCL Pin=R303-2
Added Pin To Net: NetName=SDA Pin=R304-1
Added Pin To Net: NetName=3.3V Pin=R304-2
Added Pin To Net: NetName=3.3V Pin=R401-1
Added Pin To Net: NetName=IMU RST Pin=R401-2
Added Pin To Net: NetName=NetIMU1_4 Pin=R402-1
Added Pin To Net: NetName=3.3V Pin=R402-2
Added Pin To Net: NetName=GPS TP Pin=R403-1
Added Pin To Net: NetName=NetDS4_2 Pin=R403-2
Added Pin To Net: NetName=NetQ10_3 Pin=R601-1
Added Pin To Net: NetName=NetBUZZER_3 Pin=R601-2
Added Member To Class: ClassName=Sheet1 Member=Component C201 10uF
Added Member To Class: ClassName=Sheet1 Member=Component C202 100nF
Added Member To Class: ClassName=Sheet1 Member=Component C203 100nF
Added Member To Class: ClassName=Sheet1 Member=Component C204 100nF
Added Member To Class: ClassName=Sheet1 Member=Component C205 100nF
Added Member To Class: ClassName=Sheet1 Member=Component C206 100nF
Added Member To Class: ClassName=Sheet1 Member=Component C207 2.2uF
Added Member To Class: ClassName=Sheet1 Member=Component C208 100nF
Added Member To Class: ClassName=Sheet1 Member=Component C209 100nF
Added Member To Class: ClassName=Sheet1 Member=Component C210 100nF
Added Member To Class: ClassName=Sheet1 Member=Component C401 100nF
Added Member To Class: ClassName=Sheet1 Member=Component C402 100nF
Added Member To Class: ClassName=Sheet1 Member=Component C403 100nF
Added Member To Class: ClassName=Sheet1 Member=Component C404 120nF
Added Member To Class: ClassName=Sheet1 Member=Component C405 1uF
Added Member To Class: ClassName=Sheet1 Member=Component C406 100nF
Added Member To Class: ClassName=Sheet1 Member=Component C407 100nF
Added Member To Class: ClassName=Sheet1 Member=Component C408 1uF
Added Member To Class: ClassName=Sheet1 Member=Component C409 100nF
Added Member To Class: ClassName=Sheet1 Member=Component C509 100nF
Added Member To Class: ClassName=Sheet1 Member=Component C601 10uF
Added Member To Class: ClassName=Sheet1 Member=Component C602 10uF
Added Member To Class: ClassName=Sheet1 Member=Component C603 10uF
Added Member To Class: ClassName=L1 Member=Component D?_L1 (D?A) CLY6D-FKC-CK1N1D1BB7D3D3
Added Member To Class: ClassName=L1 Member=Component D?_L1 (D?A) CLY6D-FKC-CK1N1D1BB7D3D3
Added Member To Class: ClassName=L1 Member=Component D?_L1 (D?A) CLY6D-FKC-CK1N1D1BB7D3D3
Added Member To Class: ClassName=L2 Member=Component D?_L2 (D?A) CLY6D-FKC-CK1N1D1BB7D3D3
Added Member To Class: ClassName=L2 Member=Component D?_L2 (D?A) CLY6D-FKC-CK1N1D1BB7D3D3
Added Member To Class: ClassName=L2 Member=Component D?_L2 (D?A) CLY6D-FKC-CK1N1D1BB7D3D3
Added Member To Class: ClassName=Sheet1 Member=Component DS4 150060VS75000
Added Member To Class: ClassName=Sheet1 Member=Component FB2 742792651
Added Member To Class: ClassName=Sheet1 Member=Component FB3 742792651
Added Member To Class: ClassName=Sheet1 Member=Component FB5 BLM15HD102SN1D
Added Member To Class: ClassName=Sheet1 Member=Component FB6 BLM15HD102SN1D
Added Member To Class: ClassName=Sheet1 Member=Component FB7 BLM15HD102SN1D
Added Member To Class: ClassName=Sheet1 Member=Component FB8 BLM15HD102SN1D
Added Member To Class: ClassName=Sheet1 Member=Component FB9 BLM15HD102SN1D
Added Member To Class: ClassName=L1 Member=Component R1_L1 (R1) 0603
Added Member To Class: ClassName=L2 Member=Component R1_L2 (R1) 0603
Added Member To Class: ClassName=L1 Member=Component R2_L1 (R2) 0603
Added Member To Class: ClassName=L2 Member=Component R2_L2 (R2) 0603
Added Member To Class: ClassName=L1 Member=Component R3_L1 (R3) 0603
Added Member To Class: ClassName=L2 Member=Component R3_L2 (R3) 0603
Added Member To Class: ClassName=Sheet1 Member=Component R20 0603
Added Member To Class: ClassName=Sheet1 Member=Component R21 0603
Added Member To Class: ClassName=Sheet1 Member=Component R22 0603
Added Member To Class: ClassName=Sheet1 Member=Component R23 0603
Added Member To Class: ClassName=Sheet1 Member=Component R201 0603
Added Member To Class: ClassName=Sheet1 Member=Component R301 0603
Added Member To Class: ClassName=Sheet1 Member=Component R302 0603
Added Member To Class: ClassName=Sheet1 Member=Component R303 0603
Added Member To Class: ClassName=Sheet1 Member=Component R304 0603
Added Member To Class: ClassName=Sheet1 Member=Component R401 0603
Added Member To Class: ClassName=Sheet1 Member=Component R402 0603
Added Member To Class: ClassName=Sheet1 Member=Component R403 0603
Added Member To Class: ClassName=Sheet1 Member=Component R601 0603
Added Room: Name=L1
Added Room: Name=L2
