Removed Pin From Net: NetName=GND Pin=C301-1
Removed Pin From Net: NetName=5V Pin=C301-2
Removed Pin From Net: NetName=GND Pin=C302-1
Removed Pin From Net: NetName=3.3V Pin=C302-2
Removed Pin From Net: NetName=GND Pin=C303-1
Removed Pin From Net: NetName=3.3V Pin=C303-2
Removed Pin From Net: NetName=GND Pin=C304-1
Removed Pin From Net: NetName=GND Pin=C305-1
Removed Pin From Net: NetName=GND Pin=C306-1
Removed Pin From Net: NetName=5V Pin=C306-2
Removed Pin From Net: NetName=GND Pin=C307-1
Removed Pin From Net: NetName=3.3V Pin=C307-2
Removed Pin From Net: NetName=GND Pin=C308-1
Removed Pin From Net: NetName=3.3V Pin=C308-2
Removed Pin From Net: NetName=GND Pin=C309-1
Removed Pin From Net: NetName=GND Pin=C310-1
Removed Pin From Net: NetName=GND Pin=CANC1-7
Removed Pin From Net: NetName=SCLK Pin=CANC1-10
Removed Pin From Net: NetName=MOSI Pin=CANC1-11
Removed Pin From Net: NetName=MISO Pin=CANC1-12
Removed Pin From Net: NetName=3.3V Pin=CANC1-14
Removed Pin From Net: NetName=GND Pin=CANC1-15
Removed Pin From Net: NetName=GND Pin=CANC2-7
Removed Pin From Net: NetName=SCLK Pin=CANC2-10
Removed Pin From Net: NetName=MOSI Pin=CANC2-11
Removed Pin From Net: NetName=MISO Pin=CANC2-12
Removed Pin From Net: NetName=3.3V Pin=CANC2-14
Removed Pin From Net: NetName=GND Pin=CANC2-15
Removed Pin From Net: NetName=GND Pin=CANT1-2
Removed Pin From Net: NetName=5V Pin=CANT1-3
Removed Pin From Net: NetName=3.3V Pin=CANT1-5
Removed Pin From Net: NetName=GND Pin=CANT1-8
Removed Pin From Net: NetName=GND Pin=CANT1-9
Removed Pin From Net: NetName=GND Pin=CANT2-2
Removed Pin From Net: NetName=5V Pin=CANT2-3
Removed Pin From Net: NetName=3.3V Pin=CANT2-5
Removed Pin From Net: NetName=GND Pin=CANT2-8
Removed Pin From Net: NetName=GND Pin=CANT2-9
Removed Pin From Net: NetName=GND Pin=Y?-2
Remove Pin from Net: Failed to remove Pin
Removed Pin From Net: NetName=GND Pin=Y?-4
Remove Pin from Net: Failed to remove Pin
Removed Member From Class: ClassName=Sheet1 Member=CANC1
Removed Member From Class: ClassName=Sheet1 Member=CANC2
Removed Member From Class: ClassName=Sheet1 Member=CANT1
Removed Member From Class: ClassName=Sheet1 Member=CANT2
Removed Member From Class: ClassName=Sheet1 Member=Y?
Added Component: Designator=C1_B1(CAPC1608X95X40ML15T15)
Add component (AddParameter): Name = "Manufacturer"; Value = "Vitramon"; VariantName = "[No Variations]"
Add component (AddParameter): Name = "Part Number"; Value = "VJ0603Y104KXQCW1BC"; VariantName = "[No Variations]"
Added Component: Designator=C1_B2(CAPC1608X95X40ML15T15)
Add component (AddParameter): Name = "Manufacturer"; Value = "Vitramon"; VariantName = "[No Variations]"
Add component (AddParameter): Name = "Part Number"; Value = "VJ0603Y104KXQCW1BC"; VariantName = "[No Variations]"
Added Component: Designator=C2_B1(CAPC1608X95X40ML15T15)
Add component (AddParameter): Name = "Manufacturer"; Value = "Vitramon"; VariantName = "[No Variations]"
Add component (AddParameter): Name = "Part Number"; Value = "VJ0603Y104KXQCW1BC"; VariantName = "[No Variations]"
Added Component: Designator=C2_B2(CAPC1608X95X40ML15T15)
Add component (AddParameter): Name = "Manufacturer"; Value = "Vitramon"; VariantName = "[No Variations]"
Add component (AddParameter): Name = "Part Number"; Value = "VJ0603Y104KXQCW1BC"; VariantName = "[No Variations]"
Added Component: Designator=C3_B1(CAPC1608X95X40ML15T15)
Add component (AddParameter): Name = "Manufacturer"; Value = "Vitramon"; VariantName = "[No Variations]"
Add component (AddParameter): Name = "Part Number"; Value = "VJ0603Y104KXQCW1BC"; VariantName = "[No Variations]"
Added Component: Designator=C3_B2(CAPC1608X95X40ML15T15)
Add component (AddParameter): Name = "Manufacturer"; Value = "Vitramon"; VariantName = "[No Variations]"
Add component (AddParameter): Name = "Part Number"; Value = "VJ0603Y104KXQCW1BC"; VariantName = "[No Variations]"
Added Component: Designator=C4_B1(CAPC1608X95X40ML15T15)
Add component (AddParameter): Name = "Manufacturer"; Value = "Vitramon"; VariantName = "[No Variations]"
Add component (AddParameter): Name = "Part Number"; Value = "VJ0603Y104KXQCW1BC"; VariantName = "[No Variations]"
Added Component: Designator=C4_B2(CAPC1608X95X40ML15T15)
Add component (AddParameter): Name = "Manufacturer"; Value = "Vitramon"; VariantName = "[No Variations]"
Add component (AddParameter): Name = "Part Number"; Value = "VJ0603Y104KXQCW1BC"; VariantName = "[No Variations]"
Added Component: Designator=C5_B1(CAPC1608X95X40ML15T15)
Add component (AddParameter): Name = "Manufacturer"; Value = "Vitramon"; VariantName = "[No Variations]"
Add component (AddParameter): Name = "Part Number"; Value = "VJ0603Y104KXQCW1BC"; VariantName = "[No Variations]"
Added Component: Designator=C5_B2(CAPC1608X95X40ML15T15)
Add component (AddParameter): Name = "Manufacturer"; Value = "Vitramon"; VariantName = "[No Variations]"
Add component (AddParameter): Name = "Part Number"; Value = "VJ0603Y104KXQCW1BC"; VariantName = "[No Variations]"
Added Component: Designator=CAN C_B1(SON65P300X450X90-15N-D)
Add component (AddParameter): Name = "Arrow Part Number"; Value = "MCP2517FD-H/JHA"; VariantName = "[No Variations]"
Add component (AddParameter): Name = "Arrow Price/Stock"; Value = "https://www.arrow.com/en/products/mcp2517fd-hjha/microchip-technology?region=nac"; VariantName = "[No Variations]"
Add component (AddParameter): Name = "Datasheet Link"; Value = "http://ww1.microchip.com/downloads/en/DeviceDoc/MCP2517FD-External-CAN-FD-Controller-with-SPI-Interface-20005688B.pdf"; VariantName = "[No Variations]"
Add component (AddParameter): Name = "Height"; Value = "0.9mm"; VariantName = "[No Variations]"
Add component (AddParameter): Name = "Manufacturer_Name"; Value = "Microchip"; VariantName = "[No Variations]"
Add component (AddParameter): Name = "Manufacturer_Part_Number"; Value = "MCP2517FD-H/JHA"; VariantName = "[No Variations]"
Add component (AddParameter): Name = "Mouser Part Number"; Value = "579-MCP2517FD-H/JHA"; VariantName = "[No Variations]"
Add component (AddParameter): Name = "Mouser Price/Stock"; Value = "https://www.mouser.co.uk/ProductDetail/Microchip-Technology/MCP2517FD-H-JHA?qs=HXFqYaX1Q2zUpFu1TRdQJQ%3D%3D"; VariantName = "[No Variations]"
Added Component: Designator=CAN C_B2(SON65P300X450X90-15N-D)
Add component (AddParameter): Name = "Arrow Part Number"; Value = "MCP2517FD-H/JHA"; VariantName = "[No Variations]"
Add component (AddParameter): Name = "Arrow Price/Stock"; Value = "https://www.arrow.com/en/products/mcp2517fd-hjha/microchip-technology?region=nac"; VariantName = "[No Variations]"
Add component (AddParameter): Name = "Datasheet Link"; Value = "http://ww1.microchip.com/downloads/en/DeviceDoc/MCP2517FD-External-CAN-FD-Controller-with-SPI-Interface-20005688B.pdf"; VariantName = "[No Variations]"
Add component (AddParameter): Name = "Height"; Value = "0.9mm"; VariantName = "[No Variations]"
Add component (AddParameter): Name = "Manufacturer_Name"; Value = "Microchip"; VariantName = "[No Variations]"
Add component (AddParameter): Name = "Manufacturer_Part_Number"; Value = "MCP2517FD-H/JHA"; VariantName = "[No Variations]"
Add component (AddParameter): Name = "Mouser Part Number"; Value = "579-MCP2517FD-H/JHA"; VariantName = "[No Variations]"
Add component (AddParameter): Name = "Mouser Price/Stock"; Value = "https://www.mouser.co.uk/ProductDetail/Microchip-Technology/MCP2517FD-H-JHA?qs=HXFqYaX1Q2zUpFu1TRdQJQ%3D%3D"; VariantName = "[No Variations]"
Added Component: Designator=CAN T_B1(FP-C04-129-MNY-MFG)
Add component (AddParameter): Name = "Data Rate"; Value = "8Mbps"; VariantName = "[No Variations]"
Add component (AddParameter): Name = "Max Operating Temperature"; Value = "125°C"; VariantName = "[No Variations]"
Add component (AddParameter): Name = "Min Operating Temperature"; Value = "-40°C"; VariantName = "[No Variations]"
Add component (AddParameter): Name = "Mount"; Value = "Surface Mount"; VariantName = "[No Variations]"
Add component (AddParameter): Name = "Packaging"; Value = "Tape and Reel"; VariantName = "[No Variations]"
Add component (AddParameter): Name = "Receiver Hysteresis"; Value = "200mV"; VariantName = "[No Variations]"
Add component (AddParameter): Name = "RoHS Compliant"; Value = "Yes"; VariantName = "[No Variations]"
Added Component: Designator=CAN T_B2(FP-C04-129-MNY-MFG)
Add component (AddParameter): Name = "Data Rate"; Value = "8Mbps"; VariantName = "[No Variations]"
Add component (AddParameter): Name = "Max Operating Temperature"; Value = "125°C"; VariantName = "[No Variations]"
Add component (AddParameter): Name = "Min Operating Temperature"; Value = "-40°C"; VariantName = "[No Variations]"
Add component (AddParameter): Name = "Mount"; Value = "Surface Mount"; VariantName = "[No Variations]"
Add component (AddParameter): Name = "Packaging"; Value = "Tape and Reel"; VariantName = "[No Variations]"
Add component (AddParameter): Name = "Receiver Hysteresis"; Value = "200mV"; VariantName = "[No Variations]"
Add component (AddParameter): Name = "RoHS Compliant"; Value = "Yes"; VariantName = "[No Variations]"
Added Component: Designator=R_B1(J1-0603)
Add component (AddParameter): Name = "LatestRevisionDate"; Value = "29-May-2009"; VariantName = "[No Variations]"
Add component (AddParameter): Name = "LatestRevisionNote"; Value = "IPC-7351 Footprint Added."; VariantName = "[No Variations]"
Add component (AddParameter): Name = "PackageDescription"; Value = "Chip Resistor"; VariantName = "[No Variations]"
Add component (AddParameter): Name = "PackageReference"; Value = "J1-0603"; VariantName = "[No Variations]"
Add component (AddParameter): Name = "Published"; Value = "8-Jun-2000"; VariantName = "[No Variations]"
Add component (AddParameter): Name = "Publisher"; Value = "Altium Limited"; VariantName = "[No Variations]"
Add component (AddParameter): Name = "Value"; Value = "120"; VariantName = "[No Variations]"
Added Component: Designator=R_B2(J1-0603)
Add component (AddParameter): Name = "LatestRevisionDate"; Value = "29-May-2009"; VariantName = "[No Variations]"
Add component (AddParameter): Name = "LatestRevisionNote"; Value = "IPC-7351 Footprint Added."; VariantName = "[No Variations]"
Add component (AddParameter): Name = "PackageDescription"; Value = "Chip Resistor"; VariantName = "[No Variations]"
Add component (AddParameter): Name = "PackageReference"; Value = "J1-0603"; VariantName = "[No Variations]"
Add component (AddParameter): Name = "Published"; Value = "8-Jun-2000"; VariantName = "[No Variations]"
Add component (AddParameter): Name = "Publisher"; Value = "Altium Limited"; VariantName = "[No Variations]"
Add component (AddParameter): Name = "Value"; Value = "120"; VariantName = "[No Variations]"
Added Component: Designator=Y_B1(FP-CX2016DB-MFG)
Add component (AddParameter): Name = "Automotive"; Value = "No"; VariantName = "[No Variations]"
Add component (AddParameter): Name = "Category"; Value = "Crys"; VariantName = "[No Variations]"
Add component (AddParameter): Name = "ComponentLink2Description"; Value = "Datasheet"; VariantName = "[No Variations]"
Add component (AddParameter): Name = "ComponentLink2URL"; Value = "https://global.kyocera.com/prdct/electro/product/pdf/cx2016db_e.pdf"; VariantName = "[No Variations]"
Add component (AddParameter): Name = "Device Class L1"; Value = "Passive Components"; VariantName = "[No Variations]"
Add component (AddParameter): Name = "Device Class L2"; Value = "Crystals / Oscillators"; VariantName = "[No Variations]"
Add component (AddParameter): Name = "Device Class L3"; Value = "Crystals"; VariantName = "[No Variations]"
Add component (AddParameter): Name = "Digikey Description"; Value = "CRYSTAL 40.0000MHZ 8PF SMD"; VariantName = "[No Variations]"
Add component (AddParameter): Name = "Esr"; Value = "50O"; VariantName = "[No Variations]"
Add component (AddParameter): Name = "Frequency"; Value = "40MHz"; VariantName = "[No Variations]"
Add component (AddParameter): Name = "Height"; Value = "0.45mm"; VariantName = "[No Variations]"
Add component (AddParameter): Name = "Lead Free"; Value = "Yes"; VariantName = "[No Variations]"
Add component (AddParameter): Name = "Load Capacitance"; Value = "8pF"; VariantName = "[No Variations]"
Add component (AddParameter): Name = "Manufacturer"; Value = "Kyocera International Inc. Electronic Components"; VariantName = "[No Variations]"
Add component (AddParameter): Name = "Manufacturer Part Number"; Value = "CX2016DB40000D0FLJCC"; VariantName = "[No Variations]"
Add component (AddParameter): Name = "Mouser Description"; Value = "Crystal 40MHz 8pF 4-Pin SMD T/R"; VariantName = "[No Variations]"
Add component (AddParameter): Name = "Octopart"; Value = "https://octopart.com/cx2016db40000d0fljcc-avx+%2F+kyocera-71139660"; VariantName = "[No Variations]"
Add component (AddParameter): Name = "Package"; Value = "CX2016DB"; VariantName = "[No Variations]"
Add component (AddParameter): Name = "RoHS"; Value = "TRUE"; VariantName = "[No Variations]"
Add component (AddParameter): Name = "Series"; Value = "CX2016DB"; VariantName = "[No Variations]"
Add component (AddParameter): Name = "Stability"; Value = "15ppm"; VariantName = "[No Variations]"
Add component (AddParameter): Name = "Temperature"; Value = "-30°C to +85°C"; VariantName = "[No Variations]"
Add component (AddParameter): Name = "Temperature Range High"; Value = "+85°C"; VariantName = "[No Variations]"
Add component (AddParameter): Name = "Temperature Range Low"; Value = "-30°C"; VariantName = "[No Variations]"
Add component (AddParameter): Name = "Tolerance"; Value = "15ppm"; VariantName = "[No Variations]"
Added Component: Designator=Y_B2(FP-CX2016DB-MFG)
Add component (AddParameter): Name = "Automotive"; Value = "No"; VariantName = "[No Variations]"
Add component (AddParameter): Name = "Category"; Value = "Crys"; VariantName = "[No Variations]"
Add component (AddParameter): Name = "ComponentLink2Description"; Value = "Datasheet"; VariantName = "[No Variations]"
Add component (AddParameter): Name = "ComponentLink2URL"; Value = "https://global.kyocera.com/prdct/electro/product/pdf/cx2016db_e.pdf"; VariantName = "[No Variations]"
Add component (AddParameter): Name = "Device Class L1"; Value = "Passive Components"; VariantName = "[No Variations]"
Add component (AddParameter): Name = "Device Class L2"; Value = "Crystals / Oscillators"; VariantName = "[No Variations]"
Add component (AddParameter): Name = "Device Class L3"; Value = "Crystals"; VariantName = "[No Variations]"
Add component (AddParameter): Name = "Digikey Description"; Value = "CRYSTAL 40.0000MHZ 8PF SMD"; VariantName = "[No Variations]"
Add component (AddParameter): Name = "Esr"; Value = "50O"; VariantName = "[No Variations]"
Add component (AddParameter): Name = "Frequency"; Value = "40MHz"; VariantName = "[No Variations]"
Add component (AddParameter): Name = "Height"; Value = "0.45mm"; VariantName = "[No Variations]"
Add component (AddParameter): Name = "Lead Free"; Value = "Yes"; VariantName = "[No Variations]"
Add component (AddParameter): Name = "Load Capacitance"; Value = "8pF"; VariantName = "[No Variations]"
Add component (AddParameter): Name = "Manufacturer"; Value = "Kyocera International Inc. Electronic Components"; VariantName = "[No Variations]"
Add component (AddParameter): Name = "Manufacturer Part Number"; Value = "CX2016DB40000D0FLJCC"; VariantName = "[No Variations]"
Add component (AddParameter): Name = "Mouser Description"; Value = "Crystal 40MHz 8pF 4-Pin SMD T/R"; VariantName = "[No Variations]"
Add component (AddParameter): Name = "Octopart"; Value = "https://octopart.com/cx2016db40000d0fljcc-avx+%2F+kyocera-71139660"; VariantName = "[No Variations]"
Add component (AddParameter): Name = "Package"; Value = "CX2016DB"; VariantName = "[No Variations]"
Add component (AddParameter): Name = "RoHS"; Value = "TRUE"; VariantName = "[No Variations]"
Add component (AddParameter): Name = "Series"; Value = "CX2016DB"; VariantName = "[No Variations]"
Add component (AddParameter): Name = "Stability"; Value = "15ppm"; VariantName = "[No Variations]"
Add component (AddParameter): Name = "Temperature"; Value = "-30°C to +85°C"; VariantName = "[No Variations]"
Add component (AddParameter): Name = "Temperature Range High"; Value = "+85°C"; VariantName = "[No Variations]"
Add component (AddParameter): Name = "Temperature Range Low"; Value = "-30°C"; VariantName = "[No Variations]"
Add component (AddParameter): Name = "Tolerance"; Value = "15ppm"; VariantName = "[No Variations]"
Added Pin To Net: NetName=GND Pin=C1_B1-1
Added Pin To Net: NetName=GND Pin=C1_B2-1
Added Pin To Net: NetName=GND Pin=C2_B1-1
Added Pin To Net: NetName=GND Pin=C2_B2-1
Added Pin To Net: NetName=GND Pin=C3_B1-1
Added Pin To Net: NetName=3.3V Pin=C3_B1-2
Added Pin To Net: NetName=GND Pin=C3_B2-1
Added Pin To Net: NetName=3.3V Pin=C3_B2-2
Added Pin To Net: NetName=GND Pin=C4_B1-1
Added Pin To Net: NetName=3.3V Pin=C4_B1-2
Added Pin To Net: NetName=GND Pin=C4_B2-1
Added Pin To Net: NetName=3.3V Pin=C4_B2-2
Added Pin To Net: NetName=GND Pin=C5_B1-1
Added Pin To Net: NetName=5V Pin=C5_B1-2
Added Pin To Net: NetName=GND Pin=C5_B2-1
Added Pin To Net: NetName=5V Pin=C5_B2-2
Added Pin To Net: NetName=GND Pin=CAN C_B1-7
Added Pin To Net: NetName=SCLK Pin=CAN C_B1-10
Added Pin To Net: NetName=MOSI Pin=CAN C_B1-11
Added Pin To Net: NetName=MISO Pin=CAN C_B1-12
Added Pin To Net: NetName=3.3V Pin=CAN C_B1-14
Added Pin To Net: NetName=GND Pin=CAN C_B1-15
Added Pin To Net: NetName=GND Pin=CAN C_B2-7
Added Pin To Net: NetName=SCLK Pin=CAN C_B2-10
Added Pin To Net: NetName=MOSI Pin=CAN C_B2-11
Added Pin To Net: NetName=MISO Pin=CAN C_B2-12
Added Pin To Net: NetName=3.3V Pin=CAN C_B2-14
Added Pin To Net: NetName=GND Pin=CAN C_B2-15
Added Pin To Net: NetName=GND Pin=CAN T_B1-2
Added Pin To Net: NetName=5V Pin=CAN T_B1-3
Added Pin To Net: NetName=3.3V Pin=CAN T_B1-5
Added Pin To Net: NetName=GND Pin=CAN T_B1-8
Added Pin To Net: NetName=GND Pin=CAN T_B1-9
Added Pin To Net: NetName=GND Pin=CAN T_B2-2
Added Pin To Net: NetName=5V Pin=CAN T_B2-3
Added Pin To Net: NetName=3.3V Pin=CAN T_B2-5
Added Pin To Net: NetName=GND Pin=CAN T_B2-8
Added Pin To Net: NetName=GND Pin=CAN T_B2-9
Added Pin To Net: NetName=GND Pin=Y_B1-2
Added Pin To Net: NetName=GND Pin=Y_B1-4
Added Pin To Net: NetName=GND Pin=Y_B2-2
Added Pin To Net: NetName=GND Pin=Y_B2-4
Added Pin To Net: NetName=CAN CLKO1 Pin=CAN C_B1-3
Added Net: Name=CAN CLKO1
Added Pin To Net: NetName=CAN CLKO2 Pin=CAN C_B2-3
Added Net: Name=CAN CLKO2
Added Pin To Net: NetName=CAN CS1 Pin=CAN C_B1-13
Added Net: Name=CAN CS1
Added Pin To Net: NetName=CAN CS2 Pin=CAN C_B2-13
Added Net: Name=CAN CS2
Added Pin To Net: NetName=CANH1 Pin=CAN T_B1-7
Added Pin To Net: NetName=CANH1 Pin=R_B1-1
Added Net: Name=CANH1
Added Pin To Net: NetName=CANH2 Pin=CAN T_B2-7
Added Pin To Net: NetName=CANH2 Pin=R_B2-1
Added Net: Name=CANH2
Added Pin To Net: NetName=CAN INT0N1 Pin=CAN C_B1-9
Added Net: Name=CAN INT0N1
Added Pin To Net: NetName=CAN INT0N2 Pin=CAN C_B2-9
Added Net: Name=CAN INT0N2
Added Pin To Net: NetName=CAN INT1N1 Pin=CAN C_B1-8
Added Net: Name=CAN INT1N1
Added Pin To Net: NetName=CAN INT1N2 Pin=CAN C_B2-8
Added Net: Name=CAN INT1N2
Added Pin To Net: NetName=CAN INTN1 Pin=CAN C_B1-4
Added Net: Name=CAN INTN1
Added Pin To Net: NetName=CAN INTN2 Pin=CAN C_B2-4
Added Net: Name=CAN INTN2
Added Pin To Net: NetName=CANL1 Pin=CAN T_B1-6
Added Pin To Net: NetName=CANL1 Pin=R_B1-2
Added Net: Name=CANL1
Added Pin To Net: NetName=CANL2 Pin=CAN T_B2-6
Added Pin To Net: NetName=CANL2 Pin=R_B2-2
Added Net: Name=CANL2
Added Pin To Net: NetName=NetC1_B1_2 Pin=C1_B1-2
Added Pin To Net: NetName=NetC1_B1_2 Pin=CAN C_B1-5
Added Pin To Net: NetName=NetC1_B1_2 Pin=Y_B1-1
Added Net: Name=NetC1_B1_2
Added Pin To Net: NetName=NetC1_B2_2 Pin=C1_B2-2
Added Pin To Net: NetName=NetC1_B2_2 Pin=CAN C_B2-5
Added Pin To Net: NetName=NetC1_B2_2 Pin=Y_B2-1
Added Net: Name=NetC1_B2_2
Added Pin To Net: NetName=NetC2_B1_2 Pin=C2_B1-2
Added Pin To Net: NetName=NetC2_B1_2 Pin=CAN C_B1-6
Added Pin To Net: NetName=NetC2_B1_2 Pin=Y_B1-3
Added Net: Name=NetC2_B1_2
Added Pin To Net: NetName=NetC2_B2_2 Pin=C2_B2-2
Added Pin To Net: NetName=NetC2_B2_2 Pin=CAN C_B2-6
Added Pin To Net: NetName=NetC2_B2_2 Pin=Y_B2-3
Added Net: Name=NetC2_B2_2
Added Pin To Net: NetName=RXCAN_B1 Pin=CAN C_B1-2
Added Pin To Net: NetName=RXCAN_B1 Pin=CAN T_B1-4
Added Net: Name=RXCAN_B1
Added Pin To Net: NetName=RXCAN_B2 Pin=CAN C_B2-2
Added Pin To Net: NetName=RXCAN_B2 Pin=CAN T_B2-4
Added Net: Name=RXCAN_B2
Added Pin To Net: NetName=TXCAN_B1 Pin=CAN C_B1-1
Added Pin To Net: NetName=TXCAN_B1 Pin=CAN T_B1-1
Added Net: Name=TXCAN_B1
Added Pin To Net: NetName=TXCAN_B2 Pin=CAN C_B2-1
Added Pin To Net: NetName=TXCAN_B2 Pin=CAN T_B2-1
Added Net: Name=TXCAN_B2
Added Class: Name=B1
Added Class: Name=B2
Added Class: Name=CAN Bus
Added Member To Class: ClassName=Sheet1 Member=Component 3.3V Reg AZ1117CR-3.3TRG1
Added Member To Class: ClassName=Sheet1 Member=Component BUCK VR10S09
Added Member To Class: ClassName=Sheet1 Member=Component C1 22nF
Added Member To Class: ClassName=Sheet1 Member=Component C102 10uF
Added Member To Class: ClassName=Sheet1 Member=Component C103 10uF
Added Member To Class: ClassName=Sheet1 Member=Component C104 10uF
Added Member To Class: ClassName=Sheet1 Member=Component C105 10uF
Added Member To Class: ClassName=Sheet1 Member=Component C106 10uF
Added Member To Class: ClassName=Sheet1 Member=Component C201 10uF
Added Member To Class: ClassName=Sheet1 Member=Component C202 100nF
Added Member To Class: ClassName=Sheet1 Member=Component C203 100nF
Added Member To Class: ClassName=Sheet1 Member=Component C204 100nF
Added Member To Class: ClassName=Sheet1 Member=Component C205 100nF
Added Member To Class: ClassName=Sheet1 Member=Component C206 100nF
Added Member To Class: ClassName=Sheet1 Member=Component C207 2.2uF
Added Member To Class: ClassName=Sheet1 Member=Component C208 100nF
Added Member To Class: ClassName=Sheet1 Member=Component C209 100nF
Added Member To Class: ClassName=Sheet1 Member=Component C210 100nF
Added Member To Class: ClassName=Sheet1 Member=Component C401 100nF
Added Member To Class: ClassName=Sheet1 Member=Component C402 100nF
Added Member To Class: ClassName=Sheet1 Member=Component C403 100nF
Added Member To Class: ClassName=Sheet1 Member=Component C404 120nF
Added Member To Class: ClassName=Sheet1 Member=Component C405 1uF
Added Member To Class: ClassName=Sheet1 Member=Component C406 100nF
Added Member To Class: ClassName=Sheet1 Member=Component C407 100nF
Added Member To Class: ClassName=Sheet1 Member=Component C408 1uF
Added Member To Class: ClassName=Sheet1 Member=Component C409 100nF
Added Member To Class: ClassName=Sheet1 Member=Component C509 100nF
Added Member To Class: ClassName=Sheet1 Member=Component C601 10uF
Added Member To Class: ClassName=Sheet1 Member=Component C602 10uF
Added Member To Class: ClassName=Sheet1 Member=Component D1 S3MB-13-F
Added Member To Class: ClassName=Sheet1 Member=Component DS1 150060VS75000
Added Member To Class: ClassName=Sheet1 Member=Component DS2 150060VS75000
Added Member To Class: ClassName=Sheet1 Member=Component DS3 150060VS75000
Added Member To Class: ClassName=Sheet1 Member=Component DS4 150060VS75000
Added Member To Class: ClassName=Sheet1 Member=Component F1 0451001.MRL
Added Member To Class: ClassName=Sheet1 Member=Component FB1 742792023
Added Member To Class: ClassName=Sheet1 Member=Component FB2 742792651
Added Member To Class: ClassName=Sheet1 Member=Component FB3 742792651
Added Member To Class: ClassName=Sheet1 Member=Component FB5 BLM15HD102SN1D
Added Member To Class: ClassName=Sheet1 Member=Component FB6 BLM15HD102SN1D
Added Member To Class: ClassName=Sheet1 Member=Component FB7 BLM15HD102SN1D
Added Member To Class: ClassName=Sheet1 Member=Component FB8 BLM15HD102SN1D
Added Member To Class: ClassName=Sheet1 Member=Component FB9 BLM15HD102SN1D
Added Member To Class: ClassName=Sheet1 Member=Component R1 0603
Added Member To Class: ClassName=Sheet1 Member=Component R2 0603
Added Member To Class: ClassName=Sheet1 Member=Component R101 0603
Added Member To Class: ClassName=Sheet1 Member=Component R102 0603
Added Member To Class: ClassName=Sheet1 Member=Component R103 0603
Added Member To Class: ClassName=Sheet1 Member=Component R201 0603
Added Member To Class: ClassName=Sheet1 Member=Component R301 0603
Added Member To Class: ClassName=Sheet1 Member=Component R302 0603
Added Member To Class: ClassName=Sheet1 Member=Component R303 0603
Added Member To Class: ClassName=Sheet1 Member=Component R304 0603
Added Member To Class: ClassName=Sheet1 Member=Component R401 0603
Added Member To Class: ClassName=Sheet1 Member=Component R402 0603
Added Member To Class: ClassName=Sheet1 Member=Component R403 0603
Added Member To Class: ClassName=Sheet1 Member=Component R601 0603
Added Room: Name=B1
Added Room: Name=B2
