Add Component: Footprint Not Found 0603 Cap
Add Component: Footprint Not Found 0603 Cap
Add Component: Footprint Not Found 0603 Cap
Add Component: Footprint Not Found 0603 Cap
Add Component: Footprint Not Found 0603 Cap
Add Component: Footprint Not Found 0603 Cap
Add Component: Footprint Not Found 0603 Cap
Add Component: Footprint Not Found 0603 Cap
Add Component: Footprint Not Found 0603 Cap
Add Component: Footprint Not Found 0603 Cap
Add Component: Footprint Not Found 0603 Cap
Add Component: Footprint Not Found 0603 Cap
Add Component: Footprint Not Found 0603 Cap
Add Component: Footprint Not Found 0603 Cap
Add Component: Footprint Not Found 0603 Cap
Add Component: Footprint Not Found 0603 Cap
Add Component: Footprint Not Found 0603 Cap
Add Component: Footprint Not Found 0603 Cap
Add Component: Footprint Not Found 0603 Cap
Add Component: Footprint Not Found 0603 Cap
Add Component: Footprint Not Found 0603 Cap
Add Component: Footprint Not Found 0603 Cap
Add Component: Footprint Not Found 0603 Cap
Add Component: Footprint Not Found 0603 Cap
Add Component: Footprint Not Found 0603 Cap
Add Component: Footprint Not Found 0603 Cap
Add Component: Footprint Not Found 0603 Cap
Add Component: Footprint Not Found 0603 Cap
Add Component: Footprint Not Found 0603 Cap
Add Component: Footprint Not Found 0603 Cap
Add Component: Footprint Not Found 0603 Cap
Add Component: Footprint Not Found 0603 Cap
Added Component: Designator=GPS(FP-SAM-M8Q-0-10-MFG)
Add component (AddParameter): Name = "Automotive"; Value = "Yes"; VariantName = "[No Variations]"
Add component (AddParameter): Name = "Automotive Grade"; Value = "Grade 3"; VariantName = "[No Variations]"
Add component (AddParameter): Name = "Category"; Value = "IC"; VariantName = "[No Variations]"
Add component (AddParameter): Name = "ComponentLink2Description"; Value = "Datasheet"; VariantName = "[No Variations]"
Add component (AddParameter): Name = "ComponentLink2URL"; Value = "https://www.u-blox.com/sites/default/files/SAM-M8Q_DataSheet_%28UBX-16012619%29.pdf"; VariantName = "[No Variations]"
Add component (AddParameter): Name = "Data Rate"; Value = "400kbits/s"; VariantName = "[No Variations]"
Add component (AddParameter): Name = "Device Class L1"; Value = "Integrated Circuits (ICs)"; VariantName = "[No Variations]"
Add component (AddParameter): Name = "Device Class L2"; Value = "RF Semiconductors and Devices"; VariantName = "[No Variations]"
Add component (AddParameter): Name = "Device Class L3"; Value = "Transceivers"; VariantName = "[No Variations]"
Add component (AddParameter): Name = "Digikey Description"; Value = "RF RX GALILEO 1.575GHZ/1.602GHZ"; VariantName = "[No Variations]"
Add component (AddParameter): Name = "Footprint Url"; Value = "https://www.u-blox.com/sites/default/files/SAM-M8Q_HardwareIntegrationManual_%28UBX-16018358%29.pdf"; VariantName = "[No Variations]"
Add component (AddParameter): Name = "Height"; Value = "6.8mm"; VariantName = "[No Variations]"
Add component (AddParameter): Name = "Interface"; Value = "I2C,UART,Other"; VariantName = "[No Variations]"
Add component (AddParameter): Name = "Lead Free"; Value = "Yes"; VariantName = "[No Variations]"
Add component (AddParameter): Name = "Manufacturer"; Value = "uBlox"; VariantName = "[No Variations]"
Add component (AddParameter): Name = "Manufacturer Part Number"; Value = "SAM-M8Q-0-10"; VariantName = "[No Variations]"
Add component (AddParameter): Name = "Max Frequency"; Value = "1602MHz"; VariantName = "[No Variations]"
Add component (AddParameter): Name = "Max Supply Voltage"; Value = "3.6V"; VariantName = "[No Variations]"
Add component (AddParameter): Name = "Min Supply Voltage"; Value = "2.7V"; VariantName = "[No Variations]"
Add component (AddParameter): Name = "Nominal Supply Current"; Value = "9.5-32mA"; VariantName = "[No Variations]"
Add component (AddParameter): Name = "Octopart"; Value = "https://octopart.com/sam-m8q-0-10-u-blox-88247750"; VariantName = "[No Variations]"
Add component (AddParameter): Name = "Package"; Value = "0"; VariantName = "[No Variations]"
Add component (AddParameter): Name = "RoHS"; Value = "TRUE"; VariantName = "[No Variations]"
Add component (AddParameter): Name = "Sensitivity"; Value = "-165dBm"; VariantName = "[No Variations]"
Add component (AddParameter): Name = "Temperature"; Value = "-40°C to +85°C"; VariantName = "[No Variations]"
Add component (AddParameter): Name = "Temperature Range High"; Value = "+85°C"; VariantName = "[No Variations]"
Add component (AddParameter): Name = "Temperature Range Low"; Value = "-40°C"; VariantName = "[No Variations]"
Add Component: Footprint Not Found FP-83611-9006-MFG
Add Component: Footprint Not Found MOSFET_DT-T1-GE3_VIS
Added Component: Designator=U?(FP-BMI055-MFG)
Add component (AddParameter): Name = "Axis"; Value = "X, Y, Z"; VariantName = "[No Variations]"
Add component (AddParameter): Name = "Bandwidth"; Value = "8Hz"; VariantName = "[No Variations]"
Add component (AddParameter): Name = "Case/Package"; Value = "LGA"; VariantName = "[No Variations]"
Add component (AddParameter): Name = "Interface"; Value = "I2C"; VariantName = "[No Variations]"
Add component (AddParameter): Name = "Lead Free"; Value = "Lead Free"; VariantName = "[No Variations]"
Add component (AddParameter): Name = "Max Operating Temperature"; Value = "85°C"; VariantName = "[No Variations]"
Add component (AddParameter): Name = "Min Operating Temperature"; Value = "-40°C"; VariantName = "[No Variations]"
Add component (AddParameter): Name = "Mount"; Value = "Surface Mount"; VariantName = "[No Variations]"
Add component (AddParameter): Name = "Number of Pins"; Value = "16"; VariantName = "[No Variations]"
Add component (AddParameter): Name = "Output Type"; Value = "SPI"; VariantName = "[No Variations]"
Add component (AddParameter): Name = "Package Quantity"; Value = "5000"; VariantName = "[No Variations]"
Add component (AddParameter): Name = "Packaging"; Value = "Tape and Reel"; VariantName = "[No Variations]"
Add component (AddParameter): Name = "Sensitivity"; Value = "128LSB/g"; VariantName = "[No Variations]"
Add component (AddParameter): Name = "Sensor Type"; Value = "Accelerometer"; VariantName = "[No Variations]"
Add Pin To Net: Unknown Pin: Pin C4-1
Add Pin To Net: Unknown Pin: Pin C4-2
Add Pin To Net: Unknown Pin: Pin C6-1
Add Pin To Net: Unknown Pin: Pin C6-2
Add Pin To Net: Unknown Pin: Pin C7-1
Add Pin To Net: Unknown Pin: Pin C7-2
Add Pin To Net: Unknown Pin: Pin C9-1
Add Pin To Net: Unknown Pin: Pin C9-2
Add Pin To Net: Unknown Pin: Pin C11-1
Add Pin To Net: Unknown Pin: Pin C11-2
Add Pin To Net: Unknown Pin: Pin C12-1
Add Pin To Net: Unknown Pin: Pin C12-2
Add Pin To Net: Unknown Pin: Pin C20-1
Add Pin To Net: Unknown Pin: Pin C20-2
Add Pin To Net: Unknown Pin: Pin C21-1
Add Pin To Net: Unknown Pin: Pin C21-2
Add Pin To Net: Unknown Pin: Pin C22-1
Add Pin To Net: Unknown Pin: Pin C22-2
Add Pin To Net: Unknown Pin: Pin C23-1
Add Pin To Net: Unknown Pin: Pin C23-2
Add Pin To Net: Unknown Pin: Pin C24-1
Add Pin To Net: Unknown Pin: Pin C24-2
Add Pin To Net: Unknown Pin: Pin C25-1
Add Pin To Net: Unknown Pin: Pin C25-2
Add Pin To Net: Unknown Pin: Pin C26-1
Add Pin To Net: Unknown Pin: Pin C26-2
Add Pin To Net: Unknown Pin: Pin C28-1
Add Pin To Net: Unknown Pin: Pin C28-2
Add Pin To Net: Unknown Pin: Pin C29-1
Add Pin To Net: Unknown Pin: Pin C29-2
Add Pin To Net: Unknown Pin: Pin C30-1
Add Pin To Net: Unknown Pin: Pin C30-2
Add Pin To Net: Unknown Pin: Pin C31-1
Add Pin To Net: Unknown Pin: Pin C31-2
Add Pin To Net: Unknown Pin: Pin C35-1
Add Pin To Net: Unknown Pin: Pin C35-2
Add Pin To Net: Unknown Pin: Pin C36-1
Add Pin To Net: Unknown Pin: Pin C36-2
Add Pin To Net: Unknown Pin: Pin C37-1
Add Pin To Net: Unknown Pin: Pin C37-2
Add Pin To Net: Unknown Pin: Pin C38-1
Add Pin To Net: Unknown Pin: Pin C38-2
Add Pin To Net: Unknown Pin: Pin C39-1
Add Pin To Net: Unknown Pin: Pin C39-2
Add Pin To Net: Unknown Pin: Pin C40-1
Add Pin To Net: Unknown Pin: Pin C40-2
Add Pin To Net: Unknown Pin: Pin C41-1
Add Pin To Net: Unknown Pin: Pin C41-2
Add Pin To Net: Unknown Pin: Pin C42-1
Add Pin To Net: Unknown Pin: Pin C42-2
Add Pin To Net: Unknown Pin: Pin C43-1
Add Pin To Net: Unknown Pin: Pin C43-2
Add Pin To Net: Unknown Pin: Pin C44-1
Add Pin To Net: Unknown Pin: Pin C44-2
Add Pin To Net: Unknown Pin: Pin C45-1
Add Pin To Net: Unknown Pin: Pin C45-2
Add Pin To Net: Unknown Pin: Pin C46-1
Add Pin To Net: Unknown Pin: Pin C46-2
Add Pin To Net: Unknown Pin: Pin C47-1
Add Pin To Net: Unknown Pin: Pin C47-2
Add Pin To Net: Unknown Pin: Pin C48-1
Add Pin To Net: Unknown Pin: Pin C48-2
Add Pin To Net: Unknown Pin: Pin C?-1
Add Pin To Net: Unknown Pin: Pin C?-2
Added Pin To Net: NetName=GND Pin=GPS-1
Added Pin To Net: NetName=NetC35_1 Pin=GPS-2
Added Pin To Net: NetName=NetC35_1 Pin=GPS-3
Added Pin To Net: NetName=GND Pin=GPS-4
Added Pin To Net: NetName=GND Pin=GPS-5
Added Pin To Net: NetName=GND Pin=GPS-6
Added Pin To Net: NetName=NetFB8_1 Pin=GPS-7
Added Pin To Net: NetName=NetFB6_2 Pin=GPS-9
Added Pin To Net: NetName=GND Pin=GPS-10
Added Pin To Net: NetName=GND Pin=GPS-11
Added Pin To Net: NetName=NetFB5_2 Pin=GPS-12
Added Pin To Net: NetName=GND Pin=GPS-15
Added Pin To Net: NetName=GND Pin=GPS-16
Added Pin To Net: NetName=NetC35_1 Pin=GPS-17
Added Pin To Net: NetName=NetFB4_2 Pin=GPS-18
Added Pin To Net: NetName=NetFB7_1 Pin=GPS-19
Added Pin To Net: NetName=GND Pin=GPS-20
Add Pin To Net: Unknown Pin: Pin J2-1
Add Pin To Net: Unknown Pin: Pin J2-2
Add Pin To Net: Unknown Pin: Pin J2-3
Add Pin To Net: Unknown Pin: Pin J2-4
Add Pin To Net: Unknown Pin: Pin J2-5
Add Pin To Net: Unknown Pin: Pin J2-6
Add Pin To Net: Unknown Pin: Pin J2-7
Add Pin To Net: Unknown Pin: Pin J2-8
Add Pin To Net: Unknown Pin: Pin J2-9
Add Class Member: Failed to add class member : Component C4 10uF
Add Class Member: Failed to add class member : Component C6 100nF
Add Class Member: Failed to add class member : Component C7 100nF
Add Class Member: Failed to add class member : Component C9 10uF
Add Class Member: Failed to add class member : Component C11 22uF
Add Class Member: Failed to add class member : Component C12 2.2uF
Add Class Member: Failed to add class member : Component C20 10uF
Add Class Member: Failed to add class member : Component C21 100nF
Add Class Member: Failed to add class member : Component C22 100nF
Add Class Member: Failed to add class member : Component C23 100nF
Add Class Member: Failed to add class member : Component C24 100nF
Add Class Member: Failed to add class member : Component C25 100nF
Add Class Member: Failed to add class member : Component C26 100nF
Add Class Member: Failed to add class member : Component C28 100nF
Add Class Member: Failed to add class member : Component C29 100nF
Add Class Member: Failed to add class member : Component C30 100nF
Add Class Member: Failed to add class member : Component C31 100nF
Add Class Member: Failed to add class member : Component C35 100nF
Add Class Member: Failed to add class member : Component C36 22uF
Add Class Member: Failed to add class member : Component C37 10uF
Add Class Member: Failed to add class member : Component C38 10uF
Add Class Member: Failed to add class member : Component C39 8pF
Add Class Member: Failed to add class member : Component C40 8pF
Add Class Member: Failed to add class member : Component C41 100nF
Add Class Member: Failed to add class member : Component C42 8pF
Add Class Member: Failed to add class member : Component C43 8pF
Add Class Member: Failed to add class member : Component C44 100nF
Add Class Member: Failed to add class member : Component C45 100nF
Add Class Member: Failed to add class member : Component C46 120nF
Add Class Member: Failed to add class member : Component C47 1uF
Add Class Member: Failed to add class member : Component C48 10uF
Add Class Member: Failed to add class member : Component C? 100nF
Added Member To Class: ClassName=Sheet1 Member=Component GPS SAM-M8Q-0-10
Add Class Member: Failed to add class member : Component J2 83611-9006
Add Class Member: Failed to add class member : Component MOS1 SIZ340DT-T1-GE3
Added Member To Class: ClassName=Sheet1 Member=Component U? BMI055
