Change Component Designator: OldDesignator=C29 NewDesignator=C210
Change Component Designator: OldDesignator=C31 NewDesignator=C402
Change Component Designator: OldDesignator=C45 NewDesignator=C403
Change Component Designator: OldDesignator=C46 NewDesignator=C404
Change Component Designator: OldDesignator=C47 NewDesignator=C405
Change Component Designator: OldDesignator=C? NewDesignator=C406
Change Component Designator: OldDesignator=C? NewDesignator=C407
Change Component Designator: OldDesignator=C? NewDesignator=C408
Change Component Designator: OldDesignator=C? NewDesignator=C409
Change Component Designator: OldDesignator=FB4 NewDesignator=FB5
Change Component Designator: OldDesignator=FB5 NewDesignator=FB6
Change Component Designator: OldDesignator=FB6 NewDesignator=FB7
Change Component Designator: OldDesignator=FB7 NewDesignator=FB8
Change Component Designator: OldDesignator=FB8 NewDesignator=FB9
Change Component Designator: OldDesignator=IMU NewDesignator=IMU1
Change Component Designator: OldDesignator=R13 NewDesignator=R403
Change Component Designator: OldDesignator=R16 NewDesignator=R401
Change Component Designator: OldDesignator=R17 NewDesignator=R402
Change Component Designator: OldDesignator=U? NewDesignator=IMU2
Change Net Name : Old Net Name=NetC47_2 New Net Name=NetC405_2
Change Net Name : Old Net Name=NetC?_2 New Net Name=NetC408_2
Change Net Name : Old Net Name=NetFB4_2 New Net Name=NetFB5_2
Change Net Name : Old Net Name=NetFB5_2 New Net Name=NetFB6_2
Change Net Name : Old Net Name=NetFB6_2 New Net Name=NetFB7_2
Change Net Name : Old Net Name=NetFB7_1 New Net Name=NetFB8_1
Change Net Name : Old Net Name=NetFB8_1 New Net Name=NetFB9_1
Change Net Name : Old Net Name=NetIMU_4 New Net Name=NetIMU1_4
Add Net: Net with name "NetR?_1" already exists
Add Net: Net with name "NetR?_1" already exists
Add Net: Net with name "NetR?_1" already exists
Added Member To Class: ClassName=Sheet1 Member=Component C406 100nF
Added Member To Class: ClassName=Sheet1 Member=Component C407 100nF
Added Member To Class: ClassName=Sheet1 Member=Component C408 1uF
Added Member To Class: ClassName=Sheet1 Member=Component C409 100nF
Added Member To Class: ClassName=Sheet1 Member=Component C? 100nF
Added Member To Class: ClassName=Sheet1 Member=Component DS3 150060VS75000
Added Member To Class: ClassName=Sheet1 Member=Component IMU2 BMI085
Added Member To Class: ClassName=Sheet1 Member=Component P? 47589-0001
Added Member To Class: ClassName=Sheet1 Member=Component R? 0603
Added Member To Class: ClassName=Sheet1 Member=Component R? 0603
Added Member To Class: ClassName=Sheet1 Member=Component R? 0603
Added Member To Class: ClassName=Sheet1 Member=Component R? 0603
Added Member To Class: ClassName=Sheet1 Member=Component R? 0603
Added Member To Class: ClassName=Sheet1 Member=Component R? 0603
Added Member To Class: ClassName=Sheet1 Member=Component R? 0603
Added Member To Class: ClassName=Sheet1 Member=Component R? 0603
Added Member To Class: ClassName=Sheet1 Member=Component R? 0603
Added Member To Class: ClassName=Sheet1 Member=Component R? 0603
Added Member To Class: ClassName=Sheet1 Member=Component R? 0603
Added Member To Class: ClassName=Sheet1 Member=Component R? 0603
Added Member To Class: ClassName=Sheet1 Member=Component U? ILD207T
Added Member To Class: ClassName=Sheet1 Member=Component Y? CX2016DB40000D0FLJCC
