Removed Pin From Net: NetName=PCA ADDR0 Pin=RH_J2-2
Removed Pin From Net: NetName=ADDR1 Pin=RH_J3-2
Removed Pin From Net: NetName=PCA ADDR1 Pin=RH_J4-2
Removed Pin From Net: NetName=ADDR2 Pin=RH_J5-2
Removed Pin From Net: NetName=PCA ADDR2 Pin=RH_J6-2
Removed Pin From Net: NetName=ADDR3 Pin=RH_J7-2
Removed Pin From Net: NetName=PCA ADDR3 Pin=RH_J8-2
Removed Pin From Net: NetName=ADDR4 Pin=RH_J9-2
Removed Pin From Net: NetName=PCA ADDR4 Pin=RH_J10-2
Removed Pin From Net: NetName=ADDR5 Pin=RH_J11-2
Removed Pin From Net: NetName=PCA ADDR5 Pin=RH_J12-2
Removed Pin From Net: NetName=ADDR6 Pin=RH_J13-2
Removed Pin From Net: NetName=3.3V Pin=RH_J14-1
Removed Pin From Net: NetName=ADDR7 Pin=RH_J14-2
Removed Pin From Net: NetName=PCA ADDR0 Pin=RL_J2-1
Removed Pin From Net: NetName=ADDR1 Pin=RL_J3-1
Removed Pin From Net: NetName=PCA ADDR1 Pin=RL_J4-1
Removed Pin From Net: NetName=ADDR2 Pin=RL_J5-1
Removed Pin From Net: NetName=PCA ADDR2 Pin=RL_J6-1
Removed Pin From Net: NetName=ADDR3 Pin=RL_J7-1
Removed Pin From Net: NetName=PCA ADDR3 Pin=RL_J8-1
Removed Pin From Net: NetName=ADDR4 Pin=RL_J9-1
Removed Pin From Net: NetName=PCA ADDR4 Pin=RL_J10-1
Removed Pin From Net: NetName=ADDR5 Pin=RL_J11-1
Removed Pin From Net: NetName=PCA ADDR5 Pin=RL_J12-1
Removed Pin From Net: NetName=ADDR6 Pin=RL_J13-1
Removed Pin From Net: NetName=ADDR7 Pin=RL_J14-1
Removed Pin From Net: NetName=GND Pin=RL_J14-2
Removed Member From Class: ClassName=Jumpers High Low Member=J14
Added Pin To Net: NetName=ADDR1 Pin=RH_J2-2
Added Pin To Net: NetName=ADDR2 Pin=RH_J3-2
Added Pin To Net: NetName=ADDR3 Pin=RH_J4-2
Added Pin To Net: NetName=ADDR4 Pin=RH_J5-2
Added Pin To Net: NetName=ADDR5 Pin=RH_J6-2
Added Pin To Net: NetName=ADDR6 Pin=RH_J7-2
Added Pin To Net: NetName=ADDR7 Pin=RH_J8-2
Added Pin To Net: NetName=ADDR1 Pin=RL_J2-1
Added Pin To Net: NetName=ADDR2 Pin=RL_J3-1
Added Pin To Net: NetName=ADDR3 Pin=RL_J4-1
Added Pin To Net: NetName=ADDR4 Pin=RL_J5-1
Added Pin To Net: NetName=ADDR5 Pin=RL_J6-1
Added Pin To Net: NetName=ADDR6 Pin=RL_J7-1
Added Pin To Net: NetName=ADDR7 Pin=RL_J8-1
Added Pin To Net: NetName=PCA ADDR8 Pin=RH_J9-2
Added Pin To Net: NetName=PCA ADDR8 Pin=RL_J9-1
Added Net: Name=PCA ADDR8
Added Pin To Net: NetName=PCA ADDR9 Pin=RH_J10-2
Added Pin To Net: NetName=PCA ADDR9 Pin=RL_J10-1
Added Net: Name=PCA ADDR9
Added Pin To Net: NetName=PCA ADDR10 Pin=RH_J11-2
Added Pin To Net: NetName=PCA ADDR10 Pin=RL_J11-1
Added Net: Name=PCA ADDR10
Added Pin To Net: NetName=PCA ADDR11 Pin=RH_J12-2
Added Pin To Net: NetName=PCA ADDR11 Pin=RL_J12-1
Added Net: Name=PCA ADDR11
Added Pin To Net: NetName=PCA ADDR12 Pin=RH_J13-2
Added Pin To Net: NetName=PCA ADDR12 Pin=RL_J13-1
Added Net: Name=PCA ADDR12
