Added Component: Designator=?(FP-SOT89-MFG)
Add component (AddParameter): Name = "Accuracy Percentage"; Value = "1%"; VariantName = "[No Variations]"
Add component (AddParameter): Name = "Automotive"; Value = "No"; VariantName = "[No Variations]"
Add component (AddParameter): Name = "Category"; Value = "IC"; VariantName = "[No Variations]"
Add component (AddParameter): Name = "ComponentLink2Description"; Value = "Datasheet"; VariantName = "[No Variations]"
Add component (AddParameter): Name = "ComponentLink2URL"; Value = "https://www.diodes.com/assets/Datasheets/AZ1117C.pdf"; VariantName = "[No Variations]"
Add component (AddParameter): Name = "Device Class L1"; Value = "Integrated Circuits (ICs)"; VariantName = "[No Variations]"
Add component (AddParameter): Name = "Device Class L2"; Value = "Power Management ICs"; VariantName = "[No Variations]"
Add component (AddParameter): Name = "Device Class L3"; Value = "Voltage Regulators - Linear"; VariantName = "[No Variations]"
Add component (AddParameter): Name = "Digikey Description"; Value = "IC REG LINEAR 3.3V 800MA SOT89"; VariantName = "[No Variations]"
Add component (AddParameter): Name = "Dropout Voltage"; Value = "1.2V"; VariantName = "[No Variations]"
Add component (AddParameter): Name = "Footprint Url"; Value = "https://www.diodes.com/assets/Package-Files/SOT89.pdf"; VariantName = "[No Variations]"
Add component (AddParameter): Name = "Height"; Value = "1.6mm"; VariantName = "[No Variations]"
Add component (AddParameter): Name = "Lead Free"; Value = "Yes"; VariantName = "[No Variations]"
Add component (AddParameter): Name = "Manufacturer"; Value = "Diodes Inc."; VariantName = "[No Variations]"
Add component (AddParameter): Name = "Manufacturer Part Number"; Value = "AZ1117CR-3.3TRG1"; VariantName = "[No Variations]"
Add component (AddParameter): Name = "Max Junction Temp"; Value = "+125°C"; VariantName = "[No Variations]"
Add component (AddParameter): Name = "Max Supply Voltage"; Value = "15V"; VariantName = "[No Variations]"
Add component (AddParameter): Name = "Mouser Description"; Value = "DiodesZetex AZ1117CR-3.3TRG1, LDO Regulator, 800mA, 3.3 V, ±1% 3-Pin, SOT-89"; VariantName = "[No Variations]"
Add component (AddParameter): Name = "Nominal Supply Current"; Value = "4mA"; VariantName = "[No Variations]"
Add component (AddParameter): Name = "Number Of Outputs"; Value = "1"; VariantName = "[No Variations]"
Add component (AddParameter): Name = "Octopart"; Value = "https://octopart.com/az1117cr-3.3trg1-diodes+inc.-30954805"; VariantName = "[No Variations]"
Add component (AddParameter): Name = "Output Current"; Value = "1.35A"; VariantName = "[No Variations]"
Add component (AddParameter): Name = "Output Type"; Value = "Fixed"; VariantName = "[No Variations]"
Add component (AddParameter): Name = "Output Voltage"; Value = "3.3V"; VariantName = "[No Variations]"
Add component (AddParameter): Name = "Package"; Value = "SOT89"; VariantName = "[No Variations]"
Add component (AddParameter): Name = "RoHS"; Value = "TRUE"; VariantName = "[No Variations]"
Add component (AddParameter): Name = "Temperature"; Value = "-20°C to +125°C"; VariantName = "[No Variations]"
Add component (AddParameter): Name = "Temperature Range High"; Value = "+125°C"; VariantName = "[No Variations]"
Add component (AddParameter): Name = "Temperature Range Low"; Value = "-20°C"; VariantName = "[No Variations]"
Added Component: Designator=IC?(AZ1117CR33TRG1)
Add component (AddParameter): Name = "Datasheet Link"; Value = "https://componentsearchengine.com//AZ1117CR-3.3TRG1.pdf"; VariantName = "[No Variations]"
Add component (AddParameter): Name = "Height"; Value = "2mm"; VariantName = "[No Variations]"
Add component (AddParameter): Name = "Manufacturer_Name"; Value = "Diodes Inc."; VariantName = "[No Variations]"
Add component (AddParameter): Name = "Manufacturer_Part_Number"; Value = "AZ1117CR-3.3TRG1"; VariantName = "[No Variations]"
Add component (AddParameter): Name = "Mouser2 Part Number"; Value = "621-AZ1117CR-3.3TRG1"; VariantName = "[No Variations]"
Add component (AddParameter): Name = "Mouser2 Price/Stock"; Value = "https://www.mouser.com/Search/Refine.aspx?Keyword=621-AZ1117CR-3.3TRG1"; VariantName = "[No Variations]"
Added Member To Class: ClassName=Sheet1 Member=Component ? AZ1117CR-3.3TRG1
Added Member To Class: ClassName=Sheet1 Member=Component IC? AZ1117CR-3.3TRG1
Added Member To Class: ClassName=H1 Member=Component R3_H1 (R3) 0603
Added Member To Class: ClassName=H1 Member=Component R5_H1 (R5) 0603
Added Member To Class: ClassName=H2 Member=Component R5_H2 (R5) 0603
Added Member To Class: ClassName=H4 Member=Component R5_H4 (R5) 0603
Added Member To Class: ClassName=H6 Member=Component R5_H6 (R5) 0603
Added Member To Class: ClassName=H8 Member=Component R5_H8 (R5) 0603
Added Member To Class: ClassName=H10 Member=Component R5_H10 (R5) 0603
Added Member To Class: ClassName=H3 Member=Component R6_H3 (R6) 0603
Added Member To Class: ClassName=H5 Member=Component R6_H5 (R6) 0603
Added Member To Class: ClassName=H7 Member=Component R6_H7 (R6) 0603
Added Member To Class: ClassName=H9 Member=Component R6_H9 (R6) 0603
